<?xml version="1.0" encoding="UTF-8"?>
<robot generator="Robot 7.0 (Python 3.11.0 on win32)" generated="2024-05-14T20:16:07.692534" rpa="false" schemaversion="5">
<suite id="s1" name="Checkout Visual User Test" source="C:\TailieuhctapPM\Kiem thu\Thuc hanh\GK\gk\Checkout test\visual user\checkout_visual_user_test.robot">
<test id="s1-t1" name="Verify checkout with empty cart with visual user" line="6">
<kw name="Open Browser to Login" owner="resources">
<kw name="Open Browser" owner="SeleniumLibrary">
<msg time="2024-05-14T20:16:07.871621" level="INFO">Opening browser 'Chrome' to base url 'https://www.saucedemo.com/'.</msg>
<arg>${URL}</arg>
<arg>${BROWSER}</arg>
<doc>Opens a new browser instance to the optional ``url``.</doc>
<status status="PASS" start="2024-05-14T20:16:07.871621" elapsed="5.940331"/>
</kw>
<kw name="Page Should Contain Element" owner="SeleniumLibrary">
<msg time="2024-05-14T20:16:13.819144" level="INFO">Current page contains element 'id=login-button'.</msg>
<arg>id=login-button</arg>
<doc>Verifies that element ``locator`` is found on the current page.</doc>
<status status="PASS" start="2024-05-14T20:16:13.811952" elapsed="0.008188"/>
</kw>
<status status="PASS" start="2024-05-14T20:16:07.871621" elapsed="5.948519"/>
</kw>
<kw name="Maximize Browser Window" owner="SeleniumLibrary">
<doc>Maximizes current browser window.</doc>
<status status="PASS" start="2024-05-14T20:16:13.820140" elapsed="0.021705"/>
</kw>
<kw name="Login with visual user" owner="resources">
<kw name="Input Text" owner="SeleniumLibrary">
<msg time="2024-05-14T20:16:13.842934" level="INFO">Typing text 'visual_user' into text field 'id=user-name'.</msg>
<arg>id=user-name</arg>
<arg>${VISUAL_USER}</arg>
<doc>Types the given ``text`` into the text field identified by ``locator``.</doc>
<status status="PASS" start="2024-05-14T20:16:13.842934" elapsed="0.072240"/>
</kw>
<kw name="Input Text" owner="SeleniumLibrary">
<msg time="2024-05-14T20:16:13.915174" level="INFO">Typing text 'secret_sauce' into text field 'id=password'.</msg>
<arg>id=password</arg>
<arg>${PASSWORD}</arg>
<doc>Types the given ``text`` into the text field identified by ``locator``.</doc>
<status status="PASS" start="2024-05-14T20:16:13.915174" elapsed="0.051049"/>
</kw>
<kw name="Click Button" owner="SeleniumLibrary">
<msg time="2024-05-14T20:16:13.966223" level="INFO">Clicking button 'css=.btn_action'.</msg>
<arg>css=.btn_action</arg>
<doc>Clicks the button identified by ``locator``.</doc>
<status status="PASS" start="2024-05-14T20:16:13.966223" elapsed="0.057775"/>
</kw>
<kw name="Sleep" owner="BuiltIn">
<msg time="2024-05-14T20:16:16.024359" level="INFO">Slept 2 seconds.</msg>
<arg>2</arg>
<doc>Pauses the test executed for the given time.</doc>
<status status="PASS" start="2024-05-14T20:16:14.023998" elapsed="2.000361"/>
</kw>
<kw name="Element Text Should Be" owner="SeleniumLibrary">
<msg time="2024-05-14T20:16:16.024359" level="INFO">Verifying element 'class:title' contains exact text 'Products'.</msg>
<arg>class:title</arg>
<arg>Products</arg>
<doc>Verifies that element ``locator`` contains exact the text ``expected``.</doc>
<status status="PASS" start="2024-05-14T20:16:16.024359" elapsed="0.015099"/>
</kw>
<status status="PASS" start="2024-05-14T20:16:13.841845" elapsed="2.197613"/>
</kw>
<kw name="Go to cart" owner="resources">
<kw name="Click Element" owner="SeleniumLibrary">
<msg time="2024-05-14T20:16:16.040455" level="INFO">Clicking element 'xpath://*[@id="shopping_cart_container"]/a'.</msg>
<arg>xpath://*[@id="shopping_cart_container"]/a</arg>
<doc>Click the element identified by ``locator``.</doc>
<status status="PASS" start="2024-05-14T20:16:16.040455" elapsed="0.028384"/>
</kw>
<kw name="Verify Cart page" owner="resources">
<kw name="Element Text Should Be" owner="SeleniumLibrary">
<msg time="2024-05-14T20:16:16.068839" level="INFO">Verifying element 'xpath://*[@id="header_container"]/div[2]/span' contains exact text 'Your Cart'.</msg>
<arg>xpath://*[@id="header_container"]/div[2]/span</arg>
<arg>Your Cart</arg>
<doc>Verifies that element ``locator`` contains exact the text ``expected``.</doc>
<status status="PASS" start="2024-05-14T20:16:16.068839" elapsed="0.012197"/>
</kw>
<kw name="Page Should Contain Element" owner="SeleniumLibrary">
<msg time="2024-05-14T20:16:16.087062" level="INFO">Current page contains element 'id:checkout'.</msg>
<arg>id:checkout</arg>
<doc>Verifies that element ``locator`` is found on the current page.</doc>
<status status="PASS" start="2024-05-14T20:16:16.081036" elapsed="0.006026"/>
</kw>
<kw name="Page Should Contain Element" owner="SeleniumLibrary">
<msg time="2024-05-14T20:16:16.092240" level="INFO">Current page contains element 'id:continue-shopping'.</msg>
<arg>id:continue-shopping</arg>
<doc>Verifies that element ``locator`` is found on the current page.</doc>
<status status="PASS" start="2024-05-14T20:16:16.087062" elapsed="0.005178"/>
</kw>
<kw name="Page Should Contain" owner="SeleniumLibrary">
<msg time="2024-05-14T20:16:16.099430" level="INFO">Current page contains text 'QTY'.</msg>
<arg>QTY</arg>
<doc>Verifies that current page contains ``text``.</doc>
<status status="PASS" start="2024-05-14T20:16:16.093237" elapsed="0.006193"/>
</kw>
<kw name="Page Should Contain" owner="SeleniumLibrary">
<msg time="2024-05-14T20:16:16.106414" level="INFO">Current page contains text 'Description'.</msg>
<arg>Description</arg>
<doc>Verifies that current page contains ``text``.</doc>
<status status="PASS" start="2024-05-14T20:16:16.099430" elapsed="0.006984"/>
</kw>
<status status="PASS" start="2024-05-14T20:16:16.068839" elapsed="0.037575"/>
</kw>
<status status="PASS" start="2024-05-14T20:16:16.040455" elapsed="0.065959"/>
</kw>
<kw name="Verify cart is empty" owner="resources">
<kw name="Verify Item not existing in cart" owner="resources">
<kw name="Page Should Not Contain" owner="SeleniumLibrary">
<msg time="2024-05-14T20:16:16.119371" level="INFO">Current page does not contain text 'Sauce Labs Backpack'.</msg>
<arg>${item_name}</arg>
<doc>Verifies the current page does not contain ``text``.</doc>
<status status="PASS" start="2024-05-14T20:16:16.107415" elapsed="0.011956"/>
</kw>
<kw name="Page Should Not Contain" owner="SeleniumLibrary">
<msg time="2024-05-14T20:16:16.128820" level="INFO">Current page does not contain text 'carry.allTheThings() with the sleek, streamlined Sly Pack that melds uncompromising style with unequaled laptop and tablet protection.'.</msg>
<arg>${item_desc}</arg>
<doc>Verifies the current page does not contain ``text``.</doc>
<status status="PASS" start="2024-05-14T20:16:16.119371" elapsed="0.009449"/>
</kw>
<arg>${ITEMS}[0]</arg>
<arg>${ITEM1_DESC}</arg>
<status status="PASS" start="2024-05-14T20:16:16.107415" elapsed="0.021405"/>
</kw>
<kw name="Verify Item not existing in cart" owner="resources">
<kw name="Page Should Not Contain" owner="SeleniumLibrary">
<msg time="2024-05-14T20:16:16.137790" level="INFO">Current page does not contain text 'Sauce Labs Bike Light'.</msg>
<arg>${item_name}</arg>
<doc>Verifies the current page does not contain ``text``.</doc>
<status status="PASS" start="2024-05-14T20:16:16.128820" elapsed="0.008970"/>
</kw>
<kw name="Page Should Not Contain" owner="SeleniumLibrary">
<msg time="2024-05-14T20:16:16.146900" level="INFO">Current page does not contain text 'A red light isn't the desired state in testing but it sure helps when riding your bike at night. Water-resistant with 3 lighting modes, 1 AAA battery included.'.</msg>
<arg>${item_desc}</arg>
<doc>Verifies the current page does not contain ``text``.</doc>
<status status="PASS" start="2024-05-14T20:16:16.137790" elapsed="0.009110"/>
</kw>
<arg>${ITEMS}[1]</arg>
<arg>${ITEM2_DESC}</arg>
<status status="PASS" start="2024-05-14T20:16:16.128820" elapsed="0.018080"/>
</kw>
<kw name="Verify Item not existing in cart" owner="resources">
<kw name="Page Should Not Contain" owner="SeleniumLibrary">
<msg time="2024-05-14T20:16:16.156558" level="INFO">Current page does not contain text 'Sauce Labs Bolt T-Shirt'.</msg>
<arg>${item_name}</arg>
<doc>Verifies the current page does not contain ``text``.</doc>
<status status="PASS" start="2024-05-14T20:16:16.146900" elapsed="0.009658"/>
</kw>
<kw name="Page Should Not Contain" owner="SeleniumLibrary">
<msg time="2024-05-14T20:16:16.165528" level="INFO">Current page does not contain text 'Get your testing superhero on with the Sauce Labs bolt T-shirt. From American Apparel, 100% ringspun combed cotton, heather gray with red bolt.'.</msg>
<arg>${item_desc}</arg>
<doc>Verifies the current page does not contain ``text``.</doc>
<status status="PASS" start="2024-05-14T20:16:16.156558" elapsed="0.008970"/>
</kw>
<arg>${ITEMS}[2]</arg>
<arg>${ITEM3_DESC}</arg>
<status status="PASS" start="2024-05-14T20:16:16.146900" elapsed="0.018628"/>
</kw>
<kw name="Verify Item not existing in cart" owner="resources">
<kw name="Page Should Not Contain" owner="SeleniumLibrary">
<msg time="2024-05-14T20:16:16.174531" level="INFO">Current page does not contain text 'Sauce Labs Fleece Jacket'.</msg>
<arg>${item_name}</arg>
<doc>Verifies the current page does not contain ``text``.</doc>
<status status="PASS" start="2024-05-14T20:16:16.165528" elapsed="0.009003"/>
</kw>
<kw name="Page Should Not Contain" owner="SeleniumLibrary">
<msg time="2024-05-14T20:16:16.182504" level="INFO">Current page does not contain text 'It's not every day that you come across a midweight quarter-zip fleece jacket capable of handling everything from a relaxing day outdoors to a busy day at the office.'.</msg>
<arg>${item_desc}</arg>
<doc>Verifies the current page does not contain ``text``.</doc>
<status status="PASS" start="2024-05-14T20:16:16.174531" elapsed="0.007973"/>
</kw>
<arg>${ITEMS}[3]</arg>
<arg>${ITEM4_DESC}</arg>
<status status="PASS" start="2024-05-14T20:16:16.165528" elapsed="0.017973"/>
</kw>
<kw name="Verify Item not existing in cart" owner="resources">
<kw name="Page Should Not Contain" owner="SeleniumLibrary">
<msg time="2024-05-14T20:16:16.192145" level="INFO">Current page does not contain text 'Sauce Labs Onesie'.</msg>
<arg>${item_name}</arg>
<doc>Verifies the current page does not contain ``text``.</doc>
<status status="PASS" start="2024-05-14T20:16:16.183501" elapsed="0.008644"/>
</kw>
<kw name="Page Should Not Contain" owner="SeleniumLibrary">
<msg time="2024-05-14T20:16:16.201115" level="INFO">Current page does not contain text 'Rib snap infant onesie for the junior automation engineer in development. Reinforced 3-snap bottom closure, two-needle hemmed sleeved and bottom won't unravel.'.</msg>
<arg>${item_desc}</arg>
<doc>Verifies the current page does not contain ``text``.</doc>
<status status="PASS" start="2024-05-14T20:16:16.193141" elapsed="0.007974"/>
</kw>
<arg>${ITEMS}[4]</arg>
<arg>${ITEM5_DESC}</arg>
<status status="PASS" start="2024-05-14T20:16:16.183501" elapsed="0.017614"/>
</kw>
<kw name="Verify Item not existing in cart" owner="resources">
<kw name="Page Should Not Contain" owner="SeleniumLibrary">
<msg time="2024-05-14T20:16:16.211081" level="INFO">Current page does not contain text 'Test.allTheThings() T-Shirt (Red)'.</msg>
<arg>${item_name}</arg>
<doc>Verifies the current page does not contain ``text``.</doc>
<status status="PASS" start="2024-05-14T20:16:16.202116" elapsed="0.008965"/>
</kw>
<kw name="Page Should Not Contain" owner="SeleniumLibrary">
<msg time="2024-05-14T20:16:16.219055" level="INFO">Current page does not contain text 'This classic Sauce Labs t-shirt is perfect to wear when cozying up to your keyboard to automate a few tests. Super-soft and comfy ringspun combed cotton.'.</msg>
<arg>${item_desc}</arg>
<doc>Verifies the current page does not contain ``text``.</doc>
<status status="PASS" start="2024-05-14T20:16:16.211081" elapsed="0.007974"/>
</kw>
<arg>${ITEMS}[5]</arg>
<arg>${ITEM6_DESC}</arg>
<status status="PASS" start="2024-05-14T20:16:16.202116" elapsed="0.016939"/>
</kw>
<kw name="Element Should Not Be Visible" owner="SeleniumLibrary">
<msg time="2024-05-14T20:16:16.225034" level="INFO">Element 'xpath://*[@id="shopping_cart_container"]/a/span' did not exist.</msg>
<arg>xpath://*[@id="shopping_cart_container"]/a/span</arg>
<doc>Verifies that the element identified by ``locator`` is NOT visible.</doc>
<status status="PASS" start="2024-05-14T20:16:16.220051" elapsed="0.004983"/>
</kw>
<status status="PASS" start="2024-05-14T20:16:16.107415" elapsed="0.117619"/>
</kw>
<kw name="Go to checkout page" owner="resources">
<kw name="Click Button" owner="SeleniumLibrary">
<msg time="2024-05-14T20:16:16.225034" level="INFO">Clicking button 'id=checkout'.</msg>
<arg>id=checkout</arg>
<doc>Clicks the button identified by ``locator``.</doc>
<status status="PASS" start="2024-05-14T20:16:16.225034" elapsed="0.030560"/>
</kw>
<status status="PASS" start="2024-05-14T20:16:16.225034" elapsed="0.030560"/>
</kw>
<kw name="Verify Checkout Page" owner="resources">
<kw name="Element Text Should Be" owner="SeleniumLibrary">
<msg time="2024-05-14T20:16:16.256596" level="INFO">Verifying element 'class=title' contains exact text 'Checkout: Your Information'.</msg>
<arg>class=title</arg>
<arg>Checkout: Your Information</arg>
<doc>Verifies that element ``locator`` contains exact the text ``expected``.</doc>
<status status="PASS" start="2024-05-14T20:16:16.256596" elapsed="0.008964"/>
</kw>
<kw name="Page Should Contain Element" owner="SeleniumLibrary">
<msg time="2024-05-14T20:16:16.272543" level="INFO">Current page contains element 'id:first-name'.</msg>
<arg>id:first-name</arg>
<doc>Verifies that element ``locator`` is found on the current page.</doc>
<status status="PASS" start="2024-05-14T20:16:16.265560" elapsed="0.006983"/>
</kw>
<kw name="Page Should Contain Element" owner="SeleniumLibrary">
<msg time="2024-05-14T20:16:16.279093" level="INFO">Current page contains element 'id:last-name'.</msg>
<arg>id:last-name</arg>
<doc>Verifies that element ``locator`` is found on the current page.</doc>
<status status="PASS" start="2024-05-14T20:16:16.272543" elapsed="0.006550"/>
</kw>
<kw name="Page Should Contain Element" owner="SeleniumLibrary">
<msg time="2024-05-14T20:16:16.285096" level="INFO">Current page contains element 'id:postal-code'.</msg>
<arg>id:postal-code</arg>
<doc>Verifies that element ``locator`` is found on the current page.</doc>
<status status="PASS" start="2024-05-14T20:16:16.279093" elapsed="0.006003"/>
</kw>
<kw name="Element Attribute Value Should Be" owner="SeleniumLibrary">
<msg time="2024-05-14T20:16:16.293073" level="INFO">Element 'id:first-name' attribute 'placeholder' contains value 'First Name'.</msg>
<arg>id:first-name</arg>
<arg>placeholder</arg>
<arg>First Name</arg>
<doc>Verifies element identified by ``locator`` contains expected attribute value.</doc>
<status status="PASS" start="2024-05-14T20:16:16.285096" elapsed="0.007977"/>
</kw>
<kw name="Element Attribute Value Should Be" owner="SeleniumLibrary">
<msg time="2024-05-14T20:16:16.299053" level="INFO">Element 'id:last-name' attribute 'placeholder' contains value 'Last Name'.</msg>
<arg>id:last-name</arg>
<arg>placeholder</arg>
<arg>Last Name</arg>
<doc>Verifies element identified by ``locator`` contains expected attribute value.</doc>
<status status="PASS" start="2024-05-14T20:16:16.293073" elapsed="0.005980"/>
</kw>
<kw name="Element Attribute Value Should Be" owner="SeleniumLibrary">
<msg time="2024-05-14T20:16:16.305029" level="INFO">Element 'id:postal-code' attribute 'placeholder' contains value 'Zip/Postal Code'.</msg>
<arg>id:postal-code</arg>
<arg>placeholder</arg>
<arg>Zip/Postal Code</arg>
<doc>Verifies element identified by ``locator`` contains expected attribute value.</doc>
<status status="PASS" start="2024-05-14T20:16:16.299053" elapsed="0.005976"/>
</kw>
<kw name="Page Should Contain Element" owner="SeleniumLibrary">
<msg time="2024-05-14T20:16:16.310017" level="INFO">Current page contains element 'id:continue'.</msg>
<arg>id:continue</arg>
<doc>Verifies that element ``locator`` is found on the current page.</doc>
<status status="PASS" start="2024-05-14T20:16:16.305029" elapsed="0.004988"/>
</kw>
<kw name="Page Should Contain Element" owner="SeleniumLibrary">
<msg time="2024-05-14T20:16:16.315992" level="INFO">Current page contains element 'id:cancel'.</msg>
<arg>id:cancel</arg>
<doc>Verifies that element ``locator`` is found on the current page.</doc>
<status status="PASS" start="2024-05-14T20:16:16.311014" elapsed="0.004978"/>
</kw>
<status status="PASS" start="2024-05-14T20:16:16.255594" elapsed="0.060398"/>
</kw>
<kw name="Fill in info for Checkout" owner="resources">
<kw name="Input Text" owner="SeleniumLibrary">
<msg time="2024-05-14T20:16:16.316993" level="INFO">Typing text 'John' into text field 'id=first-name'.</msg>
<arg>id=first-name</arg>
<arg>${first_name}</arg>
<doc>Types the given ``text`` into the text field identified by ``locator``.</doc>
<status status="PASS" start="2024-05-14T20:16:16.316993" elapsed="0.042495"/>
</kw>
<kw name="Input Text" owner="SeleniumLibrary">
<msg time="2024-05-14T20:16:16.359488" level="INFO">Typing text 'Doe' into text field 'id=last-name'.</msg>
<arg>id=last-name</arg>
<arg>${last_name}</arg>
<doc>Types the given ``text`` into the text field identified by ``locator``.</doc>
<status status="PASS" start="2024-05-14T20:16:16.359488" elapsed="0.043651"/>
</kw>
<kw name="Input Text" owner="SeleniumLibrary">
<msg time="2024-05-14T20:16:16.403139" level="INFO">Typing text '707' into text field 'id=postal-code'.</msg>
<arg>id=postal-code</arg>
<arg>${postal_code}</arg>
<doc>Types the given ``text`` into the text field identified by ``locator``.</doc>
<status status="PASS" start="2024-05-14T20:16:16.403139" elapsed="0.037857"/>
</kw>
<arg>John</arg>
<arg>Doe</arg>
<arg>707</arg>
<status status="PASS" start="2024-05-14T20:16:16.315992" elapsed="0.125004"/>
</kw>
<kw name="Go continue" owner="resources">
<kw name="Click Button" owner="SeleniumLibrary">
<msg time="2024-05-14T20:16:16.441997" level="INFO">Clicking button 'id=continue'.</msg>
<arg>id=continue</arg>
<doc>Clicks the button identified by ``locator``.</doc>
<status status="PASS" start="2024-05-14T20:16:16.441997" elapsed="0.032264"/>
</kw>
<status status="PASS" start="2024-05-14T20:16:16.441997" elapsed="0.032264"/>
</kw>
<kw name="Verify Checkout overview" owner="resources">
<kw name="Element Text Should Be" owner="SeleniumLibrary">
<msg time="2024-05-14T20:16:16.475513" level="INFO">Verifying element 'class=title' contains exact text 'Checkout: Overview'.</msg>
<arg>class=title</arg>
<arg>Checkout: Overview</arg>
<doc>Verifies that element ``locator`` contains exact the text ``expected``.</doc>
<status status="PASS" start="2024-05-14T20:16:16.475513" elapsed="0.008290"/>
</kw>
<kw name="Element Text Should Be" owner="SeleniumLibrary">
<msg time="2024-05-14T20:16:16.484807" level="INFO">Verifying element 'xpath://*[@id="checkout_summary_container"]/div/div[2]/div[1]' contains exact text 'Payment Information:'.</msg>
<arg>xpath://*[@id="checkout_summary_container"]/div/div[2]/div[1]</arg>
<arg>Payment Information:</arg>
<doc>Verifies that element ``locator`` contains exact the text ``expected``.</doc>
<status status="PASS" start="2024-05-14T20:16:16.483803" elapsed="0.009973"/>
</kw>
<kw name="Element Text Should Be" owner="SeleniumLibrary">
<msg time="2024-05-14T20:16:16.494773" level="INFO">Verifying element 'xpath://*[@id="checkout_summary_container"]/div/div[2]/div[2]' contains exact text 'SauceCard #31337'.</msg>
<arg>xpath://*[@id="checkout_summary_container"]/div/div[2]/div[2]</arg>
<arg>SauceCard #31337</arg>
<doc>Verifies that element ``locator`` contains exact the text ``expected``.</doc>
<status status="PASS" start="2024-05-14T20:16:16.493776" elapsed="0.009215"/>
</kw>
<kw name="Element Text Should Be" owner="SeleniumLibrary">
<msg time="2024-05-14T20:16:16.502991" level="INFO">Verifying element 'xpath://*[@id="checkout_summary_container"]/div/div[2]/div[3]' contains exact text 'Shipping Information:'.</msg>
<arg>xpath://*[@id="checkout_summary_container"]/div/div[2]/div[3]</arg>
<arg>Shipping Information:</arg>
<doc>Verifies that element ``locator`` contains exact the text ``expected``.</doc>
<status status="PASS" start="2024-05-14T20:16:16.502991" elapsed="0.008969"/>
</kw>
<kw name="Element Text Should Be" owner="SeleniumLibrary">
<msg time="2024-05-14T20:16:16.511960" level="INFO">Verifying element 'xpath://*[@id="checkout_summary_container"]/div/div[2]/div[4]' contains exact text 'Free Pony Express Delivery!'.</msg>
<arg>xpath://*[@id="checkout_summary_container"]/div/div[2]/div[4]</arg>
<arg>Free Pony Express Delivery!</arg>
<doc>Verifies that element ``locator`` contains exact the text ``expected``.</doc>
<status status="PASS" start="2024-05-14T20:16:16.511960" elapsed="0.008971"/>
</kw>
<kw name="Element Text Should Be" owner="SeleniumLibrary">
<msg time="2024-05-14T20:16:16.520931" level="INFO">Verifying element 'xpath://*[@id="checkout_summary_container"]/div/div[2]/div[5]' contains exact text 'Price Total'.</msg>
<arg>xpath://*[@id="checkout_summary_container"]/div/div[2]/div[5]</arg>
<arg>Price Total</arg>
<doc>Verifies that element ``locator`` contains exact the text ``expected``.</doc>
<status status="PASS" start="2024-05-14T20:16:16.520931" elapsed="0.009196"/>
</kw>
<kw name="Element Text Should Be" owner="SeleniumLibrary">
<msg time="2024-05-14T20:16:16.530127" level="INFO">Verifying element 'xpath://*[@id="checkout_summary_container"]/div/div[2]/div[6]' contains exact text 'Item total: $0'.</msg>
<arg>xpath://*[@id="checkout_summary_container"]/div/div[2]/div[6]</arg>
<arg>Item total: ${item_total}</arg>
<doc>Verifies that element ``locator`` contains exact the text ``expected``.</doc>
<status status="PASS" start="2024-05-14T20:16:16.530127" elapsed="0.008998"/>
</kw>
<kw name="Element Text Should Be" owner="SeleniumLibrary">
<msg time="2024-05-14T20:16:16.539125" level="INFO">Verifying element 'xpath://*[@id="checkout_summary_container"]/div/div[2]/div[7]' contains exact text 'Tax: $0.00'.</msg>
<arg>xpath://*[@id="checkout_summary_container"]/div/div[2]/div[7]</arg>
<arg>Tax: ${tax}</arg>
<doc>Verifies that element ``locator`` contains exact the text ``expected``.</doc>
<status status="PASS" start="2024-05-14T20:16:16.539125" elapsed="0.009102"/>
</kw>
<kw name="Element Text Should Be" owner="SeleniumLibrary">
<msg time="2024-05-14T20:16:16.548227" level="INFO">Verifying element 'xpath://*[@id="checkout_summary_container"]/div/div[2]/div[8]' contains exact text 'Total: $0.00'.</msg>
<arg>xpath://*[@id="checkout_summary_container"]/div/div[2]/div[8]</arg>
<arg>Total: ${total}</arg>
<doc>Verifies that element ``locator`` contains exact the text ``expected``.</doc>
<status status="PASS" start="2024-05-14T20:16:16.548227" elapsed="0.008970"/>
</kw>
<kw name="Page Should Contain Element" owner="SeleniumLibrary">
<msg time="2024-05-14T20:16:16.560187" level="INFO">Current page contains element 'id:cancel'.</msg>
<arg>id:cancel</arg>
<doc>Verifies that element ``locator`` is found on the current page.</doc>
<status status="PASS" start="2024-05-14T20:16:16.557197" elapsed="0.002990"/>
</kw>
<kw name="Page Should Contain Element" owner="SeleniumLibrary">
<msg time="2024-05-14T20:16:16.566166" level="INFO">Current page contains element 'id:finish'.</msg>
<arg>id:finish</arg>
<doc>Verifies that element ``locator`` is found on the current page.</doc>
<status status="PASS" start="2024-05-14T20:16:16.560187" elapsed="0.005979"/>
</kw>
<arg>$0</arg>
<arg>$0.00</arg>
<arg>$0.00</arg>
<status status="PASS" start="2024-05-14T20:16:16.475513" elapsed="0.090653"/>
</kw>
<kw name="Go finish" owner="resources">
<kw name="Click Button" owner="SeleniumLibrary">
<msg time="2024-05-14T20:16:16.566166" level="INFO">Clicking button 'id=finish'.</msg>
<arg>id=finish</arg>
<doc>Clicks the button identified by ``locator``.</doc>
<status status="PASS" start="2024-05-14T20:16:16.566166" elapsed="0.029998"/>
</kw>
<kw name="Page Should Contain" owner="SeleniumLibrary">
<msg time="2024-05-14T20:16:16.604138" level="INFO">Current page contains text 'Checkout: Complete!'.</msg>
<arg>Checkout: Complete!</arg>
<doc>Verifies that current page contains ``text``.</doc>
<status status="PASS" start="2024-05-14T20:16:16.597161" elapsed="0.007979"/>
</kw>
<kw name="Element Text Should Be" owner="SeleniumLibrary">
<msg time="2024-05-14T20:16:16.605140" level="INFO">Verifying element 'class=complete-header' contains exact text 'Thank you for your order!'.</msg>
<arg>class=complete-header</arg>
<arg>Thank you for your order!</arg>
<doc>Verifies that element ``locator`` contains exact the text ``expected``.</doc>
<status status="PASS" start="2024-05-14T20:16:16.605140" elapsed="0.009965"/>
</kw>
<kw name="Element Text Should Be" owner="SeleniumLibrary">
<msg time="2024-05-14T20:16:16.616102" level="INFO">Verifying element 'class=complete-text' contains exact text 'Your order has been dispatched, and will arrive just as fast as the pony can get there!'.</msg>
<arg>class=complete-text</arg>
<arg>Your order has been dispatched, and will arrive just as fast as the pony can get there!</arg>
<doc>Verifies that element ``locator`` contains exact the text ``expected``.</doc>
<status status="PASS" start="2024-05-14T20:16:16.616102" elapsed="0.008966"/>
</kw>
<kw name="Page Should Contain Element" owner="SeleniumLibrary">
<msg time="2024-05-14T20:16:16.631048" level="INFO">Current page contains element 'xpath://*[@id="checkout_complete_container"]/img'.</msg>
<arg>xpath://*[@id="checkout_complete_container"]/img</arg>
<doc>Verifies that element ``locator`` is found on the current page.</doc>
<status status="PASS" start="2024-05-14T20:16:16.625068" elapsed="0.005980"/>
</kw>
<kw name="Element Text Should Be" owner="SeleniumLibrary">
<msg time="2024-05-14T20:16:16.631048" level="INFO">Verifying element 'id:back-to-products' contains exact text 'Back Home'.</msg>
<arg>id:back-to-products</arg>
<arg>Back Home</arg>
<doc>Verifies that element ``locator`` contains exact the text ``expected``.</doc>
<status status="PASS" start="2024-05-14T20:16:16.631048" elapsed="0.008974"/>
</kw>
<status status="PASS" start="2024-05-14T20:16:16.566166" elapsed="0.073856"/>
</kw>
<kw name="Close Browser" owner="SeleniumLibrary">
<doc>Closes the current browser.</doc>
<status status="PASS" start="2024-05-14T20:16:16.640022" elapsed="2.087073"/>
</kw>
<kw name="Fail" owner="BuiltIn">
<msg time="2024-05-14T20:16:18.728168" level="FAIL">With empty cart Checkout function must be not available.</msg>
<arg>With empty cart Checkout function must be not available.</arg>
<doc>Fails the test with the given message and optionally alters its tags.</doc>
<status status="FAIL" start="2024-05-14T20:16:18.727095" elapsed="0.001073">With empty cart Checkout function must be not available.</status>
</kw>
<status status="FAIL" start="2024-05-14T20:16:07.870628" elapsed="10.857540">With empty cart Checkout function must be not available.</status>
</test>
<test id="s1-t2" name="Fill postal-code contain letter with visual user" line="24">
<kw name="Open Browser to Login" owner="resources">
<kw name="Open Browser" owner="SeleniumLibrary">
<msg time="2024-05-14T20:16:18.729200" level="INFO">Opening browser 'Chrome' to base url 'https://www.saucedemo.com/'.</msg>
<arg>${URL}</arg>
<arg>${BROWSER}</arg>
<doc>Opens a new browser instance to the optional ``url``.</doc>
<status status="PASS" start="2024-05-14T20:16:18.729200" elapsed="5.702286"/>
</kw>
<kw name="Page Should Contain Element" owner="SeleniumLibrary">
<msg time="2024-05-14T20:16:24.439098" level="INFO">Current page contains element 'id=login-button'.</msg>
<arg>id=login-button</arg>
<doc>Verifies that element ``locator`` is found on the current page.</doc>
<status status="PASS" start="2024-05-14T20:16:24.431486" elapsed="0.007612"/>
</kw>
<status status="PASS" start="2024-05-14T20:16:18.729200" elapsed="5.709898"/>
</kw>
<kw name="Maximize Browser Window" owner="SeleniumLibrary">
<doc>Maximizes current browser window.</doc>
<status status="PASS" start="2024-05-14T20:16:24.439098" elapsed="0.026062"/>
</kw>
<kw name="Login with visual user" owner="resources">
<kw name="Input Text" owner="SeleniumLibrary">
<msg time="2024-05-14T20:16:24.466156" level="INFO">Typing text 'visual_user' into text field 'id=user-name'.</msg>
<arg>id=user-name</arg>
<arg>${VISUAL_USER}</arg>
<doc>Types the given ``text`` into the text field identified by ``locator``.</doc>
<status status="PASS" start="2024-05-14T20:16:24.466156" elapsed="0.069397"/>
</kw>
<kw name="Input Text" owner="SeleniumLibrary">
<msg time="2024-05-14T20:16:24.536548" level="INFO">Typing text 'secret_sauce' into text field 'id=password'.</msg>
<arg>id=password</arg>
<arg>${PASSWORD}</arg>
<doc>Types the given ``text`` into the text field identified by ``locator``.</doc>
<status status="PASS" start="2024-05-14T20:16:24.535553" elapsed="0.051035"/>
</kw>
<kw name="Click Button" owner="SeleniumLibrary">
<msg time="2024-05-14T20:16:24.586588" level="INFO">Clicking button 'css=.btn_action'.</msg>
<arg>css=.btn_action</arg>
<doc>Clicks the button identified by ``locator``.</doc>
<status status="PASS" start="2024-05-14T20:16:24.586588" elapsed="0.058520"/>
</kw>
<kw name="Sleep" owner="BuiltIn">
<msg time="2024-05-14T20:16:26.645221" level="INFO">Slept 2 seconds.</msg>
<arg>2</arg>
<doc>Pauses the test executed for the given time.</doc>
<status status="PASS" start="2024-05-14T20:16:24.645108" elapsed="2.000113"/>
</kw>
<kw name="Element Text Should Be" owner="SeleniumLibrary">
<msg time="2024-05-14T20:16:26.645221" level="INFO">Verifying element 'class:title' contains exact text 'Products'.</msg>
<arg>class:title</arg>
<arg>Products</arg>
<doc>Verifies that element ``locator`` contains exact the text ``expected``.</doc>
<status status="PASS" start="2024-05-14T20:16:26.645221" elapsed="0.016180"/>
</kw>
<status status="PASS" start="2024-05-14T20:16:24.466156" elapsed="2.195245"/>
</kw>
<kw name="Buy Sauce Labs Backpack" owner="resources">
<kw name="Click Button" owner="SeleniumLibrary">
<msg time="2024-05-14T20:16:26.662397" level="INFO">Clicking button 'id:add-to-cart-sauce-labs-backpack'.</msg>
<arg>id:add-to-cart-sauce-labs-backpack</arg>
<doc>Clicks the button identified by ``locator``.</doc>
<status status="PASS" start="2024-05-14T20:16:26.662397" elapsed="0.028279"/>
</kw>
<kw name="Wait Until Element Is Visible" owner="SeleniumLibrary">
<arg>id:remove-sauce-labs-backpack</arg>
<doc>Waits until the element ``locator`` is visible.</doc>
<status status="PASS" start="2024-05-14T20:16:26.690676" elapsed="0.011961"/>
</kw>
<kw name="Element Should Not Be Visible" owner="SeleniumLibrary">
<msg time="2024-05-14T20:16:26.706200" level="INFO">Element 'id:add-to-cart-sauce-labs-backpack' did not exist.</msg>
<arg>id:add-to-cart-sauce-labs-backpack</arg>
<doc>Verifies that the element identified by ``locator`` is NOT visible.</doc>
<status status="PASS" start="2024-05-14T20:16:26.702637" elapsed="0.003563"/>
</kw>
<kw name="Element Text Should Be" owner="SeleniumLibrary">
<msg time="2024-05-14T20:16:26.706698" level="INFO">Verifying element 'id:remove-sauce-labs-backpack' contains exact text 'Remove'.</msg>
<arg>id:remove-sauce-labs-backpack</arg>
<arg>Remove</arg>
<doc>Verifies that element ``locator`` contains exact the text ``expected``.</doc>
<status status="PASS" start="2024-05-14T20:16:26.706698" elapsed="0.007667"/>
</kw>
<status status="PASS" start="2024-05-14T20:16:26.662397" elapsed="0.051968"/>
</kw>
<kw name="Go to cart" owner="resources">
<kw name="Click Element" owner="SeleniumLibrary">
<msg time="2024-05-14T20:16:26.715367" level="INFO">Clicking element 'xpath://*[@id="shopping_cart_container"]/a'.</msg>
<arg>xpath://*[@id="shopping_cart_container"]/a</arg>
<doc>Click the element identified by ``locator``.</doc>
<status status="PASS" start="2024-05-14T20:16:26.715367" elapsed="0.027902"/>
</kw>
<kw name="Verify Cart page" owner="resources">
<kw name="Element Text Should Be" owner="SeleniumLibrary">
<msg time="2024-05-14T20:16:26.744655" level="INFO">Verifying element 'xpath://*[@id="header_container"]/div[2]/span' contains exact text 'Your Cart'.</msg>
<arg>xpath://*[@id="header_container"]/div[2]/span</arg>
<arg>Your Cart</arg>
<doc>Verifies that element ``locator`` contains exact the text ``expected``.</doc>
<status status="PASS" start="2024-05-14T20:16:26.744266" elapsed="0.012421"/>
</kw>
<kw name="Page Should Contain Element" owner="SeleniumLibrary">
<msg time="2024-05-14T20:16:26.763667" level="INFO">Current page contains element 'id:checkout'.</msg>
<arg>id:checkout</arg>
<doc>Verifies that element ``locator`` is found on the current page.</doc>
<status status="PASS" start="2024-05-14T20:16:26.756687" elapsed="0.006980"/>
</kw>
<kw name="Page Should Contain Element" owner="SeleniumLibrary">
<msg time="2024-05-14T20:16:26.769856" level="INFO">Current page contains element 'id:continue-shopping'.</msg>
<arg>id:continue-shopping</arg>
<doc>Verifies that element ``locator`` is found on the current page.</doc>
<status status="PASS" start="2024-05-14T20:16:26.763667" elapsed="0.006189"/>
</kw>
<kw name="Page Should Contain" owner="SeleniumLibrary">
<msg time="2024-05-14T20:16:26.775923" level="INFO">Current page contains text 'QTY'.</msg>
<arg>QTY</arg>
<doc>Verifies that current page contains ``text``.</doc>
<status status="PASS" start="2024-05-14T20:16:26.769856" elapsed="0.006067"/>
</kw>
<kw name="Page Should Contain" owner="SeleniumLibrary">
<msg time="2024-05-14T20:16:26.782899" level="INFO">Current page contains text 'Description'.</msg>
<arg>Description</arg>
<doc>Verifies that current page contains ``text``.</doc>
<status status="PASS" start="2024-05-14T20:16:26.776919" elapsed="0.005980"/>
</kw>
<status status="PASS" start="2024-05-14T20:16:26.743269" elapsed="0.039630"/>
</kw>
<status status="PASS" start="2024-05-14T20:16:26.714365" elapsed="0.068534"/>
</kw>
<kw name="Go to checkout page" owner="resources">
<kw name="Click Button" owner="SeleniumLibrary">
<msg time="2024-05-14T20:16:26.783896" level="INFO">Clicking button 'id=checkout'.</msg>
<arg>id=checkout</arg>
<doc>Clicks the button identified by ``locator``.</doc>
<status status="PASS" start="2024-05-14T20:16:26.782899" elapsed="0.031070"/>
</kw>
<status status="PASS" start="2024-05-14T20:16:26.782899" elapsed="0.031070"/>
</kw>
<kw name="Verify Checkout Page" owner="resources">
<kw name="Element Text Should Be" owner="SeleniumLibrary">
<msg time="2024-05-14T20:16:26.813969" level="INFO">Verifying element 'class=title' contains exact text 'Checkout: Your Information'.</msg>
<arg>class=title</arg>
<arg>Checkout: Your Information</arg>
<doc>Verifies that element ``locator`` contains exact the text ``expected``.</doc>
<status status="PASS" start="2024-05-14T20:16:26.813969" elapsed="0.008969"/>
</kw>
<kw name="Page Should Contain Element" owner="SeleniumLibrary">
<msg time="2024-05-14T20:16:26.828919" level="INFO">Current page contains element 'id:first-name'.</msg>
<arg>id:first-name</arg>
<doc>Verifies that element ``locator`` is found on the current page.</doc>
<status status="PASS" start="2024-05-14T20:16:26.822938" elapsed="0.005981"/>
</kw>
<kw name="Page Should Contain Element" owner="SeleniumLibrary">
<msg time="2024-05-14T20:16:26.834899" level="INFO">Current page contains element 'id:last-name'.</msg>
<arg>id:last-name</arg>
<doc>Verifies that element ``locator`` is found on the current page.</doc>
<status status="PASS" start="2024-05-14T20:16:26.828919" elapsed="0.005980"/>
</kw>
<kw name="Page Should Contain Element" owner="SeleniumLibrary">
<msg time="2024-05-14T20:16:26.839886" level="INFO">Current page contains element 'id:postal-code'.</msg>
<arg>id:postal-code</arg>
<doc>Verifies that element ``locator`` is found on the current page.</doc>
<status status="PASS" start="2024-05-14T20:16:26.834899" elapsed="0.004987"/>
</kw>
<kw name="Element Attribute Value Should Be" owner="SeleniumLibrary">
<msg time="2024-05-14T20:16:26.847100" level="INFO">Element 'id:first-name' attribute 'placeholder' contains value 'First Name'.</msg>
<arg>id:first-name</arg>
<arg>placeholder</arg>
<arg>First Name</arg>
<doc>Verifies element identified by ``locator`` contains expected attribute value.</doc>
<status status="PASS" start="2024-05-14T20:16:26.839886" elapsed="0.007214"/>
</kw>
<kw name="Element Attribute Value Should Be" owner="SeleniumLibrary">
<msg time="2024-05-14T20:16:26.853166" level="INFO">Element 'id:last-name' attribute 'placeholder' contains value 'Last Name'.</msg>
<arg>id:last-name</arg>
<arg>placeholder</arg>
<arg>Last Name</arg>
<doc>Verifies element identified by ``locator`` contains expected attribute value.</doc>
<status status="PASS" start="2024-05-14T20:16:26.847100" elapsed="0.006066"/>
</kw>
<kw name="Element Attribute Value Should Be" owner="SeleniumLibrary">
<msg time="2024-05-14T20:16:26.858164" level="INFO">Element 'id:postal-code' attribute 'placeholder' contains value 'Zip/Postal Code'.</msg>
<arg>id:postal-code</arg>
<arg>placeholder</arg>
<arg>Zip/Postal Code</arg>
<doc>Verifies element identified by ``locator`` contains expected attribute value.</doc>
<status status="PASS" start="2024-05-14T20:16:26.853166" elapsed="0.004998"/>
</kw>
<kw name="Page Should Contain Element" owner="SeleniumLibrary">
<msg time="2024-05-14T20:16:26.864145" level="INFO">Current page contains element 'id:continue'.</msg>
<arg>id:continue</arg>
<doc>Verifies that element ``locator`` is found on the current page.</doc>
<status status="PASS" start="2024-05-14T20:16:26.858164" elapsed="0.005981"/>
</kw>
<kw name="Page Should Contain Element" owner="SeleniumLibrary">
<msg time="2024-05-14T20:16:26.869263" level="INFO">Current page contains element 'id:cancel'.</msg>
<arg>id:cancel</arg>
<doc>Verifies that element ``locator`` is found on the current page.</doc>
<status status="PASS" start="2024-05-14T20:16:26.864145" elapsed="0.005118"/>
</kw>
<status status="PASS" start="2024-05-14T20:16:26.813969" elapsed="0.055294"/>
</kw>
<kw name="Fill in info for Checkout" owner="resources">
<kw name="Input Text" owner="SeleniumLibrary">
<msg time="2024-05-14T20:16:26.869263" level="INFO">Typing text 'John' into text field 'id=first-name'.</msg>
<arg>id=first-name</arg>
<arg>${first_name}</arg>
<doc>Types the given ``text`` into the text field identified by ``locator``.</doc>
<status status="PASS" start="2024-05-14T20:16:26.869263" elapsed="0.041598"/>
</kw>
<kw name="Input Text" owner="SeleniumLibrary">
<msg time="2024-05-14T20:16:26.910861" level="INFO">Typing text 'Doe' into text field 'id=last-name'.</msg>
<arg>id=last-name</arg>
<arg>${last_name}</arg>
<doc>Types the given ``text`` into the text field identified by ``locator``.</doc>
<status status="PASS" start="2024-05-14T20:16:26.910861" elapsed="0.043672"/>
</kw>
<kw name="Input Text" owner="SeleniumLibrary">
<msg time="2024-05-14T20:16:26.954533" level="INFO">Typing text 'abcdd' into text field 'id=postal-code'.</msg>
<arg>id=postal-code</arg>
<arg>${postal_code}</arg>
<doc>Types the given ``text`` into the text field identified by ``locator``.</doc>
<status status="PASS" start="2024-05-14T20:16:26.954533" elapsed="0.041378"/>
</kw>
<arg>John</arg>
<arg>Doe</arg>
<arg>abcdd</arg>
<status status="PASS" start="2024-05-14T20:16:26.869263" elapsed="0.126648"/>
</kw>
<kw name="Go continue" owner="resources">
<kw name="Click Button" owner="SeleniumLibrary">
<msg time="2024-05-14T20:16:26.996914" level="INFO">Clicking button 'id=continue'.</msg>
<arg>id=continue</arg>
<doc>Clicks the button identified by ``locator``.</doc>
<status status="PASS" start="2024-05-14T20:16:26.995911" elapsed="0.032320"/>
</kw>
<status status="PASS" start="2024-05-14T20:16:26.995911" elapsed="0.032320"/>
</kw>
<kw name="Verify Checkout overview" owner="resources">
<kw name="Element Text Should Be" owner="SeleniumLibrary">
<msg time="2024-05-14T20:16:27.029278" level="INFO">Verifying element 'class=title' contains exact text 'Checkout: Overview'.</msg>
<arg>class=title</arg>
<arg>Checkout: Overview</arg>
<doc>Verifies that element ``locator`` contains exact the text ``expected``.</doc>
<status status="PASS" start="2024-05-14T20:16:27.029278" elapsed="0.010184"/>
</kw>
<kw name="Element Text Should Be" owner="SeleniumLibrary">
<msg time="2024-05-14T20:16:27.040487" level="INFO">Verifying element 'xpath://*[@id="checkout_summary_container"]/div/div[2]/div[1]' contains exact text 'Payment Information:'.</msg>
<arg>xpath://*[@id="checkout_summary_container"]/div/div[2]/div[1]</arg>
<arg>Payment Information:</arg>
<doc>Verifies that element ``locator`` contains exact the text ``expected``.</doc>
<status status="PASS" start="2024-05-14T20:16:27.039462" elapsed="0.012262"/>
</kw>
<kw name="Element Text Should Be" owner="SeleniumLibrary">
<msg time="2024-05-14T20:16:27.051724" level="INFO">Verifying element 'xpath://*[@id="checkout_summary_container"]/div/div[2]/div[2]' contains exact text 'SauceCard #31337'.</msg>
<arg>xpath://*[@id="checkout_summary_container"]/div/div[2]/div[2]</arg>
<arg>SauceCard #31337</arg>
<doc>Verifies that element ``locator`` contains exact the text ``expected``.</doc>
<status status="PASS" start="2024-05-14T20:16:27.051724" elapsed="0.008970"/>
</kw>
<kw name="Element Text Should Be" owner="SeleniumLibrary">
<msg time="2024-05-14T20:16:27.060694" level="INFO">Verifying element 'xpath://*[@id="checkout_summary_container"]/div/div[2]/div[3]' contains exact text 'Shipping Information:'.</msg>
<arg>xpath://*[@id="checkout_summary_container"]/div/div[2]/div[3]</arg>
<arg>Shipping Information:</arg>
<doc>Verifies that element ``locator`` contains exact the text ``expected``.</doc>
<status status="PASS" start="2024-05-14T20:16:27.060694" elapsed="0.008970"/>
</kw>
<kw name="Element Text Should Be" owner="SeleniumLibrary">
<msg time="2024-05-14T20:16:27.070688" level="INFO">Verifying element 'xpath://*[@id="checkout_summary_container"]/div/div[2]/div[4]' contains exact text 'Free Pony Express Delivery!'.</msg>
<arg>xpath://*[@id="checkout_summary_container"]/div/div[2]/div[4]</arg>
<arg>Free Pony Express Delivery!</arg>
<doc>Verifies that element ``locator`` contains exact the text ``expected``.</doc>
<status status="PASS" start="2024-05-14T20:16:27.070688" elapsed="0.007982"/>
</kw>
<kw name="Element Text Should Be" owner="SeleniumLibrary">
<msg time="2024-05-14T20:16:27.079668" level="INFO">Verifying element 'xpath://*[@id="checkout_summary_container"]/div/div[2]/div[5]' contains exact text 'Price Total'.</msg>
<arg>xpath://*[@id="checkout_summary_container"]/div/div[2]/div[5]</arg>
<arg>Price Total</arg>
<doc>Verifies that element ``locator`` contains exact the text ``expected``.</doc>
<status status="PASS" start="2024-05-14T20:16:27.078670" elapsed="0.010100"/>
</kw>
<kw name="Element Text Should Be" owner="SeleniumLibrary">
<msg time="2024-05-14T20:16:27.088770" level="INFO">Verifying element 'xpath://*[@id="checkout_summary_container"]/div/div[2]/div[6]' contains exact text 'Item total: $29.99'.</msg>
<arg>xpath://*[@id="checkout_summary_container"]/div/div[2]/div[6]</arg>
<arg>Item total: ${item_total}</arg>
<doc>Verifies that element ``locator`` contains exact the text ``expected``.</doc>
<status status="PASS" start="2024-05-14T20:16:27.088770" elapsed="0.009237"/>
</kw>
<kw name="Element Text Should Be" owner="SeleniumLibrary">
<msg time="2024-05-14T20:16:27.098007" level="INFO">Verifying element 'xpath://*[@id="checkout_summary_container"]/div/div[2]/div[7]' contains exact text 'Tax: $2.40'.</msg>
<arg>xpath://*[@id="checkout_summary_container"]/div/div[2]/div[7]</arg>
<arg>Tax: ${tax}</arg>
<doc>Verifies that element ``locator`` contains exact the text ``expected``.</doc>
<status status="PASS" start="2024-05-14T20:16:27.098007" elapsed="0.009645"/>
</kw>
<kw name="Element Text Should Be" owner="SeleniumLibrary">
<msg time="2024-05-14T20:16:27.107652" level="INFO">Verifying element 'xpath://*[@id="checkout_summary_container"]/div/div[2]/div[8]' contains exact text 'Total: $32.39'.</msg>
<arg>xpath://*[@id="checkout_summary_container"]/div/div[2]/div[8]</arg>
<arg>Total: ${total}</arg>
<doc>Verifies that element ``locator`` contains exact the text ``expected``.</doc>
<status status="PASS" start="2024-05-14T20:16:27.107652" elapsed="0.018696"/>
</kw>
<kw name="Page Should Contain Element" owner="SeleniumLibrary">
<msg time="2024-05-14T20:16:27.131726" level="INFO">Current page contains element 'id:cancel'.</msg>
<arg>id:cancel</arg>
<doc>Verifies that element ``locator`` is found on the current page.</doc>
<status status="PASS" start="2024-05-14T20:16:27.126430" elapsed="0.005296"/>
</kw>
<kw name="Page Should Contain Element" owner="SeleniumLibrary">
<msg time="2024-05-14T20:16:27.139013" level="INFO">Current page contains element 'id:finish'.</msg>
<arg>id:finish</arg>
<doc>Verifies that element ``locator`` is found on the current page.</doc>
<status status="PASS" start="2024-05-14T20:16:27.131726" elapsed="0.007287"/>
</kw>
<arg>$29.99</arg>
<arg>$2.40</arg>
<arg>$32.39</arg>
<status status="PASS" start="2024-05-14T20:16:27.029278" elapsed="0.109735"/>
</kw>
<kw name="Close Browser" owner="SeleniumLibrary">
<doc>Closes the current browser.</doc>
<status status="PASS" start="2024-05-14T20:16:27.139638" elapsed="3.668247"/>
</kw>
<kw name="Fail" owner="BuiltIn">
<msg time="2024-05-14T20:16:30.808888" level="FAIL">Postal-code supposed to be not contain any letters.</msg>
<arg>Postal-code supposed to be not contain any letters.</arg>
<doc>Fails the test with the given message and optionally alters its tags.</doc>
<status status="FAIL" start="2024-05-14T20:16:30.808888" elapsed="0.000000">Postal-code supposed to be not contain any letters.</status>
</kw>
<status status="FAIL" start="2024-05-14T20:16:18.729200" elapsed="12.079688">Postal-code supposed to be not contain any letters.</status>
</test>
<test id="s1-t3" name="Fill valid info at Checkout page with visual user" line="41">
<kw name="Open Browser to Login" owner="resources">
<kw name="Open Browser" owner="SeleniumLibrary">
<msg time="2024-05-14T20:16:30.810600" level="INFO">Opening browser 'Chrome' to base url 'https://www.saucedemo.com/'.</msg>
<arg>${URL}</arg>
<arg>${BROWSER}</arg>
<doc>Opens a new browser instance to the optional ``url``.</doc>
<status status="PASS" start="2024-05-14T20:16:30.810464" elapsed="5.571661"/>
</kw>
<kw name="Page Should Contain Element" owner="SeleniumLibrary">
<msg time="2024-05-14T20:16:36.389593" level="INFO">Current page contains element 'id=login-button'.</msg>
<arg>id=login-button</arg>
<doc>Verifies that element ``locator`` is found on the current page.</doc>
<status status="PASS" start="2024-05-14T20:16:36.382125" elapsed="0.007468"/>
</kw>
<status status="PASS" start="2024-05-14T20:16:30.810345" elapsed="5.579248"/>
</kw>
<kw name="Maximize Browser Window" owner="SeleniumLibrary">
<doc>Maximizes current browser window.</doc>
<status status="PASS" start="2024-05-14T20:16:36.389593" elapsed="0.029197"/>
</kw>
<kw name="Login with visual user" owner="resources">
<kw name="Input Text" owner="SeleniumLibrary">
<msg time="2024-05-14T20:16:36.420357" level="INFO">Typing text 'visual_user' into text field 'id=user-name'.</msg>
<arg>id=user-name</arg>
<arg>${VISUAL_USER}</arg>
<doc>Types the given ``text`` into the text field identified by ``locator``.</doc>
<status status="PASS" start="2024-05-14T20:16:36.419324" elapsed="0.070769"/>
</kw>
<kw name="Input Text" owner="SeleniumLibrary">
<msg time="2024-05-14T20:16:36.491135" level="INFO">Typing text 'secret_sauce' into text field 'id=password'.</msg>
<arg>id=password</arg>
<arg>${PASSWORD}</arg>
<doc>Types the given ``text`` into the text field identified by ``locator``.</doc>
<status status="PASS" start="2024-05-14T20:16:36.490093" elapsed="0.052354"/>
</kw>
<kw name="Click Button" owner="SeleniumLibrary">
<msg time="2024-05-14T20:16:36.542447" level="INFO">Clicking button 'css=.btn_action'.</msg>
<arg>css=.btn_action</arg>
<doc>Clicks the button identified by ``locator``.</doc>
<status status="PASS" start="2024-05-14T20:16:36.542447" elapsed="0.058821"/>
</kw>
<kw name="Sleep" owner="BuiltIn">
<msg time="2024-05-14T20:16:38.601846" level="INFO">Slept 2 seconds.</msg>
<arg>2</arg>
<doc>Pauses the test executed for the given time.</doc>
<status status="PASS" start="2024-05-14T20:16:36.601268" elapsed="2.000578"/>
</kw>
<kw name="Element Text Should Be" owner="SeleniumLibrary">
<msg time="2024-05-14T20:16:38.601846" level="INFO">Verifying element 'class:title' contains exact text 'Products'.</msg>
<arg>class:title</arg>
<arg>Products</arg>
<doc>Verifies that element ``locator`` contains exact the text ``expected``.</doc>
<status status="PASS" start="2024-05-14T20:16:38.601846" elapsed="0.015451"/>
</kw>
<status status="PASS" start="2024-05-14T20:16:36.419324" elapsed="2.197973"/>
</kw>
<kw name="Buy Sauce Labs Backpack" owner="resources">
<kw name="Click Button" owner="SeleniumLibrary">
<msg time="2024-05-14T20:16:38.617690" level="INFO">Clicking button 'id:add-to-cart-sauce-labs-backpack'.</msg>
<arg>id:add-to-cart-sauce-labs-backpack</arg>
<doc>Clicks the button identified by ``locator``.</doc>
<status status="PASS" start="2024-05-14T20:16:38.617690" elapsed="0.029677"/>
</kw>
<kw name="Wait Until Element Is Visible" owner="SeleniumLibrary">
<arg>id:remove-sauce-labs-backpack</arg>
<doc>Waits until the element ``locator`` is visible.</doc>
<status status="PASS" start="2024-05-14T20:16:38.647367" elapsed="0.011936"/>
</kw>
<kw name="Element Should Not Be Visible" owner="SeleniumLibrary">
<msg time="2024-05-14T20:16:38.663012" level="INFO">Element 'id:add-to-cart-sauce-labs-backpack' did not exist.</msg>
<arg>id:add-to-cart-sauce-labs-backpack</arg>
<doc>Verifies that the element identified by ``locator`` is NOT visible.</doc>
<status status="PASS" start="2024-05-14T20:16:38.659303" elapsed="0.003709"/>
</kw>
<kw name="Element Text Should Be" owner="SeleniumLibrary">
<msg time="2024-05-14T20:16:38.663012" level="INFO">Verifying element 'id:remove-sauce-labs-backpack' contains exact text 'Remove'.</msg>
<arg>id:remove-sauce-labs-backpack</arg>
<arg>Remove</arg>
<doc>Verifies that element ``locator`` contains exact the text ``expected``.</doc>
<status status="PASS" start="2024-05-14T20:16:38.663012" elapsed="0.007392"/>
</kw>
<status status="PASS" start="2024-05-14T20:16:38.617690" elapsed="0.052714"/>
</kw>
<kw name="Verify Cart Icon position changed" owner="resources">
<kw name="Get Cart Icon Position" owner="resources">
<kw name="Get Horizontal Position" owner="SeleniumLibrary">
<msg time="2024-05-14T20:16:38.681305" level="INFO">${cart_icon} = 1785</msg>
<var>${cart_icon}</var>
<arg>xpath://*[@id="shopping_cart_container"]</arg>
<doc>Returns the horizontal position of the element identified by ``locator``.</doc>
<status status="PASS" start="2024-05-14T20:16:38.670404" elapsed="0.010901"/>
</kw>
<return>
<value>${cart_icon}</value>
<status status="PASS" start="2024-05-14T20:16:38.681305" elapsed="0.000000"/>
</return>
<msg time="2024-05-14T20:16:38.681305" level="INFO">${visual_cart_icon} = 1785</msg>
<var>${visual_cart_icon}</var>
<status status="PASS" start="2024-05-14T20:16:38.670404" elapsed="0.010901"/>
</kw>
<kw name="Should Not Be Equal" owner="BuiltIn">
<arg>int(${cart_icon})</arg>
<arg>int(${visual_cart_icon})</arg>
<doc>Fails if the given objects are equal.</doc>
<status status="PASS" start="2024-05-14T20:16:38.681305" elapsed="0.000000"/>
</kw>
<status status="PASS" start="2024-05-14T20:16:38.670404" elapsed="0.010901"/>
</kw>
<kw name="Go to cart" owner="resources">
<kw name="Click Element" owner="SeleniumLibrary">
<msg time="2024-05-14T20:16:38.682321" level="INFO">Clicking element 'xpath://*[@id="shopping_cart_container"]/a'.</msg>
<arg>xpath://*[@id="shopping_cart_container"]/a</arg>
<doc>Click the element identified by ``locator``.</doc>
<status status="PASS" start="2024-05-14T20:16:38.682321" elapsed="0.028464"/>
</kw>
<kw name="Verify Cart page" owner="resources">
<kw name="Element Text Should Be" owner="SeleniumLibrary">
<msg time="2024-05-14T20:16:38.711782" level="INFO">Verifying element 'xpath://*[@id="header_container"]/div[2]/span' contains exact text 'Your Cart'.</msg>
<arg>xpath://*[@id="header_container"]/div[2]/span</arg>
<arg>Your Cart</arg>
<doc>Verifies that element ``locator`` contains exact the text ``expected``.</doc>
<status status="PASS" start="2024-05-14T20:16:38.710785" elapsed="0.010992"/>
</kw>
<kw name="Page Should Contain Element" owner="SeleniumLibrary">
<msg time="2024-05-14T20:16:38.729400" level="INFO">Current page contains element 'id:checkout'.</msg>
<arg>id:checkout</arg>
<doc>Verifies that element ``locator`` is found on the current page.</doc>
<status status="PASS" start="2024-05-14T20:16:38.722279" elapsed="0.007121"/>
</kw>
<kw name="Page Should Contain Element" owner="SeleniumLibrary">
<msg time="2024-05-14T20:16:38.735298" level="INFO">Current page contains element 'id:continue-shopping'.</msg>
<arg>id:continue-shopping</arg>
<doc>Verifies that element ``locator`` is found on the current page.</doc>
<status status="PASS" start="2024-05-14T20:16:38.729400" elapsed="0.005898"/>
</kw>
<kw name="Page Should Contain" owner="SeleniumLibrary">
<msg time="2024-05-14T20:16:38.742112" level="INFO">Current page contains text 'QTY'.</msg>
<arg>QTY</arg>
<doc>Verifies that current page contains ``text``.</doc>
<status status="PASS" start="2024-05-14T20:16:38.735298" elapsed="0.006814"/>
</kw>
<kw name="Page Should Contain" owner="SeleniumLibrary">
<msg time="2024-05-14T20:16:38.748455" level="INFO">Current page contains text 'Description'.</msg>
<arg>Description</arg>
<doc>Verifies that current page contains ``text``.</doc>
<status status="PASS" start="2024-05-14T20:16:38.742112" elapsed="0.006343"/>
</kw>
<status status="PASS" start="2024-05-14T20:16:38.710785" elapsed="0.037670"/>
</kw>
<status status="PASS" start="2024-05-14T20:16:38.681305" elapsed="0.067150"/>
</kw>
<kw name="Verify Cart Icon position changed" owner="resources">
<kw name="Get Cart Icon Position" owner="resources">
<kw name="Get Horizontal Position" owner="SeleniumLibrary">
<msg time="2024-05-14T20:16:38.756020" level="INFO">${cart_icon} = 1802</msg>
<var>${cart_icon}</var>
<arg>xpath://*[@id="shopping_cart_container"]</arg>
<doc>Returns the horizontal position of the element identified by ``locator``.</doc>
<status status="PASS" start="2024-05-14T20:16:38.748991" elapsed="0.007029"/>
</kw>
<return>
<value>${cart_icon}</value>
<status status="PASS" start="2024-05-14T20:16:38.756020" elapsed="0.000000"/>
</return>
<msg time="2024-05-14T20:16:38.756020" level="INFO">${visual_cart_icon} = 1802</msg>
<var>${visual_cart_icon}</var>
<status status="PASS" start="2024-05-14T20:16:38.748991" elapsed="0.007029"/>
</kw>
<kw name="Should Not Be Equal" owner="BuiltIn">
<arg>int(${cart_icon})</arg>
<arg>int(${visual_cart_icon})</arg>
<doc>Fails if the given objects are equal.</doc>
<status status="PASS" start="2024-05-14T20:16:38.756020" elapsed="0.000000"/>
</kw>
<status status="PASS" start="2024-05-14T20:16:38.748991" elapsed="0.007029"/>
</kw>
<kw name="Verify Checkout button position changed" owner="resources">
<kw name="Get Checkout Button Position" owner="resources">
<kw name="Get Horizontal Position" owner="SeleniumLibrary">
<msg time="2024-05-14T20:16:38.765744" level="INFO">${checkout_btn} = 1828</msg>
<var>${checkout_btn}</var>
<arg>xpath://*[@id="checkout"]</arg>
<doc>Returns the horizontal position of the element identified by ``locator``.</doc>
<status status="PASS" start="2024-05-14T20:16:38.757037" elapsed="0.008707"/>
</kw>
<return>
<value>${checkout_btn}</value>
<status status="PASS" start="2024-05-14T20:16:38.765744" elapsed="0.000000"/>
</return>
<msg time="2024-05-14T20:16:38.765744" level="INFO">${visual_checkout_position} = 1828</msg>
<var>${visual_checkout_position}</var>
<status status="PASS" start="2024-05-14T20:16:38.757037" elapsed="0.008707"/>
</kw>
<kw name="Should Not Be Equal" owner="BuiltIn">
<arg>int(${checkout_position})</arg>
<arg>int(${visual_checkout_position})</arg>
<doc>Fails if the given objects are equal.</doc>
<status status="PASS" start="2024-05-14T20:16:38.765744" elapsed="0.000000"/>
</kw>
<status status="PASS" start="2024-05-14T20:16:38.756020" elapsed="0.009724"/>
</kw>
<kw name="Go to checkout page" owner="resources">
<kw name="Click Button" owner="SeleniumLibrary">
<msg time="2024-05-14T20:16:38.766761" level="INFO">Clicking button 'id=checkout'.</msg>
<arg>id=checkout</arg>
<doc>Clicks the button identified by ``locator``.</doc>
<status status="PASS" start="2024-05-14T20:16:38.766761" elapsed="0.030396"/>
</kw>
<status status="PASS" start="2024-05-14T20:16:38.765744" elapsed="0.031413"/>
</kw>
<kw name="Verify Checkout Page" owner="resources">
<kw name="Element Text Should Be" owner="SeleniumLibrary">
<msg time="2024-05-14T20:16:38.798563" level="INFO">Verifying element 'class=title' contains exact text 'Checkout: Your Information'.</msg>
<arg>class=title</arg>
<arg>Checkout: Your Information</arg>
<doc>Verifies that element ``locator`` contains exact the text ``expected``.</doc>
<status status="PASS" start="2024-05-14T20:16:38.798061" elapsed="0.010484"/>
</kw>
<kw name="Page Should Contain Element" owner="SeleniumLibrary">
<msg time="2024-05-14T20:16:38.814538" level="INFO">Current page contains element 'id:first-name'.</msg>
<arg>id:first-name</arg>
<doc>Verifies that element ``locator`` is found on the current page.</doc>
<status status="PASS" start="2024-05-14T20:16:38.808962" elapsed="0.005576"/>
</kw>
<kw name="Page Should Contain Element" owner="SeleniumLibrary">
<msg time="2024-05-14T20:16:38.820519" level="INFO">Current page contains element 'id:last-name'.</msg>
<arg>id:last-name</arg>
<doc>Verifies that element ``locator`` is found on the current page.</doc>
<status status="PASS" start="2024-05-14T20:16:38.814538" elapsed="0.005981"/>
</kw>
<kw name="Page Should Contain Element" owner="SeleniumLibrary">
<msg time="2024-05-14T20:16:38.826033" level="INFO">Current page contains element 'id:postal-code'.</msg>
<arg>id:postal-code</arg>
<doc>Verifies that element ``locator`` is found on the current page.</doc>
<status status="PASS" start="2024-05-14T20:16:38.820519" elapsed="0.005514"/>
</kw>
<kw name="Element Attribute Value Should Be" owner="SeleniumLibrary">
<msg time="2024-05-14T20:16:38.832761" level="INFO">Element 'id:first-name' attribute 'placeholder' contains value 'First Name'.</msg>
<arg>id:first-name</arg>
<arg>placeholder</arg>
<arg>First Name</arg>
<doc>Verifies element identified by ``locator`` contains expected attribute value.</doc>
<status status="PASS" start="2024-05-14T20:16:38.826033" elapsed="0.006728"/>
</kw>
<kw name="Element Attribute Value Should Be" owner="SeleniumLibrary">
<msg time="2024-05-14T20:16:38.839077" level="INFO">Element 'id:last-name' attribute 'placeholder' contains value 'Last Name'.</msg>
<arg>id:last-name</arg>
<arg>placeholder</arg>
<arg>Last Name</arg>
<doc>Verifies element identified by ``locator`` contains expected attribute value.</doc>
<status status="PASS" start="2024-05-14T20:16:38.832761" elapsed="0.006316"/>
</kw>
<kw name="Element Attribute Value Should Be" owner="SeleniumLibrary">
<msg time="2024-05-14T20:16:38.844618" level="INFO">Element 'id:postal-code' attribute 'placeholder' contains value 'Zip/Postal Code'.</msg>
<arg>id:postal-code</arg>
<arg>placeholder</arg>
<arg>Zip/Postal Code</arg>
<doc>Verifies element identified by ``locator`` contains expected attribute value.</doc>
<status status="PASS" start="2024-05-14T20:16:38.839077" elapsed="0.005541"/>
</kw>
<kw name="Page Should Contain Element" owner="SeleniumLibrary">
<msg time="2024-05-14T20:16:38.849909" level="INFO">Current page contains element 'id:continue'.</msg>
<arg>id:continue</arg>
<doc>Verifies that element ``locator`` is found on the current page.</doc>
<status status="PASS" start="2024-05-14T20:16:38.844618" elapsed="0.005291"/>
</kw>
<kw name="Page Should Contain Element" owner="SeleniumLibrary">
<msg time="2024-05-14T20:16:38.855093" level="INFO">Current page contains element 'id:cancel'.</msg>
<arg>id:cancel</arg>
<doc>Verifies that element ``locator`` is found on the current page.</doc>
<status status="PASS" start="2024-05-14T20:16:38.849909" elapsed="0.005184"/>
</kw>
<status status="PASS" start="2024-05-14T20:16:38.798061" elapsed="0.057032"/>
</kw>
<kw name="Verify Cart Icon position changed" owner="resources">
<kw name="Get Cart Icon Position" owner="resources">
<kw name="Get Horizontal Position" owner="SeleniumLibrary">
<msg time="2024-05-14T20:16:38.862573" level="INFO">${cart_icon} = 1802</msg>
<var>${cart_icon}</var>
<arg>xpath://*[@id="shopping_cart_container"]</arg>
<doc>Returns the horizontal position of the element identified by ``locator``.</doc>
<status status="PASS" start="2024-05-14T20:16:38.855459" elapsed="0.007114"/>
</kw>
<return>
<value>${cart_icon}</value>
<status status="PASS" start="2024-05-14T20:16:38.862573" elapsed="0.000000"/>
</return>
<msg time="2024-05-14T20:16:38.862573" level="INFO">${visual_cart_icon} = 1802</msg>
<var>${visual_cart_icon}</var>
<status status="PASS" start="2024-05-14T20:16:38.855459" elapsed="0.007114"/>
</kw>
<kw name="Should Not Be Equal" owner="BuiltIn">
<arg>int(${cart_icon})</arg>
<arg>int(${visual_cart_icon})</arg>
<doc>Fails if the given objects are equal.</doc>
<status status="PASS" start="2024-05-14T20:16:38.862573" elapsed="0.000000"/>
</kw>
<status status="PASS" start="2024-05-14T20:16:38.855459" elapsed="0.007114"/>
</kw>
<kw name="Fill in info for Checkout" owner="resources">
<kw name="Input Text" owner="SeleniumLibrary">
<msg time="2024-05-14T20:16:38.863589" level="INFO">Typing text 'John' into text field 'id=first-name'.</msg>
<arg>id=first-name</arg>
<arg>${first_name}</arg>
<doc>Types the given ``text`` into the text field identified by ``locator``.</doc>
<status status="PASS" start="2024-05-14T20:16:38.863589" elapsed="0.042200"/>
</kw>
<kw name="Input Text" owner="SeleniumLibrary">
<msg time="2024-05-14T20:16:38.905789" level="INFO">Typing text 'Doe' into text field 'id=last-name'.</msg>
<arg>id=last-name</arg>
<arg>${last_name}</arg>
<doc>Types the given ``text`` into the text field identified by ``locator``.</doc>
<status status="PASS" start="2024-05-14T20:16:38.905789" elapsed="0.043104"/>
</kw>
<kw name="Input Text" owner="SeleniumLibrary">
<msg time="2024-05-14T20:16:38.948893" level="INFO">Typing text '707' into text field 'id=postal-code'.</msg>
<arg>id=postal-code</arg>
<arg>${postal_code}</arg>
<doc>Types the given ``text`` into the text field identified by ``locator``.</doc>
<status status="PASS" start="2024-05-14T20:16:38.948893" elapsed="0.037966"/>
</kw>
<arg>John</arg>
<arg>Doe</arg>
<arg>707</arg>
<status status="PASS" start="2024-05-14T20:16:38.862573" elapsed="0.124286"/>
</kw>
<kw name="Go continue" owner="resources">
<kw name="Click Button" owner="SeleniumLibrary">
<msg time="2024-05-14T20:16:38.987361" level="INFO">Clicking button 'id=continue'.</msg>
<arg>id=continue</arg>
<doc>Clicks the button identified by ``locator``.</doc>
<status status="PASS" start="2024-05-14T20:16:38.987361" elapsed="0.035111"/>
</kw>
<status status="PASS" start="2024-05-14T20:16:38.987361" elapsed="0.035111"/>
</kw>
<kw name="Verify Checkout overview" owner="resources">
<kw name="Element Text Should Be" owner="SeleniumLibrary">
<msg time="2024-05-14T20:16:39.023803" level="INFO">Verifying element 'class=title' contains exact text 'Checkout: Overview'.</msg>
<arg>class=title</arg>
<arg>Checkout: Overview</arg>
<doc>Verifies that element ``locator`` contains exact the text ``expected``.</doc>
<status status="PASS" start="2024-05-14T20:16:39.023803" elapsed="0.009369"/>
</kw>
<kw name="Element Text Should Be" owner="SeleniumLibrary">
<msg time="2024-05-14T20:16:39.033172" level="INFO">Verifying element 'xpath://*[@id="checkout_summary_container"]/div/div[2]/div[1]' contains exact text 'Payment Information:'.</msg>
<arg>xpath://*[@id="checkout_summary_container"]/div/div[2]/div[1]</arg>
<arg>Payment Information:</arg>
<doc>Verifies that element ``locator`` contains exact the text ``expected``.</doc>
<status status="PASS" start="2024-05-14T20:16:39.033172" elapsed="0.010181"/>
</kw>
<kw name="Element Text Should Be" owner="SeleniumLibrary">
<msg time="2024-05-14T20:16:39.043485" level="INFO">Verifying element 'xpath://*[@id="checkout_summary_container"]/div/div[2]/div[2]' contains exact text 'SauceCard #31337'.</msg>
<arg>xpath://*[@id="checkout_summary_container"]/div/div[2]/div[2]</arg>
<arg>SauceCard #31337</arg>
<doc>Verifies that element ``locator`` contains exact the text ``expected``.</doc>
<status status="PASS" start="2024-05-14T20:16:39.043485" elapsed="0.009014"/>
</kw>
<kw name="Element Text Should Be" owner="SeleniumLibrary">
<msg time="2024-05-14T20:16:39.052499" level="INFO">Verifying element 'xpath://*[@id="checkout_summary_container"]/div/div[2]/div[3]' contains exact text 'Shipping Information:'.</msg>
<arg>xpath://*[@id="checkout_summary_container"]/div/div[2]/div[3]</arg>
<arg>Shipping Information:</arg>
<doc>Verifies that element ``locator`` contains exact the text ``expected``.</doc>
<status status="PASS" start="2024-05-14T20:16:39.052499" elapsed="0.009263"/>
</kw>
<kw name="Element Text Should Be" owner="SeleniumLibrary">
<msg time="2024-05-14T20:16:39.061762" level="INFO">Verifying element 'xpath://*[@id="checkout_summary_container"]/div/div[2]/div[4]' contains exact text 'Free Pony Express Delivery!'.</msg>
<arg>xpath://*[@id="checkout_summary_container"]/div/div[2]/div[4]</arg>
<arg>Free Pony Express Delivery!</arg>
<doc>Verifies that element ``locator`` contains exact the text ``expected``.</doc>
<status status="PASS" start="2024-05-14T20:16:39.061762" elapsed="0.009081"/>
</kw>
<kw name="Element Text Should Be" owner="SeleniumLibrary">
<msg time="2024-05-14T20:16:39.070843" level="INFO">Verifying element 'xpath://*[@id="checkout_summary_container"]/div/div[2]/div[5]' contains exact text 'Price Total'.</msg>
<arg>xpath://*[@id="checkout_summary_container"]/div/div[2]/div[5]</arg>
<arg>Price Total</arg>
<doc>Verifies that element ``locator`` contains exact the text ``expected``.</doc>
<status status="PASS" start="2024-05-14T20:16:39.070843" elapsed="0.008847"/>
</kw>
<kw name="Element Text Should Be" owner="SeleniumLibrary">
<msg time="2024-05-14T20:16:39.079690" level="INFO">Verifying element 'xpath://*[@id="checkout_summary_container"]/div/div[2]/div[6]' contains exact text 'Item total: $29.99'.</msg>
<arg>xpath://*[@id="checkout_summary_container"]/div/div[2]/div[6]</arg>
<arg>Item total: ${item_total}</arg>
<doc>Verifies that element ``locator`` contains exact the text ``expected``.</doc>
<status status="PASS" start="2024-05-14T20:16:39.079690" elapsed="0.008863"/>
</kw>
<kw name="Element Text Should Be" owner="SeleniumLibrary">
<msg time="2024-05-14T20:16:39.088553" level="INFO">Verifying element 'xpath://*[@id="checkout_summary_container"]/div/div[2]/div[7]' contains exact text 'Tax: $2.40'.</msg>
<arg>xpath://*[@id="checkout_summary_container"]/div/div[2]/div[7]</arg>
<arg>Tax: ${tax}</arg>
<doc>Verifies that element ``locator`` contains exact the text ``expected``.</doc>
<status status="PASS" start="2024-05-14T20:16:39.088553" elapsed="0.008897"/>
</kw>
<kw name="Element Text Should Be" owner="SeleniumLibrary">
<msg time="2024-05-14T20:16:39.097450" level="INFO">Verifying element 'xpath://*[@id="checkout_summary_container"]/div/div[2]/div[8]' contains exact text 'Total: $32.39'.</msg>
<arg>xpath://*[@id="checkout_summary_container"]/div/div[2]/div[8]</arg>
<arg>Total: ${total}</arg>
<doc>Verifies that element ``locator`` contains exact the text ``expected``.</doc>
<status status="PASS" start="2024-05-14T20:16:39.097450" elapsed="0.008840"/>
</kw>
<kw name="Page Should Contain Element" owner="SeleniumLibrary">
<msg time="2024-05-14T20:16:39.109509" level="INFO">Current page contains element 'id:cancel'.</msg>
<arg>id:cancel</arg>
<doc>Verifies that element ``locator`` is found on the current page.</doc>
<status status="PASS" start="2024-05-14T20:16:39.106290" elapsed="0.003219"/>
</kw>
<kw name="Page Should Contain Element" owner="SeleniumLibrary">
<msg time="2024-05-14T20:16:39.114778" level="INFO">Current page contains element 'id:finish'.</msg>
<arg>id:finish</arg>
<doc>Verifies that element ``locator`` is found on the current page.</doc>
<status status="PASS" start="2024-05-14T20:16:39.109509" elapsed="0.005269"/>
</kw>
<arg>$29.99</arg>
<arg>$2.40</arg>
<arg>$32.39</arg>
<status status="PASS" start="2024-05-14T20:16:39.023300" elapsed="0.091478"/>
</kw>
<kw name="Verify Cart Icon position changed" owner="resources">
<kw name="Get Cart Icon Position" owner="resources">
<kw name="Get Horizontal Position" owner="SeleniumLibrary">
<msg time="2024-05-14T20:16:39.122023" level="INFO">${cart_icon} = 1802</msg>
<var>${cart_icon}</var>
<arg>xpath://*[@id="shopping_cart_container"]</arg>
<doc>Returns the horizontal position of the element identified by ``locator``.</doc>
<status status="PASS" start="2024-05-14T20:16:39.115140" elapsed="0.006883"/>
</kw>
<return>
<value>${cart_icon}</value>
<status status="PASS" start="2024-05-14T20:16:39.122023" elapsed="0.000000"/>
</return>
<msg time="2024-05-14T20:16:39.122023" level="INFO">${visual_cart_icon} = 1802</msg>
<var>${visual_cart_icon}</var>
<status status="PASS" start="2024-05-14T20:16:39.115140" elapsed="0.006883"/>
</kw>
<kw name="Should Not Be Equal" owner="BuiltIn">
<arg>int(${cart_icon})</arg>
<arg>int(${visual_cart_icon})</arg>
<doc>Fails if the given objects are equal.</doc>
<status status="PASS" start="2024-05-14T20:16:39.122023" elapsed="0.000000"/>
</kw>
<status status="PASS" start="2024-05-14T20:16:39.115140" elapsed="0.006883"/>
</kw>
<kw name="Go finish" owner="resources">
<kw name="Click Button" owner="SeleniumLibrary">
<msg time="2024-05-14T20:16:39.123049" level="INFO">Clicking button 'id=finish'.</msg>
<arg>id=finish</arg>
<doc>Clicks the button identified by ``locator``.</doc>
<status status="PASS" start="2024-05-14T20:16:39.123049" elapsed="0.031353"/>
</kw>
<kw name="Page Should Contain" owner="SeleniumLibrary">
<msg time="2024-05-14T20:16:39.170148" level="INFO">Current page contains text 'Checkout: Complete!'.</msg>
<arg>Checkout: Complete!</arg>
<doc>Verifies that current page contains ``text``.</doc>
<status status="PASS" start="2024-05-14T20:16:39.154402" elapsed="0.015746"/>
</kw>
<kw name="Element Text Should Be" owner="SeleniumLibrary">
<msg time="2024-05-14T20:16:39.170148" level="INFO">Verifying element 'class=complete-header' contains exact text 'Thank you for your order!'.</msg>
<arg>class=complete-header</arg>
<arg>Thank you for your order!</arg>
<doc>Verifies that element ``locator`` contains exact the text ``expected``.</doc>
<status status="PASS" start="2024-05-14T20:16:39.170148" elapsed="0.012236"/>
</kw>
<kw name="Element Text Should Be" owner="SeleniumLibrary">
<msg time="2024-05-14T20:16:39.182384" level="INFO">Verifying element 'class=complete-text' contains exact text 'Your order has been dispatched, and will arrive just as fast as the pony can get there!'.</msg>
<arg>class=complete-text</arg>
<arg>Your order has been dispatched, and will arrive just as fast as the pony can get there!</arg>
<doc>Verifies that element ``locator`` contains exact the text ``expected``.</doc>
<status status="PASS" start="2024-05-14T20:16:39.182384" elapsed="0.010010"/>
</kw>
<kw name="Page Should Contain Element" owner="SeleniumLibrary">
<msg time="2024-05-14T20:16:39.198748" level="INFO">Current page contains element 'xpath://*[@id="checkout_complete_container"]/img'.</msg>
<arg>xpath://*[@id="checkout_complete_container"]/img</arg>
<doc>Verifies that element ``locator`` is found on the current page.</doc>
<status status="PASS" start="2024-05-14T20:16:39.192892" elapsed="0.005856"/>
</kw>
<kw name="Element Text Should Be" owner="SeleniumLibrary">
<msg time="2024-05-14T20:16:39.199246" level="INFO">Verifying element 'id:back-to-products' contains exact text 'Back Home'.</msg>
<arg>id:back-to-products</arg>
<arg>Back Home</arg>
<doc>Verifies that element ``locator`` contains exact the text ``expected``.</doc>
<status status="PASS" start="2024-05-14T20:16:39.198748" elapsed="0.009713"/>
</kw>
<status status="PASS" start="2024-05-14T20:16:39.122023" elapsed="0.086438"/>
</kw>
<kw name="Verify Cart Icon position changed" owner="resources">
<kw name="Get Cart Icon Position" owner="resources">
<kw name="Get Horizontal Position" owner="SeleniumLibrary">
<msg time="2024-05-14T20:16:39.216391" level="INFO">${cart_icon} = 1802</msg>
<var>${cart_icon}</var>
<arg>xpath://*[@id="shopping_cart_container"]</arg>
<doc>Returns the horizontal position of the element identified by ``locator``.</doc>
<status status="PASS" start="2024-05-14T20:16:39.208815" elapsed="0.007576"/>
</kw>
<return>
<value>${cart_icon}</value>
<status status="PASS" start="2024-05-14T20:16:39.216391" elapsed="0.000000"/>
</return>
<msg time="2024-05-14T20:16:39.216888" level="INFO">${visual_cart_icon} = 1802</msg>
<var>${visual_cart_icon}</var>
<status status="PASS" start="2024-05-14T20:16:39.208815" elapsed="0.008073"/>
</kw>
<kw name="Should Not Be Equal" owner="BuiltIn">
<arg>int(${cart_icon})</arg>
<arg>int(${visual_cart_icon})</arg>
<doc>Fails if the given objects are equal.</doc>
<status status="PASS" start="2024-05-14T20:16:39.216888" elapsed="0.000000"/>
</kw>
<status status="PASS" start="2024-05-14T20:16:39.208815" elapsed="0.008073"/>
</kw>
<kw name="Close Browser" owner="SeleniumLibrary">
<doc>Closes the current browser.</doc>
<status status="PASS" start="2024-05-14T20:16:39.217558" elapsed="2.089363"/>
</kw>
<status status="PASS" start="2024-05-14T20:16:30.809885" elapsed="10.498037"/>
</test>
<test id="s1-t4" name="Not fill firstname at Checkout page with visual user" line="64">
<kw name="Open Browser to Login" owner="resources">
<kw name="Open Browser" owner="SeleniumLibrary">
<msg time="2024-05-14T20:16:41.308923" level="INFO">Opening browser 'Chrome' to base url 'https://www.saucedemo.com/'.</msg>
<arg>${URL}</arg>
<arg>${BROWSER}</arg>
<doc>Opens a new browser instance to the optional ``url``.</doc>
<status status="PASS" start="2024-05-14T20:16:41.308923" elapsed="5.673942"/>
</kw>
<kw name="Page Should Contain Element" owner="SeleniumLibrary">
<msg time="2024-05-14T20:16:46.990187" level="INFO">Current page contains element 'id=login-button'.</msg>
<arg>id=login-button</arg>
<doc>Verifies that element ``locator`` is found on the current page.</doc>
<status status="PASS" start="2024-05-14T20:16:46.982865" elapsed="0.007322"/>
</kw>
<status status="PASS" start="2024-05-14T20:16:41.308923" elapsed="5.681264"/>
</kw>
<kw name="Maximize Browser Window" owner="SeleniumLibrary">
<doc>Maximizes current browser window.</doc>
<status status="PASS" start="2024-05-14T20:16:46.990187" elapsed="0.018267"/>
</kw>
<kw name="Login with visual user" owner="resources">
<kw name="Input Text" owner="SeleniumLibrary">
<msg time="2024-05-14T20:16:47.009455" level="INFO">Typing text 'visual_user' into text field 'id=user-name'.</msg>
<arg>id=user-name</arg>
<arg>${VISUAL_USER}</arg>
<doc>Types the given ``text`` into the text field identified by ``locator``.</doc>
<status status="PASS" start="2024-05-14T20:16:47.008454" elapsed="0.070023"/>
</kw>
<kw name="Input Text" owner="SeleniumLibrary">
<msg time="2024-05-14T20:16:47.079478" level="INFO">Typing text 'secret_sauce' into text field 'id=password'.</msg>
<arg>id=password</arg>
<arg>${PASSWORD}</arg>
<doc>Types the given ``text`` into the text field identified by ``locator``.</doc>
<status status="PASS" start="2024-05-14T20:16:47.078477" elapsed="0.050879"/>
</kw>
<kw name="Click Button" owner="SeleniumLibrary">
<msg time="2024-05-14T20:16:47.129356" level="INFO">Clicking button 'css=.btn_action'.</msg>
<arg>css=.btn_action</arg>
<doc>Clicks the button identified by ``locator``.</doc>
<status status="PASS" start="2024-05-14T20:16:47.129356" elapsed="0.058046"/>
</kw>
<kw name="Sleep" owner="BuiltIn">
<msg time="2024-05-14T20:16:49.187651" level="INFO">Slept 2 seconds.</msg>
<arg>2</arg>
<doc>Pauses the test executed for the given time.</doc>
<status status="PASS" start="2024-05-14T20:16:47.187402" elapsed="2.000249"/>
</kw>
<kw name="Element Text Should Be" owner="SeleniumLibrary">
<msg time="2024-05-14T20:16:49.187651" level="INFO">Verifying element 'class:title' contains exact text 'Products'.</msg>
<arg>class:title</arg>
<arg>Products</arg>
<doc>Verifies that element ``locator`` contains exact the text ``expected``.</doc>
<status status="PASS" start="2024-05-14T20:16:49.187651" elapsed="0.015563"/>
</kw>
<status status="PASS" start="2024-05-14T20:16:47.008454" elapsed="2.194760"/>
</kw>
<kw name="Buy Sauce Labs Backpack" owner="resources">
<kw name="Click Button" owner="SeleniumLibrary">
<msg time="2024-05-14T20:16:49.203214" level="INFO">Clicking button 'id:add-to-cart-sauce-labs-backpack'.</msg>
<arg>id:add-to-cart-sauce-labs-backpack</arg>
<doc>Clicks the button identified by ``locator``.</doc>
<status status="PASS" start="2024-05-14T20:16:49.203214" elapsed="0.029319"/>
</kw>
<kw name="Wait Until Element Is Visible" owner="SeleniumLibrary">
<arg>id:remove-sauce-labs-backpack</arg>
<doc>Waits until the element ``locator`` is visible.</doc>
<status status="PASS" start="2024-05-14T20:16:49.233530" elapsed="0.010967"/>
</kw>
<kw name="Element Should Not Be Visible" owner="SeleniumLibrary">
<msg time="2024-05-14T20:16:49.248480" level="INFO">Element 'id:add-to-cart-sauce-labs-backpack' did not exist.</msg>
<arg>id:add-to-cart-sauce-labs-backpack</arg>
<doc>Verifies that the element identified by ``locator`` is NOT visible.</doc>
<status status="PASS" start="2024-05-14T20:16:49.244497" elapsed="0.003983"/>
</kw>
<kw name="Element Text Should Be" owner="SeleniumLibrary">
<msg time="2024-05-14T20:16:49.248480" level="INFO">Verifying element 'id:remove-sauce-labs-backpack' contains exact text 'Remove'.</msg>
<arg>id:remove-sauce-labs-backpack</arg>
<arg>Remove</arg>
<doc>Verifies that element ``locator`` contains exact the text ``expected``.</doc>
<status status="PASS" start="2024-05-14T20:16:49.248480" elapsed="0.007462"/>
</kw>
<status status="PASS" start="2024-05-14T20:16:49.203214" elapsed="0.052728"/>
</kw>
<kw name="Go to cart" owner="resources">
<kw name="Click Element" owner="SeleniumLibrary">
[...]
<status status="PASS" start="2024-05-14T20:18:26.256427" elapsed="0.006978"/>
</kw>
<kw name="Element Text Should Be" owner="SeleniumLibrary">
<msg time="2024-05-14T20:18:26.263405" level="INFO">Verifying element 'xpath://*[@id="checkout_summary_container"]/div/div[1]/div[4]/div[2]/div[2]/div' contains exact text '$9.99'.</msg>
<arg>xpath://*[@id="checkout_summary_container"]/div/div[1]/div[4]/div[2]/div[2]/div</arg>
<arg>${item_price}</arg>
<doc>Verifies that element ``locator`` contains exact the text ``expected``.</doc>
<status status="PASS" start="2024-05-14T20:18:26.263405" elapsed="0.006976"/>
</kw>
<arg>${ITEMS}[1]</arg>
<arg>${ITEM2_DESC}</arg>
<arg>${ITEMS_PRICE}[1]</arg>
<status status="PASS" start="2024-05-14T20:18:26.242340" elapsed="0.028041"/>
</kw>
<kw name="Verify Third item in checkout" owner="resources">
<kw name="Element Text Should Be" owner="SeleniumLibrary">
<msg time="2024-05-14T20:18:26.271378" level="INFO">Verifying element 'xpath://*[@id="checkout_summary_container"]/div/div[1]/div[5]/div[1]' contains exact text '1'.</msg>
<arg>xpath://*[@id="checkout_summary_container"]/div/div[1]/div[5]/div[1]</arg>
<arg>1</arg>
<doc>Verifies that element ``locator`` contains exact the text ``expected``.</doc>
<status status="PASS" start="2024-05-14T20:18:26.271378" elapsed="0.006976"/>
</kw>
<kw name="Element Text Should Be" owner="SeleniumLibrary">
<msg time="2024-05-14T20:18:26.278354" level="INFO">Verifying element 'xpath://*[@id="checkout_summary_container"]/div/div[1]/div[5]/div[2]/a/div' contains exact text 'Sauce Labs Bolt T-Shirt'.</msg>
<arg>xpath://*[@id="checkout_summary_container"]/div/div[1]/div[5]/div[2]/a/div</arg>
<arg>${item_name}</arg>
<doc>Verifies that element ``locator`` contains exact the text ``expected``.</doc>
<status status="PASS" start="2024-05-14T20:18:26.278354" elapsed="0.006977"/>
</kw>
<kw name="Element Text Should Be" owner="SeleniumLibrary">
<msg time="2024-05-14T20:18:26.285331" level="INFO">Verifying element 'xpath://*[@id="checkout_summary_container"]/div/div[1]/div[5]/div[2]/div[1]' contains exact text 'Get your testing superhero on with the Sauce Labs bolt T-shirt. From American Apparel, 100% ringspun combed cotton, heather gray with red bolt.'.</msg>
<arg>xpath://*[@id="checkout_summary_container"]/div/div[1]/div[5]/div[2]/div[1]</arg>
<arg>${item_desc}</arg>
<doc>Verifies that element ``locator`` contains exact the text ``expected``.</doc>
<status status="PASS" start="2024-05-14T20:18:26.285331" elapsed="0.006119"/>
</kw>
<kw name="Element Text Should Be" owner="SeleniumLibrary">
<msg time="2024-05-14T20:18:26.291450" level="INFO">Verifying element 'xpath://*[@id="checkout_summary_container"]/div/div[1]/div[5]/div[2]/div[2]/div' contains exact text '$15.99'.</msg>
<arg>xpath://*[@id="checkout_summary_container"]/div/div[1]/div[5]/div[2]/div[2]/div</arg>
<arg>${item_price}</arg>
<doc>Verifies that element ``locator`` contains exact the text ``expected``.</doc>
<status status="PASS" start="2024-05-14T20:18:26.291450" elapsed="0.006973"/>
</kw>
<arg>${ITEMS}[2]</arg>
<arg>${ITEM3_DESC}</arg>
<arg>${ITEMS_PRICE}[2]</arg>
<status status="PASS" start="2024-05-14T20:18:26.271378" elapsed="0.027045"/>
</kw>
<kw name="Verify Fourth item in checkout" owner="resources">
<kw name="Element Text Should Be" owner="SeleniumLibrary">
<msg time="2024-05-14T20:18:26.299419" level="INFO">Verifying element 'xpath://*[@id="checkout_summary_container"]/div/div[1]/div[6]/div[1]' contains exact text '1'.</msg>
<arg>xpath://*[@id="checkout_summary_container"]/div/div[1]/div[6]/div[1]</arg>
<arg>1</arg>
<doc>Verifies that element ``locator`` contains exact the text ``expected``.</doc>
<status status="PASS" start="2024-05-14T20:18:26.299419" elapsed="0.006976"/>
</kw>
<kw name="Element Text Should Be" owner="SeleniumLibrary">
<msg time="2024-05-14T20:18:26.306395" level="INFO">Verifying element 'xpath://*[@id="checkout_summary_container"]/div/div[1]/div[6]/div[2]/a/div' contains exact text 'Sauce Labs Fleece Jacket'.</msg>
<arg>xpath://*[@id="checkout_summary_container"]/div/div[1]/div[6]/div[2]/a/div</arg>
<arg>${item_name}</arg>
<doc>Verifies that element ``locator`` contains exact the text ``expected``.</doc>
<status status="PASS" start="2024-05-14T20:18:26.306395" elapsed="0.006981"/>
</kw>
<kw name="Element Text Should Be" owner="SeleniumLibrary">
<msg time="2024-05-14T20:18:26.313376" level="INFO">Verifying element 'xpath://*[@id="checkout_summary_container"]/div/div[1]/div[6]/div[2]/div[1]' contains exact text 'It's not every day that you come across a midweight quarter-zip fleece jacket capable of handling everything from a relaxing day outdoors to a busy day at the office.'.</msg>
<arg>xpath://*[@id="checkout_summary_container"]/div/div[1]/div[6]/div[2]/div[1]</arg>
<arg>${item_desc}</arg>
<doc>Verifies that element ``locator`` contains exact the text ``expected``.</doc>
<status status="PASS" start="2024-05-14T20:18:26.313376" elapsed="0.007275"/>
</kw>
<kw name="Element Text Should Be" owner="SeleniumLibrary">
<msg time="2024-05-14T20:18:26.320651" level="INFO">Verifying element 'xpath://*[@id="checkout_summary_container"]/div/div[1]/div[6]/div[2]/div[2]/div' contains exact text '$49.99'.</msg>
<arg>xpath://*[@id="checkout_summary_container"]/div/div[1]/div[6]/div[2]/div[2]/div</arg>
<arg>${item_price}</arg>
<doc>Verifies that element ``locator`` contains exact the text ``expected``.</doc>
<status status="PASS" start="2024-05-14T20:18:26.320651" elapsed="0.006972"/>
</kw>
<arg>${ITEMS}[3]</arg>
<arg>${ITEM4_DESC}</arg>
<arg>${ITEMS_PRICE}[3]</arg>
<status status="PASS" start="2024-05-14T20:18:26.298423" elapsed="0.029200"/>
</kw>
<kw name="Verify Fifth item in checkout" owner="resources">
<kw name="Element Text Should Be" owner="SeleniumLibrary">
<msg time="2024-05-14T20:18:26.327623" level="INFO">Verifying element 'xpath://*[@id="checkout_summary_container"]/div/div[1]/div[7]/div[1]' contains exact text '1'.</msg>
<arg>xpath://*[@id="checkout_summary_container"]/div/div[1]/div[7]/div[1]</arg>
<arg>1</arg>
<doc>Verifies that element ``locator`` contains exact the text ``expected``.</doc>
<status status="PASS" start="2024-05-14T20:18:26.327623" elapsed="0.006981"/>
</kw>
<kw name="Element Text Should Be" owner="SeleniumLibrary">
<msg time="2024-05-14T20:18:26.334604" level="INFO">Verifying element 'xpath://*[@id="checkout_summary_container"]/div/div[1]/div[7]/div[2]/a/div' contains exact text 'Sauce Labs Onesie'.</msg>
<arg>xpath://*[@id="checkout_summary_container"]/div/div[1]/div[7]/div[2]/a/div</arg>
<arg>${item_name}</arg>
<doc>Verifies that element ``locator`` contains exact the text ``expected``.</doc>
<status status="PASS" start="2024-05-14T20:18:26.334604" elapsed="0.007198"/>
</kw>
<kw name="Element Text Should Be" owner="SeleniumLibrary">
<msg time="2024-05-14T20:18:26.341802" level="INFO">Verifying element 'xpath://*[@id="checkout_summary_container"]/div/div[1]/div[7]/div[2]/div[1]' contains exact text 'Rib snap infant onesie for the junior automation engineer in development. Reinforced 3-snap bottom closure, two-needle hemmed sleeved and bottom won't unravel.'.</msg>
<arg>xpath://*[@id="checkout_summary_container"]/div/div[1]/div[7]/div[2]/div[1]</arg>
<arg>${item_desc}</arg>
<doc>Verifies that element ``locator`` contains exact the text ``expected``.</doc>
<status status="PASS" start="2024-05-14T20:18:26.341802" elapsed="0.006940"/>
</kw>
<kw name="Element Text Should Be" owner="SeleniumLibrary">
<msg time="2024-05-14T20:18:26.348742" level="INFO">Verifying element 'xpath://*[@id="checkout_summary_container"]/div/div[1]/div[7]/div[2]/div[2]/div' contains exact text '$7.99'.</msg>
<arg>xpath://*[@id="checkout_summary_container"]/div/div[1]/div[7]/div[2]/div[2]/div</arg>
<arg>${item_price}</arg>
<doc>Verifies that element ``locator`` contains exact the text ``expected``.</doc>
<status status="PASS" start="2024-05-14T20:18:26.348742" elapsed="0.007022"/>
</kw>
<arg>${ITEMS}[4]</arg>
<arg>${ITEM5_DESC}</arg>
<arg>${ITEMS_PRICE}[4]</arg>
<status status="PASS" start="2024-05-14T20:18:26.327623" elapsed="0.028141"/>
</kw>
<kw name="Verify Sixth item in checkout" owner="resources">
<kw name="Element Text Should Be" owner="SeleniumLibrary">
<msg time="2024-05-14T20:18:26.356761" level="INFO">Verifying element 'xpath://*[@id="checkout_summary_container"]/div/div[1]/div[8]/div[1]' contains exact text '1'.</msg>
<arg>xpath://*[@id="checkout_summary_container"]/div/div[1]/div[8]/div[1]</arg>
<arg>1</arg>
<doc>Verifies that element ``locator`` contains exact the text ``expected``.</doc>
<status status="PASS" start="2024-05-14T20:18:26.355764" elapsed="0.008970"/>
</kw>
<kw name="Element Text Should Be" owner="SeleniumLibrary">
<msg time="2024-05-14T20:18:26.365730" level="INFO">Verifying element 'xpath://*[@id="checkout_summary_container"]/div/div[1]/div[8]/div[2]/a/div' contains exact text 'Test.allTheThings() T-Shirt (Red)'.</msg>
<arg>xpath://*[@id="checkout_summary_container"]/div/div[1]/div[8]/div[2]/a/div</arg>
<arg>${item_name}</arg>
<doc>Verifies that element ``locator`` contains exact the text ``expected``.</doc>
<status status="PASS" start="2024-05-14T20:18:26.365730" elapsed="0.008548"/>
</kw>
<kw name="Element Text Should Be" owner="SeleniumLibrary">
<msg time="2024-05-14T20:18:26.374278" level="INFO">Verifying element 'xpath://*[@id="checkout_summary_container"]/div/div[1]/div[8]/div[2]/div[1]' contains exact text 'This classic Sauce Labs t-shirt is perfect to wear when cozying up to your keyboard to automate a few tests. Super-soft and comfy ringspun combed cotton.'.</msg>
<arg>xpath://*[@id="checkout_summary_container"]/div/div[1]/div[8]/div[2]/div[1]</arg>
<arg>${item_desc}</arg>
<doc>Verifies that element ``locator`` contains exact the text ``expected``.</doc>
<status status="PASS" start="2024-05-14T20:18:26.374278" elapsed="0.008970"/>
</kw>
<kw name="Element Text Should Be" owner="SeleniumLibrary">
<msg time="2024-05-14T20:18:26.383248" level="INFO">Verifying element 'xpath://*[@id="checkout_summary_container"]/div/div[1]/div[8]/div[2]/div[2]/div' contains exact text '$15.99'.</msg>
<arg>xpath://*[@id="checkout_summary_container"]/div/div[1]/div[8]/div[2]/div[2]/div</arg>
<arg>${item_price}</arg>
<doc>Verifies that element ``locator`` contains exact the text ``expected``.</doc>
<status status="PASS" start="2024-05-14T20:18:26.383248" elapsed="0.008970"/>
</kw>
<arg>${ITEMS}[5]</arg>
<arg>${ITEM6_DESC}</arg>
<arg>${ITEMS_PRICE}[5]</arg>
<status status="PASS" start="2024-05-14T20:18:26.355764" elapsed="0.036454"/>
</kw>
<kw name="Verify Checkout overview" owner="resources">
<kw name="Element Text Should Be" owner="SeleniumLibrary">
<msg time="2024-05-14T20:18:26.392218" level="INFO">Verifying element 'class=title' contains exact text 'Checkout: Overview'.</msg>
<arg>class=title</arg>
<arg>Checkout: Overview</arg>
<doc>Verifies that element ``locator`` contains exact the text ``expected``.</doc>
<status status="PASS" start="2024-05-14T20:18:26.392218" elapsed="0.007214"/>
</kw>
<kw name="Element Text Should Be" owner="SeleniumLibrary">
<msg time="2024-05-14T20:18:26.399432" level="INFO">Verifying element 'xpath://*[@id="checkout_summary_container"]/div/div[2]/div[1]' contains exact text 'Payment Information:'.</msg>
<arg>xpath://*[@id="checkout_summary_container"]/div/div[2]/div[1]</arg>
<arg>Payment Information:</arg>
<doc>Verifies that element ``locator`` contains exact the text ``expected``.</doc>
<status status="PASS" start="2024-05-14T20:18:26.399432" elapsed="0.007985"/>
</kw>
<kw name="Element Text Should Be" owner="SeleniumLibrary">
<msg time="2024-05-14T20:18:26.408409" level="INFO">Verifying element 'xpath://*[@id="checkout_summary_container"]/div/div[2]/div[2]' contains exact text 'SauceCard #31337'.</msg>
<arg>xpath://*[@id="checkout_summary_container"]/div/div[2]/div[2]</arg>
<arg>SauceCard #31337</arg>
<doc>Verifies that element ``locator`` contains exact the text ``expected``.</doc>
<status status="PASS" start="2024-05-14T20:18:26.408409" elapsed="0.007977"/>
</kw>
<kw name="Element Text Should Be" owner="SeleniumLibrary">
<msg time="2024-05-14T20:18:26.416386" level="INFO">Verifying element 'xpath://*[@id="checkout_summary_container"]/div/div[2]/div[3]' contains exact text 'Shipping Information:'.</msg>
<arg>xpath://*[@id="checkout_summary_container"]/div/div[2]/div[3]</arg>
<arg>Shipping Information:</arg>
<doc>Verifies that element ``locator`` contains exact the text ``expected``.</doc>
<status status="PASS" start="2024-05-14T20:18:26.416386" elapsed="0.006977"/>
</kw>
<kw name="Element Text Should Be" owner="SeleniumLibrary">
<msg time="2024-05-14T20:18:26.423363" level="INFO">Verifying element 'xpath://*[@id="checkout_summary_container"]/div/div[2]/div[4]' contains exact text 'Free Pony Express Delivery!'.</msg>
<arg>xpath://*[@id="checkout_summary_container"]/div/div[2]/div[4]</arg>
<arg>Free Pony Express Delivery!</arg>
<doc>Verifies that element ``locator`` contains exact the text ``expected``.</doc>
<status status="PASS" start="2024-05-14T20:18:26.423363" elapsed="0.006655"/>
</kw>
<kw name="Element Text Should Be" owner="SeleniumLibrary">
<msg time="2024-05-14T20:18:26.430018" level="INFO">Verifying element 'xpath://*[@id="checkout_summary_container"]/div/div[2]/div[5]' contains exact text 'Price Total'.</msg>
<arg>xpath://*[@id="checkout_summary_container"]/div/div[2]/div[5]</arg>
<arg>Price Total</arg>
<doc>Verifies that element ``locator`` contains exact the text ``expected``.</doc>
<status status="PASS" start="2024-05-14T20:18:26.430018" elapsed="0.006977"/>
</kw>
<kw name="Element Text Should Be" owner="SeleniumLibrary">
<msg time="2024-05-14T20:18:26.436995" level="INFO">Verifying element 'xpath://*[@id="checkout_summary_container"]/div/div[2]/div[6]' contains exact text 'Item total: $129.94'.</msg>
<arg>xpath://*[@id="checkout_summary_container"]/div/div[2]/div[6]</arg>
<arg>Item total: ${item_total}</arg>
<doc>Verifies that element ``locator`` contains exact the text ``expected``.</doc>
<status status="PASS" start="2024-05-14T20:18:26.436995" elapsed="0.006977"/>
</kw>
<kw name="Element Text Should Be" owner="SeleniumLibrary">
<msg time="2024-05-14T20:18:26.443972" level="INFO">Verifying element 'xpath://*[@id="checkout_summary_container"]/div/div[2]/div[7]' contains exact text 'Tax: $10.40'.</msg>
<arg>xpath://*[@id="checkout_summary_container"]/div/div[2]/div[7]</arg>
<arg>Tax: ${tax}</arg>
<doc>Verifies that element ``locator`` contains exact the text ``expected``.</doc>
<status status="PASS" start="2024-05-14T20:18:26.443972" elapsed="0.005980"/>
</kw>
<kw name="Element Text Should Be" owner="SeleniumLibrary">
<msg time="2024-05-14T20:18:26.450949" level="INFO">Verifying element 'xpath://*[@id="checkout_summary_container"]/div/div[2]/div[8]' contains exact text 'Total: $140.34'.</msg>
<arg>xpath://*[@id="checkout_summary_container"]/div/div[2]/div[8]</arg>
<arg>Total: ${total}</arg>
<doc>Verifies that element ``locator`` contains exact the text ``expected``.</doc>
<status status="PASS" start="2024-05-14T20:18:26.450949" elapsed="0.005980"/>
</kw>
<kw name="Page Should Contain Element" owner="SeleniumLibrary">
<msg time="2024-05-14T20:18:26.460915" level="INFO">Current page contains element 'id:cancel'.</msg>
<arg>id:cancel</arg>
<doc>Verifies that element ``locator`` is found on the current page.</doc>
<status status="PASS" start="2024-05-14T20:18:26.456929" elapsed="0.003986"/>
</kw>
<kw name="Page Should Contain Element" owner="SeleniumLibrary">
<msg time="2024-05-14T20:18:26.463905" level="INFO">Current page contains element 'id:finish'.</msg>
<arg>id:finish</arg>
<doc>Verifies that element ``locator`` is found on the current page.</doc>
<status status="PASS" start="2024-05-14T20:18:26.460915" elapsed="0.002990"/>
</kw>
<arg>$129.94</arg>
<arg>$10.40</arg>
<arg>$140.34</arg>
<status status="PASS" start="2024-05-14T20:18:26.392218" elapsed="0.071687"/>
</kw>
<kw name="Go finish" owner="resources">
<kw name="Click Button" owner="SeleniumLibrary">
<msg time="2024-05-14T20:18:26.464902" level="INFO">Clicking button 'id=finish'.</msg>
<arg>id=finish</arg>
<doc>Clicks the button identified by ``locator``.</doc>
<status status="PASS" start="2024-05-14T20:18:26.463905" elapsed="0.032454"/>
</kw>
<kw name="Page Should Contain" owner="SeleniumLibrary">
<msg time="2024-05-14T20:18:26.504714" level="INFO">Current page contains text 'Checkout: Complete!'.</msg>
<arg>Checkout: Complete!</arg>
<doc>Verifies that current page contains ``text``.</doc>
<status status="PASS" start="2024-05-14T20:18:26.496359" elapsed="0.008355"/>
</kw>
<kw name="Element Text Should Be" owner="SeleniumLibrary">
<msg time="2024-05-14T20:18:26.504714" level="INFO">Verifying element 'class=complete-header' contains exact text 'Thank you for your order!'.</msg>
<arg>class=complete-header</arg>
<arg>Thank you for your order!</arg>
<doc>Verifies that element ``locator`` contains exact the text ``expected``.</doc>
<status status="PASS" start="2024-05-14T20:18:26.504714" elapsed="0.010971"/>
</kw>
<kw name="Element Text Should Be" owner="SeleniumLibrary">
<msg time="2024-05-14T20:18:26.515685" level="INFO">Verifying element 'class=complete-text' contains exact text 'Your order has been dispatched, and will arrive just as fast as the pony can get there!'.</msg>
<arg>class=complete-text</arg>
<arg>Your order has been dispatched, and will arrive just as fast as the pony can get there!</arg>
<doc>Verifies that element ``locator`` contains exact the text ``expected``.</doc>
<status status="PASS" start="2024-05-14T20:18:26.515685" elapsed="0.009530"/>
</kw>
<kw name="Page Should Contain Element" owner="SeleniumLibrary">
<msg time="2024-05-14T20:18:26.531195" level="INFO">Current page contains element 'xpath://*[@id="checkout_complete_container"]/img'.</msg>
<arg>xpath://*[@id="checkout_complete_container"]/img</arg>
<doc>Verifies that element ``locator`` is found on the current page.</doc>
<status status="PASS" start="2024-05-14T20:18:26.526212" elapsed="0.004983"/>
</kw>
<kw name="Element Text Should Be" owner="SeleniumLibrary">
<msg time="2024-05-14T20:18:26.532192" level="INFO">Verifying element 'id:back-to-products' contains exact text 'Back Home'.</msg>
<arg>id:back-to-products</arg>
<arg>Back Home</arg>
<doc>Verifies that element ``locator`` contains exact the text ``expected``.</doc>
<status status="PASS" start="2024-05-14T20:18:26.532192" elapsed="0.009315"/>
</kw>
<status status="PASS" start="2024-05-14T20:18:26.463905" elapsed="0.077602"/>
</kw>
<kw name="Go back to home page" owner="resources">
<kw name="Click Element" owner="SeleniumLibrary">
<msg time="2024-05-14T20:18:26.542563" level="INFO">Clicking element 'id:back-to-products'.</msg>
<arg>id:back-to-products</arg>
<doc>Click the element identified by ``locator``.</doc>
<status status="PASS" start="2024-05-14T20:18:26.542563" elapsed="0.026523"/>
</kw>
<status status="PASS" start="2024-05-14T20:18:26.541507" elapsed="0.027579"/>
</kw>
<kw name="Close Browser" owner="SeleniumLibrary">
<doc>Closes the current browser.</doc>
<status status="PASS" start="2024-05-14T20:18:26.570150" elapsed="2.101137"/>
</kw>
<status status="PASS" start="2024-05-14T20:18:14.700599" elapsed="13.971620"/>
</test>
<status status="FAIL" start="2024-05-14T20:16:07.693374" elapsed="140.979842"/>
</suite>
<statistics>
<total>
<stat pass="11" fail="2" skip="0">All Tests</stat>
</total>
<tag>
</tag>
<suite>
<stat pass="11" fail="2" skip="0" id="s1" name="Checkout Visual User Test">Checkout Visual User Test</stat>
</suite>
</statistics>
<errors>
</errors>
</robot>
