<?xml version="1.0" encoding="UTF-8"?>
<robot generator="Robot 7.0 (Python 3.11.0 on win32)" generated="2024-05-14T20:13:53.319917" rpa="false" schemaversion="5">
<suite id="s1" name="Checkout Problem User Test" source="C:\TailieuhctapPM\Kiem thu\Thuc hanh\GK\gk\Checkout test\problem user\checkout_problem_user_test.robot">
<test id="s1-t1" name="Verify checkout with empty cart with problem user" line="6">
<kw name="Open Browser to Login" owner="resources">
<kw name="Open Browser" owner="SeleniumLibrary">
<msg time="2024-05-14T20:13:53.492026" level="INFO">Opening browser 'Chrome' to base url 'https://www.saucedemo.com/'.</msg>
<arg>${URL}</arg>
<arg>${BROWSER}</arg>
<doc>Opens a new browser instance to the optional ``url``.</doc>
<status status="PASS" start="2024-05-14T20:13:53.492026" elapsed="5.882431"/>
</kw>
<kw name="Page Should Contain Element" owner="SeleniumLibrary">
<msg time="2024-05-14T20:13:59.381837" level="INFO">Current page contains element 'id=login-button'.</msg>
<arg>id=login-button</arg>
<doc>Verifies that element ``locator`` is found on the current page.</doc>
<status status="PASS" start="2024-05-14T20:13:59.374457" elapsed="0.007380"/>
</kw>
<status status="PASS" start="2024-05-14T20:13:53.491025" elapsed="5.890812"/>
</kw>
<kw name="Maximize Browser Window" owner="SeleniumLibrary">
<doc>Maximizes current browser window.</doc>
<status status="PASS" start="2024-05-14T20:13:59.382838" elapsed="0.019411"/>
</kw>
<kw name="Login with problem user" owner="resources">
<kw name="Input Text" owner="SeleniumLibrary">
<msg time="2024-05-14T20:13:59.404246" level="INFO">Typing text 'problem_user' into text field 'id=user-name'.</msg>
<arg>id=user-name</arg>
<arg>${PROBLEM_USER}</arg>
<doc>Types the given ``text`` into the text field identified by ``locator``.</doc>
<status status="PASS" start="2024-05-14T20:13:59.403247" elapsed="0.070078"/>
</kw>
<kw name="Input Text" owner="SeleniumLibrary">
<msg time="2024-05-14T20:13:59.474318" level="INFO">Typing text 'secret_sauce' into text field 'id=password'.</msg>
<arg>id=password</arg>
<arg>${PASSWORD}</arg>
<doc>Types the given ``text`` into the text field identified by ``locator``.</doc>
<status status="PASS" start="2024-05-14T20:13:59.474318" elapsed="0.048458"/>
</kw>
<kw name="Click Button" owner="SeleniumLibrary">
<msg time="2024-05-14T20:13:59.523777" level="INFO">Clicking button 'css=.btn_action'.</msg>
<arg>css=.btn_action</arg>
<doc>Clicks the button identified by ``locator``.</doc>
<status status="PASS" start="2024-05-14T20:13:59.523777" elapsed="0.056960"/>
</kw>
<kw name="Sleep" owner="BuiltIn">
<msg time="2024-05-14T20:14:01.580891" level="INFO">Slept 2 seconds.</msg>
<arg>2</arg>
<doc>Pauses the test executed for the given time.</doc>
<status status="PASS" start="2024-05-14T20:13:59.580737" elapsed="2.000154"/>
</kw>
<kw name="Element Text Should Be" owner="SeleniumLibrary">
<msg time="2024-05-14T20:14:01.580891" level="INFO">Verifying element 'class:title' contains exact text 'Products'.</msg>
<arg>class:title</arg>
<arg>Products</arg>
<doc>Verifies that element ``locator`` contains exact the text ``expected``.</doc>
<status status="PASS" start="2024-05-14T20:14:01.580891" elapsed="0.015963"/>
</kw>
<status status="PASS" start="2024-05-14T20:13:59.403247" elapsed="2.193607"/>
</kw>
<kw name="Go to cart" owner="resources">
<kw name="Click Element" owner="SeleniumLibrary">
<msg time="2024-05-14T20:14:01.597855" level="INFO">Clicking element 'xpath://*[@id="shopping_cart_container"]/a'.</msg>
<arg>xpath://*[@id="shopping_cart_container"]/a</arg>
<doc>Click the element identified by ``locator``.</doc>
<status status="PASS" start="2024-05-14T20:14:01.596854" elapsed="0.028461"/>
</kw>
<kw name="Verify Cart page" owner="resources">
<kw name="Element Text Should Be" owner="SeleniumLibrary">
<msg time="2024-05-14T20:14:01.626001" level="INFO">Verifying element 'xpath://*[@id="header_container"]/div[2]/span' contains exact text 'Your Cart'.</msg>
<arg>xpath://*[@id="header_container"]/div[2]/span</arg>
<arg>Your Cart</arg>
<doc>Verifies that element ``locator`` contains exact the text ``expected``.</doc>
<status status="PASS" start="2024-05-14T20:14:01.626001" elapsed="0.014011"/>
</kw>
<kw name="Page Should Contain Element" owner="SeleniumLibrary">
<msg time="2024-05-14T20:14:01.645993" level="INFO">Current page contains element 'id:checkout'.</msg>
<arg>id:checkout</arg>
<doc>Verifies that element ``locator`` is found on the current page.</doc>
<status status="PASS" start="2024-05-14T20:14:01.640012" elapsed="0.005981"/>
</kw>
<kw name="Page Should Contain Element" owner="SeleniumLibrary">
<msg time="2024-05-14T20:14:01.650980" level="INFO">Current page contains element 'id:continue-shopping'.</msg>
<arg>id:continue-shopping</arg>
<doc>Verifies that element ``locator`` is found on the current page.</doc>
<status status="PASS" start="2024-05-14T20:14:01.645993" elapsed="0.004987"/>
</kw>
<kw name="Page Should Contain" owner="SeleniumLibrary">
<msg time="2024-05-14T20:14:01.657953" level="INFO">Current page contains text 'QTY'.</msg>
<arg>QTY</arg>
<doc>Verifies that current page contains ``text``.</doc>
<status status="PASS" start="2024-05-14T20:14:01.650980" elapsed="0.006973"/>
</kw>
<kw name="Page Should Contain" owner="SeleniumLibrary">
<msg time="2024-05-14T20:14:01.663936" level="INFO">Current page contains text 'Description'.</msg>
<arg>Description</arg>
<doc>Verifies that current page contains ``text``.</doc>
<status status="PASS" start="2024-05-14T20:14:01.657953" elapsed="0.006980"/>
</kw>
<status status="PASS" start="2024-05-14T20:14:01.626001" elapsed="0.038932"/>
</kw>
<status status="PASS" start="2024-05-14T20:14:01.596854" elapsed="0.068079"/>
</kw>
<kw name="Verify cart is empty" owner="resources">
<kw name="Verify Item not existing in cart" owner="resources">
<kw name="Page Should Not Contain" owner="SeleniumLibrary">
<msg time="2024-05-14T20:14:01.675898" level="INFO">Current page does not contain text 'Sauce Labs Backpack'.</msg>
<arg>${item_name}</arg>
<doc>Verifies the current page does not contain ``text``.</doc>
<status status="PASS" start="2024-05-14T20:14:01.664933" elapsed="0.010965"/>
</kw>
<kw name="Page Should Not Contain" owner="SeleniumLibrary">
<msg time="2024-05-14T20:14:01.684867" level="INFO">Current page does not contain text 'carry.allTheThings() with the sleek, streamlined Sly Pack that melds uncompromising style with unequaled laptop and tablet protection.'.</msg>
<arg>${item_desc}</arg>
<doc>Verifies the current page does not contain ``text``.</doc>
<status status="PASS" start="2024-05-14T20:14:01.675898" elapsed="0.008969"/>
</kw>
<arg>${ITEMS}[0]</arg>
<arg>${ITEM1_DESC}</arg>
<status status="PASS" start="2024-05-14T20:14:01.664933" elapsed="0.019934"/>
</kw>
<kw name="Verify Item not existing in cart" owner="resources">
<kw name="Page Should Not Contain" owner="SeleniumLibrary">
<msg time="2024-05-14T20:14:01.694934" level="INFO">Current page does not contain text 'Sauce Labs Bike Light'.</msg>
<arg>${item_name}</arg>
<doc>Verifies the current page does not contain ``text``.</doc>
<status status="PASS" start="2024-05-14T20:14:01.685859" elapsed="0.009075"/>
</kw>
<kw name="Page Should Not Contain" owner="SeleniumLibrary">
<msg time="2024-05-14T20:14:01.703904" level="INFO">Current page does not contain text 'A red light isn't the desired state in testing but it sure helps when riding your bike at night. Water-resistant with 3 lighting modes, 1 AAA battery included.'.</msg>
<arg>${item_desc}</arg>
<doc>Verifies the current page does not contain ``text``.</doc>
<status status="PASS" start="2024-05-14T20:14:01.694934" elapsed="0.008970"/>
</kw>
<arg>${ITEMS}[1]</arg>
<arg>${ITEM2_DESC}</arg>
<status status="PASS" start="2024-05-14T20:14:01.685859" elapsed="0.018045"/>
</kw>
<kw name="Verify Item not existing in cart" owner="resources">
<kw name="Page Should Not Contain" owner="SeleniumLibrary">
<msg time="2024-05-14T20:14:01.713175" level="INFO">Current page does not contain text 'Sauce Labs Bolt T-Shirt'.</msg>
<arg>${item_name}</arg>
<doc>Verifies the current page does not contain ``text``.</doc>
<status status="PASS" start="2024-05-14T20:14:01.703904" elapsed="0.009271"/>
</kw>
<kw name="Page Should Not Contain" owner="SeleniumLibrary">
<msg time="2024-05-14T20:14:01.722141" level="INFO">Current page does not contain text 'Get your testing superhero on with the Sauce Labs bolt T-shirt. From American Apparel, 100% ringspun combed cotton, heather gray with red bolt.'.</msg>
<arg>${item_desc}</arg>
<doc>Verifies the current page does not contain ``text``.</doc>
<status status="PASS" start="2024-05-14T20:14:01.713175" elapsed="0.008966"/>
</kw>
<arg>${ITEMS}[2]</arg>
<arg>${ITEM3_DESC}</arg>
<status status="PASS" start="2024-05-14T20:14:01.703904" elapsed="0.018237"/>
</kw>
<kw name="Verify Item not existing in cart" owner="resources">
<kw name="Page Should Not Contain" owner="SeleniumLibrary">
<msg time="2024-05-14T20:14:01.731111" level="INFO">Current page does not contain text 'Sauce Labs Fleece Jacket'.</msg>
<arg>${item_name}</arg>
<doc>Verifies the current page does not contain ``text``.</doc>
<status status="PASS" start="2024-05-14T20:14:01.722141" elapsed="0.008970"/>
</kw>
<kw name="Page Should Not Contain" owner="SeleniumLibrary">
<msg time="2024-05-14T20:14:01.740085" level="INFO">Current page does not contain text 'It's not every day that you come across a midweight quarter-zip fleece jacket capable of handling everything from a relaxing day outdoors to a busy day at the office.'.</msg>
<arg>${item_desc}</arg>
<doc>Verifies the current page does not contain ``text``.</doc>
<status status="PASS" start="2024-05-14T20:14:01.731111" elapsed="0.008974"/>
</kw>
<arg>${ITEMS}[3]</arg>
<arg>${ITEM4_DESC}</arg>
<status status="PASS" start="2024-05-14T20:14:01.722141" elapsed="0.017944"/>
</kw>
<kw name="Verify Item not existing in cart" owner="resources">
<kw name="Page Should Not Contain" owner="SeleniumLibrary">
<msg time="2024-05-14T20:14:01.749037" level="INFO">Current page does not contain text 'Sauce Labs Onesie'.</msg>
<arg>${item_name}</arg>
<doc>Verifies the current page does not contain ``text``.</doc>
<status status="PASS" start="2024-05-14T20:14:01.741082" elapsed="0.008970"/>
</kw>
<kw name="Page Should Not Contain" owner="SeleniumLibrary">
<msg time="2024-05-14T20:14:01.758025" level="INFO">Current page does not contain text 'Rib snap infant onesie for the junior automation engineer in development. Reinforced 3-snap bottom closure, two-needle hemmed sleeved and bottom won't unravel.'.</msg>
<arg>${item_desc}</arg>
<doc>Verifies the current page does not contain ``text``.</doc>
<status status="PASS" start="2024-05-14T20:14:01.750052" elapsed="0.007973"/>
</kw>
<arg>${ITEMS}[4]</arg>
<arg>${ITEM5_DESC}</arg>
<status status="PASS" start="2024-05-14T20:14:01.740085" elapsed="0.017940"/>
</kw>
<kw name="Verify Item not existing in cart" owner="resources">
<kw name="Page Should Not Contain" owner="SeleniumLibrary">
<msg time="2024-05-14T20:14:01.767988" level="INFO">Current page does not contain text 'Test.allTheThings() T-Shirt (Red)'.</msg>
<arg>${item_name}</arg>
<doc>Verifies the current page does not contain ``text``.</doc>
<status status="PASS" start="2024-05-14T20:14:01.759022" elapsed="0.008966"/>
</kw>
<kw name="Page Should Not Contain" owner="SeleniumLibrary">
<msg time="2024-05-14T20:14:01.776962" level="INFO">Current page does not contain text 'This classic Sauce Labs t-shirt is perfect to wear when cozying up to your keyboard to automate a few tests. Super-soft and comfy ringspun combed cotton.'.</msg>
<arg>${item_desc}</arg>
<doc>Verifies the current page does not contain ``text``.</doc>
<status status="PASS" start="2024-05-14T20:14:01.767988" elapsed="0.008974"/>
</kw>
<arg>${ITEMS}[5]</arg>
<arg>${ITEM6_DESC}</arg>
<status status="PASS" start="2024-05-14T20:14:01.759022" elapsed="0.017940"/>
</kw>
<kw name="Element Should Not Be Visible" owner="SeleniumLibrary">
<msg time="2024-05-14T20:14:01.781945" level="INFO">Element 'xpath://*[@id="shopping_cart_container"]/a/span' did not exist.</msg>
<arg>xpath://*[@id="shopping_cart_container"]/a/span</arg>
<doc>Verifies that the element identified by ``locator`` is NOT visible.</doc>
<status status="PASS" start="2024-05-14T20:14:01.776962" elapsed="0.004983"/>
</kw>
<status status="PASS" start="2024-05-14T20:14:01.664933" elapsed="0.117012"/>
</kw>
<kw name="Go to checkout page" owner="resources">
<kw name="Click Button" owner="SeleniumLibrary">
<msg time="2024-05-14T20:14:01.783023" level="INFO">Clicking button 'id=checkout'.</msg>
<arg>id=checkout</arg>
<doc>Clicks the button identified by ``locator``.</doc>
<status status="PASS" start="2024-05-14T20:14:01.783023" elapsed="0.030059"/>
</kw>
<status status="PASS" start="2024-05-14T20:14:01.783023" elapsed="0.030059"/>
</kw>
<kw name="Verify Checkout Page" owner="resources">
<kw name="Element Text Should Be" owner="SeleniumLibrary">
<msg time="2024-05-14T20:14:01.814078" level="INFO">Verifying element 'class=title' contains exact text 'Checkout: Your Information'.</msg>
<arg>class=title</arg>
<arg>Checkout: Your Information</arg>
<doc>Verifies that element ``locator`` contains exact the text ``expected``.</doc>
<status status="PASS" start="2024-05-14T20:14:01.814078" elapsed="0.010966"/>
</kw>
<kw name="Page Should Contain Element" owner="SeleniumLibrary">
<msg time="2024-05-14T20:14:01.831026" level="INFO">Current page contains element 'id:first-name'.</msg>
<arg>id:first-name</arg>
<doc>Verifies that element ``locator`` is found on the current page.</doc>
<status status="PASS" start="2024-05-14T20:14:01.825044" elapsed="0.005982"/>
</kw>
<kw name="Page Should Contain Element" owner="SeleniumLibrary">
<msg time="2024-05-14T20:14:01.836009" level="INFO">Current page contains element 'id:last-name'.</msg>
<arg>id:last-name</arg>
<doc>Verifies that element ``locator`` is found on the current page.</doc>
<status status="PASS" start="2024-05-14T20:14:01.831026" elapsed="0.004983"/>
</kw>
<kw name="Page Should Contain Element" owner="SeleniumLibrary">
<msg time="2024-05-14T20:14:01.841988" level="INFO">Current page contains element 'id:postal-code'.</msg>
<arg>id:postal-code</arg>
<doc>Verifies that element ``locator`` is found on the current page.</doc>
<status status="PASS" start="2024-05-14T20:14:01.837005" elapsed="0.004983"/>
</kw>
<kw name="Element Attribute Value Should Be" owner="SeleniumLibrary">
<msg time="2024-05-14T20:14:01.849961" level="INFO">Element 'id:first-name' attribute 'placeholder' contains value 'First Name'.</msg>
<arg>id:first-name</arg>
<arg>placeholder</arg>
<arg>First Name</arg>
<doc>Verifies element identified by ``locator`` contains expected attribute value.</doc>
<status status="PASS" start="2024-05-14T20:14:01.841988" elapsed="0.007973"/>
</kw>
<kw name="Element Attribute Value Should Be" owner="SeleniumLibrary">
<msg time="2024-05-14T20:14:01.856302" level="INFO">Element 'id:last-name' attribute 'placeholder' contains value 'Last Name'.</msg>
<arg>id:last-name</arg>
<arg>placeholder</arg>
<arg>Last Name</arg>
<doc>Verifies element identified by ``locator`` contains expected attribute value.</doc>
<status status="PASS" start="2024-05-14T20:14:01.849961" elapsed="0.006341"/>
</kw>
<kw name="Element Attribute Value Should Be" owner="SeleniumLibrary">
<msg time="2024-05-14T20:14:01.862286" level="INFO">Element 'id:postal-code' attribute 'placeholder' contains value 'Zip/Postal Code'.</msg>
<arg>id:postal-code</arg>
<arg>placeholder</arg>
<arg>Zip/Postal Code</arg>
<doc>Verifies element identified by ``locator`` contains expected attribute value.</doc>
<status status="PASS" start="2024-05-14T20:14:01.857303" elapsed="0.004983"/>
</kw>
<kw name="Page Should Contain Element" owner="SeleniumLibrary">
<msg time="2024-05-14T20:14:01.868266" level="INFO">Current page contains element 'id:continue'.</msg>
<arg>id:continue</arg>
<doc>Verifies that element ``locator`` is found on the current page.</doc>
<status status="PASS" start="2024-05-14T20:14:01.862286" elapsed="0.005980"/>
</kw>
<kw name="Page Should Contain Element" owner="SeleniumLibrary">
<msg time="2024-05-14T20:14:01.873249" level="INFO">Current page contains element 'id:cancel'.</msg>
<arg>id:cancel</arg>
<doc>Verifies that element ``locator`` is found on the current page.</doc>
<status status="PASS" start="2024-05-14T20:14:01.868266" elapsed="0.004983"/>
</kw>
<status status="PASS" start="2024-05-14T20:14:01.814078" elapsed="0.059171"/>
</kw>
<kw name="Close Browser" owner="SeleniumLibrary">
<doc>Closes the current browser.</doc>
<status status="PASS" start="2024-05-14T20:14:01.874242" elapsed="2.090822"/>
</kw>
<kw name="Fail" owner="BuiltIn">
<msg time="2024-05-14T20:14:03.965898" level="FAIL">With empty cart Checkout function must be not available.</msg>
<arg>With empty cart Checkout function must be not available.</arg>
<doc>Fails the test with the given message and optionally alters its tags.</doc>
<status status="FAIL" start="2024-05-14T20:14:03.965898" elapsed="0.000000">With empty cart Checkout function must be not available.</status>
</kw>
<status status="FAIL" start="2024-05-14T20:13:53.491025" elapsed="10.475954">With empty cart Checkout function must be not available.</status>
</test>
<test id="s1-t2" name="Fill valid info at Checkout page with problem user" line="20">
<kw name="Open Browser to Login" owner="resources">
<kw name="Open Browser" owner="SeleniumLibrary">
<msg time="2024-05-14T20:14:03.967893" level="INFO">Opening browser 'Chrome' to base url 'https://www.saucedemo.com/'.</msg>
<arg>${URL}</arg>
<arg>${BROWSER}</arg>
<doc>Opens a new browser instance to the optional ``url``.</doc>
<status status="PASS" start="2024-05-14T20:14:03.967893" elapsed="6.183192"/>
</kw>
<kw name="Page Should Contain Element" owner="SeleniumLibrary">
<msg time="2024-05-14T20:14:10.158471" level="INFO">Current page contains element 'id=login-button'.</msg>
<arg>id=login-button</arg>
<doc>Verifies that element ``locator`` is found on the current page.</doc>
<status status="PASS" start="2024-05-14T20:14:10.151085" elapsed="0.007386"/>
</kw>
<status status="PASS" start="2024-05-14T20:14:03.967893" elapsed="6.190578"/>
</kw>
<kw name="Maximize Browser Window" owner="SeleniumLibrary">
<doc>Maximizes current browser window.</doc>
<status status="PASS" start="2024-05-14T20:14:10.159468" elapsed="0.015409"/>
</kw>
<kw name="Login with problem user" owner="resources">
<kw name="Input Text" owner="SeleniumLibrary">
<msg time="2024-05-14T20:14:10.175889" level="INFO">Typing text 'problem_user' into text field 'id=user-name'.</msg>
<arg>id=user-name</arg>
<arg>${PROBLEM_USER}</arg>
<doc>Types the given ``text`` into the text field identified by ``locator``.</doc>
<status status="PASS" start="2024-05-14T20:14:10.175889" elapsed="0.071238"/>
</kw>
<kw name="Input Text" owner="SeleniumLibrary">
<msg time="2024-05-14T20:14:10.247127" level="INFO">Typing text 'secret_sauce' into text field 'id=password'.</msg>
<arg>id=password</arg>
<arg>${PASSWORD}</arg>
<doc>Types the given ``text`` into the text field identified by ``locator``.</doc>
<status status="PASS" start="2024-05-14T20:14:10.247127" elapsed="0.050904"/>
</kw>
<kw name="Click Button" owner="SeleniumLibrary">
<msg time="2024-05-14T20:14:10.299029" level="INFO">Clicking button 'css=.btn_action'.</msg>
<arg>css=.btn_action</arg>
<doc>Clicks the button identified by ``locator``.</doc>
<status status="PASS" start="2024-05-14T20:14:10.299029" elapsed="0.058029"/>
</kw>
<kw name="Sleep" owner="BuiltIn">
<msg time="2024-05-14T20:14:12.357627" level="INFO">Slept 2 seconds.</msg>
<arg>2</arg>
<doc>Pauses the test executed for the given time.</doc>
<status status="PASS" start="2024-05-14T20:14:10.357058" elapsed="2.000569"/>
</kw>
<kw name="Element Text Should Be" owner="SeleniumLibrary">
<msg time="2024-05-14T20:14:12.357627" level="INFO">Verifying element 'class:title' contains exact text 'Products'.</msg>
<arg>class:title</arg>
<arg>Products</arg>
<doc>Verifies that element ``locator`` contains exact the text ``expected``.</doc>
<status status="PASS" start="2024-05-14T20:14:12.357627" elapsed="0.016786"/>
</kw>
<status status="PASS" start="2024-05-14T20:14:10.175889" elapsed="2.198524"/>
</kw>
<kw name="Buy Sauce Labs Backpack" owner="resources">
<kw name="Click Button" owner="SeleniumLibrary">
<msg time="2024-05-14T20:14:12.374413" level="INFO">Clicking button 'id:add-to-cart-sauce-labs-backpack'.</msg>
<arg>id:add-to-cart-sauce-labs-backpack</arg>
<doc>Clicks the button identified by ``locator``.</doc>
<status status="PASS" start="2024-05-14T20:14:12.374413" elapsed="0.030525"/>
</kw>
<kw name="Wait Until Element Is Visible" owner="SeleniumLibrary">
<arg>id:remove-sauce-labs-backpack</arg>
<doc>Waits until the element ``locator`` is visible.</doc>
<status status="PASS" start="2024-05-14T20:14:12.404938" elapsed="0.011960"/>
</kw>
<kw name="Element Should Not Be Visible" owner="SeleniumLibrary">
<msg time="2024-05-14T20:14:12.420889" level="INFO">Element 'id:add-to-cart-sauce-labs-backpack' did not exist.</msg>
<arg>id:add-to-cart-sauce-labs-backpack</arg>
<doc>Verifies that the element identified by ``locator`` is NOT visible.</doc>
<status status="PASS" start="2024-05-14T20:14:12.416898" elapsed="0.003991"/>
</kw>
<kw name="Element Text Should Be" owner="SeleniumLibrary">
<msg time="2024-05-14T20:14:12.421886" level="INFO">Verifying element 'id:remove-sauce-labs-backpack' contains exact text 'Remove'.</msg>
<arg>id:remove-sauce-labs-backpack</arg>
<arg>Remove</arg>
<doc>Verifies that element ``locator`` contains exact the text ``expected``.</doc>
<status status="PASS" start="2024-05-14T20:14:12.420889" elapsed="0.008190"/>
</kw>
<status status="PASS" start="2024-05-14T20:14:12.374413" elapsed="0.054666"/>
</kw>
<kw name="Go to cart" owner="resources">
<kw name="Click Element" owner="SeleniumLibrary">
<msg time="2024-05-14T20:14:12.430080" level="INFO">Clicking element 'xpath://*[@id="shopping_cart_container"]/a'.</msg>
<arg>xpath://*[@id="shopping_cart_container"]/a</arg>
<doc>Click the element identified by ``locator``.</doc>
<status status="PASS" start="2024-05-14T20:14:12.429079" elapsed="0.028689"/>
</kw>
<kw name="Verify Cart page" owner="resources">
<kw name="Element Text Should Be" owner="SeleniumLibrary">
<msg time="2024-05-14T20:14:12.457768" level="INFO">Verifying element 'xpath://*[@id="header_container"]/div[2]/span' contains exact text 'Your Cart'.</msg>
<arg>xpath://*[@id="header_container"]/div[2]/span</arg>
<arg>Your Cart</arg>
<doc>Verifies that element ``locator`` contains exact the text ``expected``.</doc>
<status status="PASS" start="2024-05-14T20:14:12.457768" elapsed="0.024193"/>
</kw>
<kw name="Page Should Contain Element" owner="SeleniumLibrary">
<msg time="2024-05-14T20:14:12.488480" level="INFO">Current page contains element 'id:checkout'.</msg>
<arg>id:checkout</arg>
<doc>Verifies that element ``locator`` is found on the current page.</doc>
<status status="PASS" start="2024-05-14T20:14:12.481961" elapsed="0.006519"/>
</kw>
<kw name="Page Should Contain Element" owner="SeleniumLibrary">
<msg time="2024-05-14T20:14:12.495080" level="INFO">Current page contains element 'id:continue-shopping'.</msg>
<arg>id:continue-shopping</arg>
<doc>Verifies that element ``locator`` is found on the current page.</doc>
<status status="PASS" start="2024-05-14T20:14:12.489490" elapsed="0.005967"/>
</kw>
<kw name="Page Should Contain" owner="SeleniumLibrary">
<msg time="2024-05-14T20:14:12.502558" level="INFO">Current page contains text 'QTY'.</msg>
<arg>QTY</arg>
<doc>Verifies that current page contains ``text``.</doc>
<status status="PASS" start="2024-05-14T20:14:12.495648" elapsed="0.006910"/>
</kw>
<kw name="Page Should Contain" owner="SeleniumLibrary">
<msg time="2024-05-14T20:14:12.509884" level="INFO">Current page contains text 'Description'.</msg>
<arg>Description</arg>
<doc>Verifies that current page contains ``text``.</doc>
<status status="PASS" start="2024-05-14T20:14:12.502558" elapsed="0.007391"/>
</kw>
<status status="PASS" start="2024-05-14T20:14:12.457768" elapsed="0.052181"/>
</kw>
<status status="PASS" start="2024-05-14T20:14:12.429079" elapsed="0.080870"/>
</kw>
<kw name="Go to checkout page" owner="resources">
<kw name="Click Button" owner="SeleniumLibrary">
<msg time="2024-05-14T20:14:12.509949" level="INFO">Clicking button 'id=checkout'.</msg>
<arg>id=checkout</arg>
<doc>Clicks the button identified by ``locator``.</doc>
<status status="PASS" start="2024-05-14T20:14:12.509949" elapsed="0.033331"/>
</kw>
<status status="PASS" start="2024-05-14T20:14:12.509949" elapsed="0.033331"/>
</kw>
<kw name="Verify Checkout Page" owner="resources">
<kw name="Element Text Should Be" owner="SeleniumLibrary">
<msg time="2024-05-14T20:14:12.544031" level="INFO">Verifying element 'class=title' contains exact text 'Checkout: Your Information'.</msg>
<arg>class=title</arg>
<arg>Checkout: Your Information</arg>
<doc>Verifies that element ``locator`` contains exact the text ``expected``.</doc>
<status status="PASS" start="2024-05-14T20:14:12.544031" elapsed="0.008702"/>
</kw>
<kw name="Page Should Contain Element" owner="SeleniumLibrary">
<msg time="2024-05-14T20:14:12.558716" level="INFO">Current page contains element 'id:first-name'.</msg>
<arg>id:first-name</arg>
<doc>Verifies that element ``locator`` is found on the current page.</doc>
<status status="PASS" start="2024-05-14T20:14:12.552733" elapsed="0.005983"/>
</kw>
<kw name="Page Should Contain Element" owner="SeleniumLibrary">
<msg time="2024-05-14T20:14:12.564201" level="INFO">Current page contains element 'id:last-name'.</msg>
<arg>id:last-name</arg>
<doc>Verifies that element ``locator`` is found on the current page.</doc>
<status status="PASS" start="2024-05-14T20:14:12.558716" elapsed="0.005485"/>
</kw>
<kw name="Page Should Contain Element" owner="SeleniumLibrary">
<msg time="2024-05-14T20:14:12.570181" level="INFO">Current page contains element 'id:postal-code'.</msg>
<arg>id:postal-code</arg>
<doc>Verifies that element ``locator`` is found on the current page.</doc>
<status status="PASS" start="2024-05-14T20:14:12.565198" elapsed="0.004983"/>
</kw>
<kw name="Element Attribute Value Should Be" owner="SeleniumLibrary">
<msg time="2024-05-14T20:14:12.576162" level="INFO">Element 'id:first-name' attribute 'placeholder' contains value 'First Name'.</msg>
<arg>id:first-name</arg>
<arg>placeholder</arg>
<arg>First Name</arg>
<doc>Verifies element identified by ``locator`` contains expected attribute value.</doc>
<status status="PASS" start="2024-05-14T20:14:12.570181" elapsed="0.005981"/>
</kw>
<kw name="Element Attribute Value Should Be" owner="SeleniumLibrary">
<msg time="2024-05-14T20:14:12.583134" level="INFO">Element 'id:last-name' attribute 'placeholder' contains value 'Last Name'.</msg>
<arg>id:last-name</arg>
<arg>placeholder</arg>
<arg>Last Name</arg>
<doc>Verifies element identified by ``locator`` contains expected attribute value.</doc>
<status status="PASS" start="2024-05-14T20:14:12.576162" elapsed="0.006972"/>
</kw>
<kw name="Element Attribute Value Should Be" owner="SeleniumLibrary">
<msg time="2024-05-14T20:14:12.588121" level="INFO">Element 'id:postal-code' attribute 'placeholder' contains value 'Zip/Postal Code'.</msg>
<arg>id:postal-code</arg>
<arg>placeholder</arg>
<arg>Zip/Postal Code</arg>
<doc>Verifies element identified by ``locator`` contains expected attribute value.</doc>
<status status="PASS" start="2024-05-14T20:14:12.583134" elapsed="0.004987"/>
</kw>
<kw name="Page Should Contain Element" owner="SeleniumLibrary">
<msg time="2024-05-14T20:14:12.593559" level="INFO">Current page contains element 'id:continue'.</msg>
<arg>id:continue</arg>
<doc>Verifies that element ``locator`` is found on the current page.</doc>
<status status="PASS" start="2024-05-14T20:14:12.588121" elapsed="0.005438"/>
</kw>
<kw name="Page Should Contain Element" owner="SeleniumLibrary">
<msg time="2024-05-14T20:14:12.598542" level="INFO">Current page contains element 'id:cancel'.</msg>
<arg>id:cancel</arg>
<doc>Verifies that element ``locator`` is found on the current page.</doc>
<status status="PASS" start="2024-05-14T20:14:12.593559" elapsed="0.004983"/>
</kw>
<status status="PASS" start="2024-05-14T20:14:12.543896" elapsed="0.055643"/>
</kw>
<kw name="Fill in info for Checkout" owner="resources">
<kw name="Input Text" owner="SeleniumLibrary">
<msg time="2024-05-14T20:14:12.599539" level="INFO">Typing text 'John' into text field 'id=first-name'.</msg>
<arg>id=first-name</arg>
<arg>${first_name}</arg>
<doc>Types the given ``text`` into the text field identified by ``locator``.</doc>
<status status="PASS" start="2024-05-14T20:14:12.599539" elapsed="0.042732"/>
</kw>
<kw name="Input Text" owner="SeleniumLibrary">
<msg time="2024-05-14T20:14:12.642271" level="INFO">Typing text 'Doe' into text field 'id=last-name'.</msg>
<arg>id=last-name</arg>
<arg>${last_name}</arg>
<doc>Types the given ``text`` into the text field identified by ``locator``.</doc>
<status status="PASS" start="2024-05-14T20:14:12.642271" elapsed="0.042290"/>
</kw>
<kw name="Input Text" owner="SeleniumLibrary">
<msg time="2024-05-14T20:14:12.685588" level="INFO">Typing text '707' into text field 'id=postal-code'.</msg>
<arg>id=postal-code</arg>
<arg>${postal_code}</arg>
<doc>Types the given ``text`` into the text field identified by ``locator``.</doc>
<status status="PASS" start="2024-05-14T20:14:12.685588" elapsed="0.038317"/>
</kw>
<arg>John</arg>
<arg>Doe</arg>
<arg>707</arg>
<status status="PASS" start="2024-05-14T20:14:12.599539" elapsed="0.124366"/>
</kw>
<kw name="Element Attribute Value Should Be" owner="SeleniumLibrary">
<msg time="2024-05-14T20:14:12.731133" level="INFO">Element 'id:first-name' attribute 'value' contains value 'e'.</msg>
<arg>id:first-name</arg>
<arg>value</arg>
<arg>e</arg>
<doc>Verifies element identified by ``locator`` contains expected attribute value.</doc>
<status status="PASS" start="2024-05-14T20:14:12.723905" elapsed="0.008225"/>
</kw>
<kw name="Element Attribute Value Should Be" owner="SeleniumLibrary">
<msg time="2024-05-14T20:14:12.738110" level="INFO">Element 'id:last-name' attribute 'value' contains value ''.</msg>
<arg>id:last-name</arg>
<arg>value</arg>
<arg>${EMPTY}</arg>
<doc>Verifies element identified by ``locator`` contains expected attribute value.</doc>
<status status="PASS" start="2024-05-14T20:14:12.732130" elapsed="0.005980"/>
</kw>
<kw name="Go continue" owner="resources">
<kw name="Click Button" owner="SeleniumLibrary">
<msg time="2024-05-14T20:14:12.738110" level="INFO">Clicking button 'id=continue'.</msg>
<arg>id=continue</arg>
<doc>Clicks the button identified by ``locator``.</doc>
<status status="PASS" start="2024-05-14T20:14:12.738110" elapsed="0.029072"/>
</kw>
<status status="PASS" start="2024-05-14T20:14:12.738110" elapsed="0.029072"/>
</kw>
<kw name="Page Should Contain" owner="SeleniumLibrary">
<msg time="2024-05-14T20:14:12.776400" level="INFO">Current page contains text 'Error: Last Name is required'.</msg>
<arg>Error: Last Name is required</arg>
<doc>Verifies that current page contains ``text``.</doc>
<status status="PASS" start="2024-05-14T20:14:12.767182" elapsed="0.009218"/>
</kw>
<kw name="Click Button" owner="SeleniumLibrary">
<msg time="2024-05-14T20:14:12.776400" level="INFO">Clicking button 'class:error-button'.</msg>
<arg>class:error-button</arg>
<doc>Clicks the button identified by ``locator``.</doc>
<status status="PASS" start="2024-05-14T20:14:12.776400" elapsed="0.032177"/>
</kw>
<kw name="Page Should Not Contain" owner="SeleniumLibrary">
<msg time="2024-05-14T20:14:12.819402" level="INFO">Current page does not contain text 'Error: Last Name is required'.</msg>
<arg>Error: Last Name is required</arg>
<doc>Verifies the current page does not contain ``text``.</doc>
<status status="PASS" start="2024-05-14T20:14:12.808577" elapsed="0.010825"/>
</kw>
<kw name="Close Browser" owner="SeleniumLibrary">
<doc>Closes the current browser.</doc>
<status status="PASS" start="2024-05-14T20:14:12.819402" elapsed="2.104474"/>
</kw>
<status status="PASS" start="2024-05-14T20:14:03.966979" elapsed="10.957898"/>
</test>
<test id="s1-t3" name="Not fill firstname at Checkout page with problem user" line="45">
<kw name="Open Browser to Login" owner="resources">
<kw name="Open Browser" owner="SeleniumLibrary">
<msg time="2024-05-14T20:14:14.925873" level="INFO">Opening browser 'Chrome' to base url 'https://www.saucedemo.com/'.</msg>
<arg>${URL}</arg>
<arg>${BROWSER}</arg>
<doc>Opens a new browser instance to the optional ``url``.</doc>
<status status="PASS" start="2024-05-14T20:14:14.925873" elapsed="4.608258"/>
</kw>
<kw name="Page Should Contain Element" owner="SeleniumLibrary">
<msg time="2024-05-14T20:14:19.541239" level="INFO">Current page contains element 'id=login-button'.</msg>
<arg>id=login-button</arg>
<doc>Verifies that element ``locator`` is found on the current page.</doc>
<status status="PASS" start="2024-05-14T20:14:19.534131" elapsed="0.008103"/>
</kw>
<status status="PASS" start="2024-05-14T20:14:14.925873" elapsed="4.616361"/>
</kw>
<kw name="Maximize Browser Window" owner="SeleniumLibrary">
<doc>Maximizes current browser window.</doc>
<status status="PASS" start="2024-05-14T20:14:19.542234" elapsed="0.026981"/>
</kw>
<kw name="Login with problem user" owner="resources">
<kw name="Input Text" owner="SeleniumLibrary">
<msg time="2024-05-14T20:14:19.569715" level="INFO">Typing text 'problem_user' into text field 'id=user-name'.</msg>
<arg>id=user-name</arg>
<arg>${PROBLEM_USER}</arg>
<doc>Types the given ``text`` into the text field identified by ``locator``.</doc>
<status status="PASS" start="2024-05-14T20:14:19.569715" elapsed="0.073062"/>
</kw>
<kw name="Input Text" owner="SeleniumLibrary">
<msg time="2024-05-14T20:14:19.644207" level="INFO">Typing text 'secret_sauce' into text field 'id=password'.</msg>
<arg>id=password</arg>
<arg>${PASSWORD}</arg>
<doc>Types the given ``text`` into the text field identified by ``locator``.</doc>
<status status="PASS" start="2024-05-14T20:14:19.644015" elapsed="0.055953"/>
</kw>
<kw name="Click Button" owner="SeleniumLibrary">
<msg time="2024-05-14T20:14:19.701039" level="INFO">Clicking button 'css=.btn_action'.</msg>
<arg>css=.btn_action</arg>
<doc>Clicks the button identified by ``locator``.</doc>
<status status="PASS" start="2024-05-14T20:14:19.699968" elapsed="0.057010"/>
</kw>
<kw name="Sleep" owner="BuiltIn">
<msg time="2024-05-14T20:14:21.757587" level="INFO">Slept 2 seconds.</msg>
<arg>2</arg>
<doc>Pauses the test executed for the given time.</doc>
<status status="PASS" start="2024-05-14T20:14:19.756978" elapsed="2.000609"/>
</kw>
<kw name="Element Text Should Be" owner="SeleniumLibrary">
<msg time="2024-05-14T20:14:21.757587" level="INFO">Verifying element 'class:title' contains exact text 'Products'.</msg>
<arg>class:title</arg>
<arg>Products</arg>
<doc>Verifies that element ``locator`` contains exact the text ``expected``.</doc>
<status status="PASS" start="2024-05-14T20:14:21.757587" elapsed="0.015645"/>
</kw>
<status status="PASS" start="2024-05-14T20:14:19.569715" elapsed="2.203517"/>
</kw>
<kw name="Buy Sauce Labs Backpack" owner="resources">
<kw name="Click Button" owner="SeleniumLibrary">
<msg time="2024-05-14T20:14:21.773232" level="INFO">Clicking button 'id:add-to-cart-sauce-labs-backpack'.</msg>
<arg>id:add-to-cart-sauce-labs-backpack</arg>
<doc>Clicks the button identified by ``locator``.</doc>
<status status="PASS" start="2024-05-14T20:14:21.773232" elapsed="0.028541"/>
</kw>
<kw name="Wait Until Element Is Visible" owner="SeleniumLibrary">
<arg>id:remove-sauce-labs-backpack</arg>
<doc>Waits until the element ``locator`` is visible.</doc>
<status status="PASS" start="2024-05-14T20:14:21.801773" elapsed="0.011899"/>
</kw>
<kw name="Element Should Not Be Visible" owner="SeleniumLibrary">
<msg time="2024-05-14T20:14:21.818003" level="INFO">Element 'id:add-to-cart-sauce-labs-backpack' did not exist.</msg>
<arg>id:add-to-cart-sauce-labs-backpack</arg>
<doc>Verifies that the element identified by ``locator`` is NOT visible.</doc>
<status status="PASS" start="2024-05-14T20:14:21.813672" elapsed="0.004331"/>
</kw>
<kw name="Element Text Should Be" owner="SeleniumLibrary">
<msg time="2024-05-14T20:14:21.818003" level="INFO">Verifying element 'id:remove-sauce-labs-backpack' contains exact text 'Remove'.</msg>
<arg>id:remove-sauce-labs-backpack</arg>
<arg>Remove</arg>
<doc>Verifies that element ``locator`` contains exact the text ``expected``.</doc>
<status status="PASS" start="2024-05-14T20:14:21.818003" elapsed="0.007973"/>
</kw>
<status status="PASS" start="2024-05-14T20:14:21.773232" elapsed="0.052744"/>
</kw>
<kw name="Go to cart" owner="resources">
<kw name="Click Element" owner="SeleniumLibrary">
<msg time="2024-05-14T20:14:21.826973" level="INFO">Clicking element 'xpath://*[@id="shopping_cart_container"]/a'.</msg>
<arg>xpath://*[@id="shopping_cart_container"]/a</arg>
<doc>Click the element identified by ``locator``.</doc>
<status status="PASS" start="2024-05-14T20:14:21.825976" elapsed="0.028863"/>
</kw>
<kw name="Verify Cart page" owner="resources">
<kw name="Element Text Should Be" owner="SeleniumLibrary">
<msg time="2024-05-14T20:14:21.854839" level="INFO">Verifying element 'xpath://*[@id="header_container"]/div[2]/span' contains exact text 'Your Cart'.</msg>
<arg>xpath://*[@id="header_container"]/div[2]/span</arg>
<arg>Your Cart</arg>
<doc>Verifies that element ``locator`` contains exact the text ``expected``.</doc>
<status status="PASS" start="2024-05-14T20:14:21.854839" elapsed="0.012708"/>
</kw>
<kw name="Page Should Contain Element" owner="SeleniumLibrary">
<msg time="2024-05-14T20:14:21.873531" level="INFO">Current page contains element 'id:checkout'.</msg>
<arg>id:checkout</arg>
<doc>Verifies that element ``locator`` is found on the current page.</doc>
<status status="PASS" start="2024-05-14T20:14:21.867547" elapsed="0.005984"/>
</kw>
<kw name="Page Should Contain Element" owner="SeleniumLibrary">
<msg time="2024-05-14T20:14:21.878424" level="INFO">Current page contains element 'id:continue-shopping'.</msg>
<arg>id:continue-shopping</arg>
<doc>Verifies that element ``locator`` is found on the current page.</doc>
<status status="PASS" start="2024-05-14T20:14:21.873531" elapsed="0.004893"/>
</kw>
<kw name="Page Should Contain" owner="SeleniumLibrary">
<msg time="2024-05-14T20:14:21.885401" level="INFO">Current page contains text 'QTY'.</msg>
<arg>QTY</arg>
<doc>Verifies that current page contains ``text``.</doc>
<status status="PASS" start="2024-05-14T20:14:21.879421" elapsed="0.005980"/>
</kw>
<kw name="Page Should Contain" owner="SeleniumLibrary">
<msg time="2024-05-14T20:14:21.891381" level="INFO">Current page contains text 'Description'.</msg>
<arg>Description</arg>
<doc>Verifies that current page contains ``text``.</doc>
<status status="PASS" start="2024-05-14T20:14:21.885401" elapsed="0.005980"/>
</kw>
<status status="PASS" start="2024-05-14T20:14:21.854839" elapsed="0.036542"/>
</kw>
<status status="PASS" start="2024-05-14T20:14:21.825976" elapsed="0.065405"/>
</kw>
<kw name="Go to checkout page" owner="resources">
<kw name="Click Button" owner="SeleniumLibrary">
<msg time="2024-05-14T20:14:21.892378" level="INFO">Clicking button 'id=checkout'.</msg>
<arg>id=checkout</arg>
<doc>Clicks the button identified by ``locator``.</doc>
<status status="PASS" start="2024-05-14T20:14:21.892378" elapsed="0.029431"/>
</kw>
<status status="PASS" start="2024-05-14T20:14:21.892378" elapsed="0.030424"/>
</kw>
<kw name="Verify Checkout Page" owner="resources">
<kw name="Element Text Should Be" owner="SeleniumLibrary">
<msg time="2024-05-14T20:14:21.922802" level="INFO">Verifying element 'class=title' contains exact text 'Checkout: Your Information'.</msg>
<arg>class=title</arg>
<arg>Checkout: Your Information</arg>
<doc>Verifies that element ``locator`` contains exact the text ``expected``.</doc>
<status status="PASS" start="2024-05-14T20:14:21.922802" elapsed="0.008970"/>
</kw>
<kw name="Page Should Contain Element" owner="SeleniumLibrary">
<msg time="2024-05-14T20:14:21.937756" level="INFO">Current page contains element 'id:first-name'.</msg>
<arg>id:first-name</arg>
<doc>Verifies that element ``locator`` is found on the current page.</doc>
<status status="PASS" start="2024-05-14T20:14:21.931772" elapsed="0.005984"/>
</kw>
<kw name="Page Should Contain Element" owner="SeleniumLibrary">
<msg time="2024-05-14T20:14:21.942739" level="INFO">Current page contains element 'id:last-name'.</msg>
<arg>id:last-name</arg>
<doc>Verifies that element ``locator`` is found on the current page.</doc>
<status status="PASS" start="2024-05-14T20:14:21.937756" elapsed="0.004983"/>
</kw>
<kw name="Page Should Contain Element" owner="SeleniumLibrary">
<msg time="2024-05-14T20:14:21.948719" level="INFO">Current page contains element 'id:postal-code'.</msg>
<arg>id:postal-code</arg>
<doc>Verifies that element ``locator`` is found on the current page.</doc>
<status status="PASS" start="2024-05-14T20:14:21.942739" elapsed="0.005980"/>
</kw>
<kw name="Element Attribute Value Should Be" owner="SeleniumLibrary">
<msg time="2024-05-14T20:14:21.954699" level="INFO">Element 'id:first-name' attribute 'placeholder' contains value 'First Name'.</msg>
<arg>id:first-name</arg>
<arg>placeholder</arg>
<arg>First Name</arg>
<doc>Verifies element identified by ``locator`` contains expected attribute value.</doc>
<status status="PASS" start="2024-05-14T20:14:21.948719" elapsed="0.005980"/>
</kw>
<kw name="Element Attribute Value Should Be" owner="SeleniumLibrary">
<msg time="2024-05-14T20:14:21.961672" level="INFO">Element 'id:last-name' attribute 'placeholder' contains value 'Last Name'.</msg>
<arg>id:last-name</arg>
<arg>placeholder</arg>
<arg>Last Name</arg>
<doc>Verifies element identified by ``locator`` contains expected attribute value.</doc>
<status status="PASS" start="2024-05-14T20:14:21.954699" elapsed="0.006973"/>
</kw>
<kw name="Element Attribute Value Should Be" owner="SeleniumLibrary">
<msg time="2024-05-14T20:14:21.967655" level="INFO">Element 'id:postal-code' attribute 'placeholder' contains value 'Zip/Postal Code'.</msg>
<arg>id:postal-code</arg>
<arg>placeholder</arg>
<arg>Zip/Postal Code</arg>
<doc>Verifies element identified by ``locator`` contains expected attribute value.</doc>
<status status="PASS" start="2024-05-14T20:14:21.961672" elapsed="0.005983"/>
</kw>
<kw name="Page Should Contain Element" owner="SeleniumLibrary">
<msg time="2024-05-14T20:14:21.972639" level="INFO">Current page contains element 'id:continue'.</msg>
<arg>id:continue</arg>
<doc>Verifies that element ``locator`` is found on the current page.</doc>
<status status="PASS" start="2024-05-14T20:14:21.967655" elapsed="0.004984"/>
</kw>
<kw name="Page Should Contain Element" owner="SeleniumLibrary">
<msg time="2024-05-14T20:14:21.977622" level="INFO">Current page contains element 'id:cancel'.</msg>
<arg>id:cancel</arg>
<doc>Verifies that element ``locator`` is found on the current page.</doc>
<status status="PASS" start="2024-05-14T20:14:21.972639" elapsed="0.004983"/>
</kw>
<status status="PASS" start="2024-05-14T20:14:21.922802" elapsed="0.054820"/>
</kw>
<kw name="Input Text" owner="SeleniumLibrary">
<msg time="2024-05-14T20:14:21.978619" level="INFO">Typing text 'Doctor' into text field 'id:last-name'.</msg>
<arg>id:last-name</arg>
<arg>Doctor</arg>
<doc>Types the given ``text`` into the text field identified by ``locator``.</doc>
<status status="PASS" start="2024-05-14T20:14:21.978619" elapsed="0.043061"/>
</kw>
<kw name="Input Text" owner="SeleniumLibrary">
<msg time="2024-05-14T20:14:22.021680" level="INFO">Typing text '707' into text field 'id:postal-code'.</msg>
<arg>id:postal-code</arg>
<arg>707</arg>
<doc>Types the given ``text`` into the text field identified by ``locator``.</doc>
<status status="PASS" start="2024-05-14T20:14:22.021680" elapsed="0.044011"/>
</kw>
<kw name="Element Attribute Value Should Be" owner="SeleniumLibrary">
<msg time="2024-05-14T20:14:22.073218" level="INFO">Element 'id:first-name' attribute 'value' contains value 'r'.</msg>
<arg>id:first-name</arg>
<arg>value</arg>
<arg>r</arg>
<doc>Verifies element identified by ``locator`` contains expected attribute value.</doc>
<status status="PASS" start="2024-05-14T20:14:22.065691" elapsed="0.007527"/>
</kw>
<kw name="Element Attribute Value Should Be" owner="SeleniumLibrary">
<msg time="2024-05-14T20:14:22.079451" level="INFO">Element 'id:last-name' attribute 'value' contains value ''.</msg>
<arg>id:last-name</arg>
<arg>value</arg>
<arg>${EMPTY}</arg>
<doc>Verifies element identified by ``locator`` contains expected attribute value.</doc>
<status status="PASS" start="2024-05-14T20:14:22.074210" elapsed="0.005241"/>
</kw>
<kw name="Go continue" owner="resources">
<kw name="Click Button" owner="SeleniumLibrary">
<msg time="2024-05-14T20:14:22.080448" level="INFO">Clicking button 'id=continue'.</msg>
<arg>id=continue</arg>
<doc>Clicks the button identified by ``locator``.</doc>
<status status="PASS" start="2024-05-14T20:14:22.080448" elapsed="0.028704"/>
</kw>
<status status="PASS" start="2024-05-14T20:14:22.080448" elapsed="0.028704"/>
</kw>
<kw name="Page Should Contain" owner="SeleniumLibrary">
<msg time="2024-05-14T20:14:22.117404" level="INFO">Current page contains text 'Error: Last Name is required'.</msg>
<arg>Error: Last Name is required</arg>
<doc>Verifies that current page contains ``text``.</doc>
<status status="PASS" start="2024-05-14T20:14:22.109152" elapsed="0.008252"/>
</kw>
<kw name="Click Button" owner="SeleniumLibrary">
<msg time="2024-05-14T20:14:22.118401" level="INFO">Clicking button 'class:error-button'.</msg>
<arg>class:error-button</arg>
<doc>Clicks the button identified by ``locator``.</doc>
<status status="PASS" start="2024-05-14T20:14:22.118401" elapsed="0.029933"/>
</kw>
<kw name="Page Should Not Contain" owner="SeleniumLibrary">
<msg time="2024-05-14T20:14:22.158832" level="INFO">Current page does not contain text 'Error: Last Name is required'.</msg>
<arg>Error: Last Name is required</arg>
<doc>Verifies the current page does not contain ``text``.</doc>
<status status="PASS" start="2024-05-14T20:14:22.148708" elapsed="0.010204"/>
</kw>
<kw name="Close Browser" owner="SeleniumLibrary">
<doc>Closes the current browser.</doc>
<status status="PASS" start="2024-05-14T20:14:22.158912" elapsed="2.094743"/>
</kw>
<status status="PASS" start="2024-05-14T20:14:14.925873" elapsed="9.328782"/>
</test>
<test id="s1-t4" name="Not fill lastname at Checkout page with problem user" line="71">
<kw name="Open Browser to Login" owner="resources">
<kw name="Open Browser" owner="SeleniumLibrary">
<msg time="2024-05-14T20:14:24.255353" level="INFO">Opening browser 'Chrome' to base url 'https://www.saucedemo.com/'.</msg>
<arg>${URL}</arg>
<arg>${BROWSER}</arg>
<doc>Opens a new browser instance to the optional ``url``.</doc>
<status status="PASS" start="2024-05-14T20:14:24.255353" elapsed="5.480910"/>
</kw>
<kw name="Page Should Contain Element" owner="SeleniumLibrary">
<msg time="2024-05-14T20:14:29.743958" level="INFO">Current page contains element 'id=login-button'.</msg>
<arg>id=login-button</arg>
<doc>Verifies that element ``locator`` is found on the current page.</doc>
<status status="PASS" start="2024-05-14T20:14:29.736263" elapsed="0.007695"/>
</kw>
<status status="PASS" start="2024-05-14T20:14:24.255353" elapsed="5.488605"/>
</kw>
<kw name="Maximize Browser Window" owner="SeleniumLibrary">
<doc>Maximizes current browser window.</doc>
<status status="PASS" start="2024-05-14T20:14:29.743958" elapsed="0.023020"/>
</kw>
<kw name="Login with problem user" owner="resources">
<kw name="Input Text" owner="SeleniumLibrary">
<msg time="2024-05-14T20:14:29.767971" level="INFO">Typing text 'problem_user' into text field 'id=user-name'.</msg>
<arg>id=user-name</arg>
<arg>${PROBLEM_USER}</arg>
<doc>Types the given ``text`` into the text field identified by ``locator``.</doc>
<status status="PASS" start="2024-05-14T20:14:29.766978" elapsed="0.072377"/>
</kw>
<kw name="Input Text" owner="SeleniumLibrary">
<msg time="2024-05-14T20:14:29.840352" level="INFO">Typing text 'secret_sauce' into text field 'id=password'.</msg>
<arg>id=password</arg>
<arg>${PASSWORD}</arg>
<doc>Types the given ``text`` into the text field identified by ``locator``.</doc>
<status status="PASS" start="2024-05-14T20:14:29.839355" elapsed="0.051890"/>
</kw>
<kw name="Click Button" owner="SeleniumLibrary">
<msg time="2024-05-14T20:14:29.892241" level="INFO">Clicking button 'css=.btn_action'.</msg>
<arg>css=.btn_action</arg>
<doc>Clicks the button identified by ``locator``.</doc>
<status status="PASS" start="2024-05-14T20:14:29.891245" elapsed="0.060710"/>
</kw>
<kw name="Sleep" owner="BuiltIn">
<msg time="2024-05-14T20:14:31.952119" level="INFO">Slept 2 seconds.</msg>
<arg>2</arg>
<doc>Pauses the test executed for the given time.</doc>
<status status="PASS" start="2024-05-14T20:14:29.951955" elapsed="2.000164"/>
</kw>
<kw name="Element Text Should Be" owner="SeleniumLibrary">
<msg time="2024-05-14T20:14:31.952597" level="INFO">Verifying element 'class:title' contains exact text 'Products'.</msg>
<arg>class:title</arg>
<arg>Products</arg>
<doc>Verifies that element ``locator`` contains exact the text ``expected``.</doc>
<status status="PASS" start="2024-05-14T20:14:31.952597" elapsed="0.016424"/>
</kw>
<status status="PASS" start="2024-05-14T20:14:29.766978" elapsed="2.202043"/>
</kw>
<kw name="Buy Sauce Labs Backpack" owner="resources">
<kw name="Click Button" owner="SeleniumLibrary">
<msg time="2024-05-14T20:14:31.970016" level="INFO">Clicking button 'id:add-to-cart-sauce-labs-backpack'.</msg>
<arg>id:add-to-cart-sauce-labs-backpack</arg>
<doc>Clicks the button identified by ``locator``.</doc>
<status status="PASS" start="2024-05-14T20:14:31.970016" elapsed="0.031077"/>
</kw>
<kw name="Wait Until Element Is Visible" owner="SeleniumLibrary">
<arg>id:remove-sauce-labs-backpack</arg>
<doc>Waits until the element ``locator`` is visible.</doc>
<status status="PASS" start="2024-05-14T20:14:32.002089" elapsed="0.012039"/>
</kw>
<kw name="Element Should Not Be Visible" owner="SeleniumLibrary">
<msg time="2024-05-14T20:14:32.018214" level="INFO">Element 'id:add-to-cart-sauce-labs-backpack' did not exist.</msg>
<arg>id:add-to-cart-sauce-labs-backpack</arg>
<doc>Verifies that the element identified by ``locator`` is NOT visible.</doc>
<status status="PASS" start="2024-05-14T20:14:32.014128" elapsed="0.004086"/>
</kw>
<kw name="Element Text Should Be" owner="SeleniumLibrary">
<msg time="2024-05-14T20:14:32.018214" level="INFO">Verifying element 'id:remove-sauce-labs-backpack' contains exact text 'Remove'.</msg>
<arg>id:remove-sauce-labs-backpack</arg>
<arg>Remove</arg>
<doc>Verifies that element ``locator`` contains exact the text ``expected``.</doc>
<status status="PASS" start="2024-05-14T20:14:32.018214" elapsed="0.007972"/>
</kw>
<status status="PASS" start="2024-05-14T20:14:31.970016" elapsed="0.056170"/>
</kw>
<kw name="Go to cart" owner="resources">
<kw name="Click Element" owner="SeleniumLibrary">
<msg time="2024-05-14T20:14:32.026186" level="INFO">Clicking element 'xpath://*[@id="shopping_cart_container"]/a'.</msg>
<arg>xpath://*[@id="shopping_cart_container"]/a</arg>
<doc>Click the element identified by ``locator``.</doc>
<status status="PASS" start="2024-05-14T20:14:32.026186" elapsed="0.029844"/>
</kw>
<kw name="Verify Cart page" owner="resources">
<kw name="Element Text Should Be" owner="SeleniumLibrary">
<msg time="2024-05-14T20:14:32.057032" level="INFO">Verifying element 'xpath://*[@id="header_container"]/div[2]/span' contains exact text 'Your Cart'.</msg>
<arg>xpath://*[@id="header_container"]/div[2]/span</arg>
<arg>Your Cart</arg>
<doc>Verifies that element ``locator`` contains exact the text ``expected``.</doc>
<status status="PASS" start="2024-05-14T20:14:32.057032" elapsed="0.013239"/>
</kw>
<kw name="Page Should Contain Element" owner="SeleniumLibrary">
<msg time="2024-05-14T20:14:32.076255" level="INFO">Current page contains element 'id:checkout'.</msg>
<arg>id:checkout</arg>
<doc>Verifies that element ``locator`` is found on the current page.</doc>
<status status="PASS" start="2024-05-14T20:14:32.070271" elapsed="0.005984"/>
</kw>
<kw name="Page Should Contain Element" owner="SeleniumLibrary">
<msg time="2024-05-14T20:14:32.082231" level="INFO">Current page contains element 'id:continue-shopping'.</msg>
<arg>id:continue-shopping</arg>
<doc>Verifies that element ``locator`` is found on the current page.</doc>
<status status="PASS" start="2024-05-14T20:14:32.077252" elapsed="0.004979"/>
</kw>
<kw name="Page Should Contain" owner="SeleniumLibrary">
<msg time="2024-05-14T20:14:32.088215" level="INFO">Current page contains text 'QTY'.</msg>
<arg>QTY</arg>
<doc>Verifies that current page contains ``text``.</doc>
<status status="PASS" start="2024-05-14T20:14:32.082231" elapsed="0.005984"/>
</kw>
<kw name="Page Should Contain" owner="SeleniumLibrary">
<msg time="2024-05-14T20:14:32.094863" level="INFO">Current page contains text 'Description'.</msg>
<arg>Description</arg>
<doc>Verifies that current page contains ``text``.</doc>
<status status="PASS" start="2024-05-14T20:14:32.089208" elapsed="0.006649"/>
</kw>
<status status="PASS" start="2024-05-14T20:14:32.056030" elapsed="0.039827"/>
</kw>
<status status="PASS" start="2024-05-14T20:14:32.026186" elapsed="0.069671"/>
</kw>
<kw name="Go to checkout page" owner="resources">
<kw name="Click Button" owner="SeleniumLibrary">
<msg time="2024-05-14T20:14:32.095857" level="INFO">Clicking button 'id=checkout'.</msg>
<arg>id=checkout</arg>
<doc>Clicks the button identified by ``locator``.</doc>
<status status="PASS" start="2024-05-14T20:14:32.095857" elapsed="0.032597"/>
</kw>
<status status="PASS" start="2024-05-14T20:14:32.095857" elapsed="0.032597"/>
</kw>
<kw name="Verify Checkout Page" owner="resources">
<kw name="Element Text Should Be" owner="SeleniumLibrary">
<msg time="2024-05-14T20:14:32.129456" level="INFO">Verifying element 'class=title' contains exact text 'Checkout: Your Information'.</msg>
<arg>class=title</arg>
<arg>Checkout: Your Information</arg>
<doc>Verifies that element ``locator`` contains exact the text ``expected``.</doc>
<status status="PASS" start="2024-05-14T20:14:32.129456" elapsed="0.009244"/>
</kw>
<kw name="Page Should Contain Element" owner="SeleniumLibrary">
<msg time="2024-05-14T20:14:32.145124" level="INFO">Current page contains element 'id:first-name'.</msg>
<arg>id:first-name</arg>
<doc>Verifies that element ``locator`` is found on the current page.</doc>
<status status="PASS" start="2024-05-14T20:14:32.138700" elapsed="0.006424"/>
</kw>
<kw name="Page Should Contain Element" owner="SeleniumLibrary">
<msg time="2024-05-14T20:14:32.150830" level="INFO">Current page contains element 'id:last-name'.</msg>
<arg>id:last-name</arg>
<doc>Verifies that element ``locator`` is found on the current page.</doc>
<status status="PASS" start="2024-05-14T20:14:32.145295" elapsed="0.005535"/>
</kw>
<kw name="Page Should Contain Element" owner="SeleniumLibrary">
<msg time="2024-05-14T20:14:32.155727" level="INFO">Current page contains element 'id:postal-code'.</msg>
<arg>id:postal-code</arg>
<doc>Verifies that element ``locator`` is found on the current page.</doc>
<status status="PASS" start="2024-05-14T20:14:32.150830" elapsed="0.004897"/>
</kw>
<kw name="Element Attribute Value Should Be" owner="SeleniumLibrary">
<msg time="2024-05-14T20:14:32.163934" level="INFO">Element 'id:first-name' attribute 'placeholder' contains value 'First Name'.</msg>
<arg>id:first-name</arg>
<arg>placeholder</arg>
<arg>First Name</arg>
<doc>Verifies element identified by ``locator`` contains expected attribute value.</doc>
<status status="PASS" start="2024-05-14T20:14:32.155727" elapsed="0.008207"/>
</kw>
<kw name="Element Attribute Value Should Be" owner="SeleniumLibrary">
<msg time="2024-05-14T20:14:32.171103" level="INFO">Element 'id:last-name' attribute 'placeholder' contains value 'Last Name'.</msg>
<arg>id:last-name</arg>
<arg>placeholder</arg>
<arg>Last Name</arg>
<doc>Verifies element identified by ``locator`` contains expected attribute value.</doc>
<status status="PASS" start="2024-05-14T20:14:32.163934" elapsed="0.007169"/>
</kw>
<kw name="Element Attribute Value Should Be" owner="SeleniumLibrary">
<msg time="2024-05-14T20:14:32.176086" level="INFO">Element 'id:postal-code' attribute 'placeholder' contains value 'Zip/Postal Code'.</msg>
<arg>id:postal-code</arg>
<arg>placeholder</arg>
<arg>Zip/Postal Code</arg>
<doc>Verifies element identified by ``locator`` contains expected attribute value.</doc>
<status status="PASS" start="2024-05-14T20:14:32.171103" elapsed="0.004983"/>
</kw>
<kw name="Page Should Contain Element" owner="SeleniumLibrary">
<msg time="2024-05-14T20:14:32.182066" level="INFO">Current page contains element 'id:continue'.</msg>
<arg>id:continue</arg>
<doc>Verifies that element ``locator`` is found on the current page.</doc>
<status status="PASS" start="2024-05-14T20:14:32.177083" elapsed="0.004983"/>
</kw>
<kw name="Page Should Contain Element" owner="SeleniumLibrary">
<msg time="2024-05-14T20:14:32.187511" level="INFO">Current page contains element 'id:cancel'.</msg>
<arg>id:cancel</arg>
<doc>Verifies that element ``locator`` is found on the current page.</doc>
<status status="PASS" start="2024-05-14T20:14:32.182066" elapsed="0.005445"/>
</kw>
<status status="PASS" start="2024-05-14T20:14:32.128454" elapsed="0.059057"/>
</kw>
<kw name="Input Text" owner="SeleniumLibrary">
<msg time="2024-05-14T20:14:32.187511" level="INFO">Typing text 'John' into text field 'id:first-name'.</msg>
<arg>id:first-name</arg>
<arg>John</arg>
<doc>Types the given ``text`` into the text field identified by ``locator``.</doc>
<status status="PASS" start="2024-05-14T20:14:32.187511" elapsed="0.043159"/>
</kw>
<kw name="Input Text" owner="SeleniumLibrary">
<msg time="2024-05-14T20:14:32.231668" level="INFO">Typing text '707' into text field 'id:postal-code'.</msg>
<arg>id:postal-code</arg>
<arg>707</arg>
<doc>Types the given ``text`` into the text field identified by ``locator``.</doc>
<status status="PASS" start="2024-05-14T20:14:32.231668" elapsed="0.043020"/>
</kw>
<kw name="Go continue" owner="resources">
<kw name="Click Button" owner="SeleniumLibrary">
<msg time="2024-05-14T20:14:32.275684" level="INFO">Clicking button 'id=continue'.</msg>
<arg>id=continue</arg>
<doc>Clicks the button identified by ``locator``.</doc>
<status status="PASS" start="2024-05-14T20:14:32.275684" elapsed="0.032225"/>
</kw>
<status status="PASS" start="2024-05-14T20:14:32.274688" elapsed="0.033221"/>
</kw>
<kw name="Page Should Contain" owner="SeleniumLibrary">
<msg time="2024-05-14T20:14:32.316315" level="INFO">Current page contains text 'Error: Last Name is required'.</msg>
<arg>Error: Last Name is required</arg>
<doc>Verifies that current page contains ``text``.</doc>
<status status="PASS" start="2024-05-14T20:14:32.307909" elapsed="0.008406"/>
</kw>
<kw name="Click Button" owner="SeleniumLibrary">
<msg time="2024-05-14T20:14:32.316315" level="INFO">Clicking button 'class:error-button'.</msg>
<arg>class:error-button</arg>
<doc>Clicks the button identified by ``locator``.</doc>
<status status="PASS" start="2024-05-14T20:14:32.316315" elapsed="0.029607"/>
</kw>
<kw name="Page Should Not Contain" owner="SeleniumLibrary">
<msg time="2024-05-14T20:14:32.358767" level="INFO">Current page does not contain text 'Error: Last Name is required'.</msg>
<arg>Error: Last Name is required</arg>
<doc>Verifies the current page does not contain ``text``.</doc>
<status status="PASS" start="2024-05-14T20:14:32.347205" elapsed="0.011562"/>
</kw>
<kw name="Close Browser" owner="SeleniumLibrary">
<doc>Closes the current browser.</doc>
<status status="PASS" start="2024-05-14T20:14:32.358767" elapsed="2.139868"/>
</kw>
<status status="PASS" start="2024-05-14T20:14:24.255353" elapsed="10.244623"/>
</test>
<test id="s1-t5" name="Not fill postal-code at Checkout page with problem user" line="93">
<kw name="Open Browser to Login" owner="resources">
<kw name="Open Browser" owner="SeleniumLibrary">
<msg time="2024-05-14T20:14:34.500418" level="INFO">Opening browser 'Chrome' to base url 'https://www.saucedemo.com/'.</msg>
<arg>${URL}</arg>
<arg>${BROWSER}</arg>
<doc>Opens a new browser instance to the optional ``url``.</doc>
<status status="PASS" start="2024-05-14T20:14:34.500418" elapsed="4.963679"/>
</kw>
<kw name="Page Should Contain Element" owner="SeleniumLibrary">
<msg time="2024-05-14T20:14:39.471406" level="INFO">Current page contains element 'id=login-button'.</msg>
<arg>id=login-button</arg>
<doc>Verifies that element ``locator`` is found on the current page.</doc>
<status status="PASS" start="2024-05-14T20:14:39.464594" elapsed="0.006812"/>
</kw>
<status status="PASS" start="2024-05-14T20:14:34.500418" elapsed="4.970988"/>
</kw>
<kw name="Maximize Browser Window" owner="SeleniumLibrary">
<doc>Maximizes current browser window.</doc>
<status status="PASS" start="2024-05-14T20:14:39.472402" elapsed="0.023426"/>
</kw>
<kw name="Login with problem user" owner="resources">
<kw name="Input Text" owner="SeleniumLibrary">
<msg time="2024-05-14T20:14:39.496832" level="INFO">Typing text 'problem_user' into text field 'id=user-name'.</msg>
<arg>id=user-name</arg>
<arg>${PROBLEM_USER}</arg>
<doc>Types the given ``text`` into the text field identified by ``locator``.</doc>
<status status="PASS" start="2024-05-14T20:14:39.496832" elapsed="0.069099"/>
</kw>
<kw name="Input Text" owner="SeleniumLibrary">
<msg time="2024-05-14T20:14:39.566932" level="INFO">Typing text 'secret_sauce' into text field 'id=password'.</msg>
<arg>id=password</arg>
<arg>${PASSWORD}</arg>
<doc>Types the given ``text`` into the text field identified by ``locator``.</doc>
<status status="PASS" start="2024-05-14T20:14:39.565931" elapsed="0.055920"/>
</kw>
<kw name="Click Button" owner="SeleniumLibrary">
<msg time="2024-05-14T20:14:39.621851" level="INFO">Clicking button 'css=.btn_action'.</msg>
<arg>css=.btn_action</arg>
<doc>Clicks the button identified by ``locator``.</doc>
<status status="PASS" start="2024-05-14T20:14:39.621851" elapsed="0.061119"/>
</kw>
<kw name="Sleep" owner="BuiltIn">
<msg time="2024-05-14T20:14:41.683213" level="INFO">Slept 2 seconds.</msg>
<arg>2</arg>
<doc>Pauses the test executed for the given time.</doc>
<status status="PASS" start="2024-05-14T20:14:39.682970" elapsed="2.000243"/>
</kw>
<kw name="Element Text Should Be" owner="SeleniumLibrary">
<msg time="2024-05-14T20:14:41.683213" level="INFO">Verifying element 'class:title' contains exact text 'Products'.</msg>
<arg>class:title</arg>
<arg>Products</arg>
<doc>Verifies that element ``locator`` contains exact the text ``expected``.</doc>
<status status="PASS" start="2024-05-14T20:14:41.683213" elapsed="0.015173"/>
</kw>
<status status="PASS" start="2024-05-14T20:14:39.496832" elapsed="2.201554"/>
</kw>
<kw name="Buy Sauce Labs Backpack" owner="resources">
<kw name="Click Button" owner="SeleniumLibrary">
<msg time="2024-05-14T20:14:41.699383" level="INFO">Clicking button 'id:add-to-cart-sauce-labs-backpack'.</msg>
<arg>id:add-to-cart-sauce-labs-backpack</arg>
<doc>Clicks the button identified by ``locator``.</doc>
<status status="PASS" start="2024-05-14T20:14:41.699383" elapsed="0.029102"/>
</kw>
<kw name="Wait Until Element Is Visible" owner="SeleniumLibrary">
<arg>id:remove-sauce-labs-backpack</arg>
<doc>Waits until the element ``locator`` is visible.</doc>
<status status="PASS" start="2024-05-14T20:14:41.728982" elapsed="0.011763"/>
</kw>
<kw name="Element Should Not Be Visible" owner="SeleniumLibrary">
<msg time="2024-05-14T20:14:41.744039" level="INFO">Element 'id:add-to-cart-sauce-labs-backpack' did not exist.</msg>
<arg>id:add-to-cart-sauce-labs-backpack</arg>
<doc>Verifies that the element identified by ``locator`` is NOT visible.</doc>
<status status="PASS" start="2024-05-14T20:14:41.740745" elapsed="0.003294"/>
</kw>
<kw name="Element Text Should Be" owner="SeleniumLibrary">
<msg time="2024-05-14T20:14:41.745040" level="INFO">Verifying element 'id:remove-sauce-labs-backpack' contains exact text 'Remove'.</msg>
<arg>id:remove-sauce-labs-backpack</arg>
<arg>Remove</arg>
<doc>Verifies that element ``locator`` contains exact the text ``expected``.</doc>
<status status="PASS" start="2024-05-14T20:14:41.745040" elapsed="0.007899"/>
</kw>
<status status="PASS" start="2024-05-14T20:14:41.699383" elapsed="0.053556"/>
</kw>
<kw name="Go to cart" owner="resources">
<kw name="Click Element" owner="SeleniumLibrary">
<msg time="2024-05-14T20:14:41.752939" level="INFO">Clicking element 'xpath://*[@id="shopping_cart_container"]/a'.</msg>
<arg>xpath://*[@id="shopping_cart_container"]/a</arg>
<doc>Click the element identified by ``locator``.</doc>
<status status="PASS" start="2024-05-14T20:14:41.752939" elapsed="0.029128"/>
</kw>
<kw name="Verify Cart page" owner="resources">
<kw name="Element Text Should Be" owner="SeleniumLibrary">
<msg time="2024-05-14T20:14:41.782564" level="INFO">Verifying element 'xpath://*[@id="header_container"]/div[2]/span' contains exact text 'Your Cart'.</msg>
<arg>xpath://*[@id="header_container"]/div[2]/span</arg>
<arg>Your Cart</arg>
<doc>Verifies that element ``locator`` contains exact the text ``expected``.</doc>
<status status="PASS" start="2024-05-14T20:14:41.782564" elapsed="0.013022"/>
</kw>
<kw name="Page Should Contain Element" owner="SeleniumLibrary">
<msg time="2024-05-14T20:14:41.801575" level="INFO">Current page contains element 'id:checkout'.</msg>
<arg>id:checkout</arg>
<doc>Verifies that element ``locator`` is found on the current page.</doc>
<status status="PASS" start="2024-05-14T20:14:41.795586" elapsed="0.005989"/>
</kw>
<kw name="Page Should Contain Element" owner="SeleniumLibrary">
<msg time="2024-05-14T20:14:41.807167" level="INFO">Current page contains element 'id:continue-shopping'.</msg>
<arg>id:continue-shopping</arg>
<doc>Verifies that element ``locator`` is found on the current page.</doc>
<status status="PASS" start="2024-05-14T20:14:41.801575" elapsed="0.005592"/>
</kw>
<kw name="Page Should Contain" owner="SeleniumLibrary">
<msg time="2024-05-14T20:14:41.814111" level="INFO">Current page contains text 'QTY'.</msg>
<arg>QTY</arg>
<doc>Verifies that current page contains ``text``.</doc>
<status status="PASS" start="2024-05-14T20:14:41.807167" elapsed="0.006944"/>
</kw>
<kw name="Page Should Contain" owner="SeleniumLibrary">
<msg time="2024-05-14T20:14:41.820668" level="INFO">Current page contains text 'Description'.</msg>
<arg>Description</arg>
<doc>Verifies that current page contains ``text``.</doc>
<status status="PASS" start="2024-05-14T20:14:41.814111" elapsed="0.006557"/>
</kw>
<status status="PASS" start="2024-05-14T20:14:41.782564" elapsed="0.038104"/>
</kw>
<status status="PASS" start="2024-05-14T20:14:41.752939" elapsed="0.067729"/>
</kw>
<kw name="Go to checkout page" owner="resources">
<kw name="Click Button" owner="SeleniumLibrary">
<msg time="2024-05-14T20:14:41.821226" level="INFO">Clicking button 'id=checkout'.</msg>
<arg>id=checkout</arg>
<doc>Clicks the button identified by ``locator``.</doc>
<status status="PASS" start="2024-05-14T20:14:41.821226" elapsed="0.032164"/>
</kw>
<status status="PASS" start="2024-05-14T20:14:41.821226" elapsed="0.032279"/>
</kw>
<kw name="Verify Checkout Page" owner="resources">
<kw name="Element Text Should Be" owner="SeleniumLibrary">
<msg time="2024-05-14T20:14:41.854390" level="INFO">Verifying element 'class=title' contains exact text 'Checkout: Your Information'.</msg>
<arg>class=title</arg>
<arg>Checkout: Your Information</arg>
<doc>Verifies that element ``locator`` contains exact the text ``expected``.</doc>
<status status="PASS" start="2024-05-14T20:14:41.854205" elapsed="0.009585"/>
</kw>
<kw name="Page Should Contain Element" owner="SeleniumLibrary">
<msg time="2024-05-14T20:14:41.869686" level="INFO">Current page contains element 'id:first-name'.</msg>
<arg>id:first-name</arg>
<doc>Verifies that element ``locator`` is found on the current page.</doc>
<status status="PASS" start="2024-05-14T20:14:41.863790" elapsed="0.005896"/>
</kw>
<kw name="Page Should Contain Element" owner="SeleniumLibrary">
<msg time="2024-05-14T20:14:41.875249" level="INFO">Current page contains element 'id:last-name'.</msg>
<arg>id:last-name</arg>
<doc>Verifies that element ``locator`` is found on the current page.</doc>
<status status="PASS" start="2024-05-14T20:14:41.869686" elapsed="0.005563"/>
</kw>
<kw name="Page Should Contain Element" owner="SeleniumLibrary">
<msg time="2024-05-14T20:14:41.880641" level="INFO">Current page contains element 'id:postal-code'.</msg>
<arg>id:postal-code</arg>
<doc>Verifies that element ``locator`` is found on the current page.</doc>
<status status="PASS" start="2024-05-14T20:14:41.875249" elapsed="0.005392"/>
</kw>
<kw name="Element Attribute Value Should Be" owner="SeleniumLibrary">
<msg time="2024-05-14T20:14:41.887139" level="INFO">Element 'id:first-name' attribute 'placeholder' contains value 'First Name'.</msg>
<arg>id:first-name</arg>
<arg>placeholder</arg>
<arg>First Name</arg>
<doc>Verifies element identified by ``locator`` contains expected attribute value.</doc>
<status status="PASS" start="2024-05-14T20:14:41.880641" elapsed="0.006498"/>
</kw>
<kw name="Element Attribute Value Should Be" owner="SeleniumLibrary">
<msg time="2024-05-14T20:14:41.893627" level="INFO">Element 'id:last-name' attribute 'placeholder' contains value 'Last Name'.</msg>
<arg>id:last-name</arg>
<arg>placeholder</arg>
<arg>Last Name</arg>
<doc>Verifies element identified by ``locator`` contains expected attribute value.</doc>
<status status="PASS" start="2024-05-14T20:14:41.887139" elapsed="0.006488"/>
</kw>
<kw name="Element Attribute Value Should Be" owner="SeleniumLibrary">
<msg time="2024-05-14T20:14:41.899438" level="INFO">Element 'id:postal-code' attribute 'placeholder' contains value 'Zip/Postal Code'.</msg>
<arg>id:postal-code</arg>
<arg>placeholder</arg>
<arg>Zip/Postal Code</arg>
<doc>Verifies element identified by ``locator`` contains expected attribute value.</doc>
<status status="PASS" start="2024-05-14T20:14:41.893627" elapsed="0.005811"/>
</kw>
<kw name="Page Should Contain Element" owner="SeleniumLibrary">
<msg time="2024-05-14T20:14:41.904715" level="INFO">Current page contains element 'id:continue'.</msg>
<arg>id:continue</arg>
<doc>Verifies that element ``locator`` is found on the current page.</doc>
<status status="PASS" start="2024-05-14T20:14:41.899581" elapsed="0.005134"/>
</kw>
<kw name="Page Should Contain Element" owner="SeleniumLibrary">
<msg time="2024-05-14T20:14:41.910058" level="INFO">Current page contains element 'id:cancel'.</msg>
<arg>id:cancel</arg>
<doc>Verifies that element ``locator`` is found on the current page.</doc>
<status status="PASS" start="2024-05-14T20:14:41.904715" elapsed="0.005343"/>
</kw>
<status status="PASS" start="2024-05-14T20:14:41.853996" elapsed="0.056062"/>
</kw>
<kw name="Input Text" owner="SeleniumLibrary">
<msg time="2024-05-14T20:14:41.910728" level="INFO">Typing text 'John' into text field 'id:first-name'.</msg>
<arg>id:first-name</arg>
<arg>John</arg>
<doc>Types the given ``text`` into the text field identified by ``locator``.</doc>
<status status="PASS" start="2024-05-14T20:14:41.910605" elapsed="0.041687"/>
</kw>
<kw name="Input Text" owner="SeleniumLibrary">
<msg time="2024-05-14T20:14:41.952910" level="INFO">Typing text 'Doe' into text field 'id:last-name'.</msg>
<arg>id:last-name</arg>
<arg>Doe</arg>
<doc>Types the given ``text`` into the text field identified by ``locator``.</doc>
<status status="PASS" start="2024-05-14T20:14:41.952692" elapsed="0.042947"/>
</kw>
<kw name="Element Attribute Value Should Be" owner="SeleniumLibrary">
<msg time="2024-05-14T20:14:42.004934" level="INFO">Element 'id:first-name' attribute 'value' contains value 'e'.</msg>
<arg>id:first-name</arg>
<arg>value</arg>
<arg>e</arg>
<doc>Verifies element identified by ``locator`` contains expected attribute value.</doc>
<status status="PASS" start="2024-05-14T20:14:41.996756" elapsed="0.008178"/>
</kw>
<kw name="Element Attribute Value Should Be" owner="SeleniumLibrary">
<msg time="2024-05-14T20:14:42.010931" level="INFO">Element 'id:last-name' attribute 'value' contains value ''.</msg>
<arg>id:last-name</arg>
<arg>value</arg>
<arg>${EMPTY}</arg>
<doc>Verifies element identified by ``locator`` contains expected attribute value.</doc>
<status status="PASS" start="2024-05-14T20:14:42.004934" elapsed="0.006993"/>
</kw>
<kw name="Go continue" owner="resources">
<kw name="Click Button" owner="SeleniumLibrary">
<msg time="2024-05-14T20:14:42.011927" level="INFO">Clicking button 'id=continue'.</msg>
<arg>id=continue</arg>
<doc>Clicks the button identified by ``locator``.</doc>
<status status="PASS" start="2024-05-14T20:14:42.011927" elapsed="0.028803"/>
</kw>
<status status="PASS" start="2024-05-14T20:14:42.011927" elapsed="0.028803"/>
</kw>
<kw name="Page Should Contain" owner="SeleniumLibrary">
<msg time="2024-05-14T20:14:42.048174" level="INFO">Current page contains text 'Error: Last Name is required'.</msg>
<arg>Error: Last Name is required</arg>
<doc>Verifies that current page contains ``text``.</doc>
<status status="PASS" start="2024-05-14T20:14:42.040957" elapsed="0.008215"/>
</kw>
<kw name="Click Button" owner="SeleniumLibrary">
<msg time="2024-05-14T20:14:42.049172" level="INFO">Clicking button 'class:error-button'.</msg>
<arg>class:error-button</arg>
<doc>Clicks the button identified by ``locator``.</doc>
<status status="PASS" start="2024-05-14T20:14:42.049172" elapsed="0.030285"/>
</kw>
<kw name="Page Should Not Contain" owner="SeleniumLibrary">
<msg time="2024-05-14T20:14:42.090578" level="INFO">Current page does not contain text 'Error: Last Name is required'.</msg>
<arg>Error: Last Name is required</arg>
<doc>Verifies the current page does not contain ``text``.</doc>
<status status="PASS" start="2024-05-14T20:14:42.080204" elapsed="0.010374"/>
</kw>
<kw name="Close Browser" owner="SeleniumLibrary">
<doc>Closes the current browser.</doc>
<status status="PASS" start="2024-05-14T20:14:42.090578" elapsed="2.096565"/>
</kw>
<status status="PASS" start="2024-05-14T20:14:34.500418" elapsed="9.686725"/>
</test>
<test id="s1-t6" name="Only fill firstname at Checkout page with problem user" line="119">
<kw name="Open Browser to Login" owner="resources">
<kw name="Open Browser" owner="SeleniumLibrary">
<msg time="2024-05-14T20:14:44.189147" level="INFO">Opening browser 'Chrome' to base url 'https://www.saucedemo.com/'.</msg>
<arg>${URL}</arg>
<arg>${BROWSER}</arg>
<doc>Opens a new browser instance to the optional ``url``.</doc>
<status status="PASS" start="2024-05-14T20:14:44.189147" elapsed="5.398872"/>
</kw>
<kw name="Page Should Contain Element" owner="SeleniumLibrary">
<msg time="2024-05-14T20:14:49.596404" level="INFO">Current page contains element 'id=login-button'.</msg>
<arg>id=login-button</arg>
<doc>Verifies that element ``locator`` is found on the current page.</doc>
<status status="PASS" start="2024-05-14T20:14:49.588019" elapsed="0.008385"/>
</kw>
<status status="PASS" start="2024-05-14T20:14:44.189147" elapsed="5.407257"/>
</kw>
<kw name="Maximize Browser Window" owner="SeleniumLibrary">
<doc>Maximizes current browser window.</doc>
<status status="PASS" start="2024-05-14T20:14:49.596404" elapsed="0.016319"/>
</kw>
<kw name="Login with problem user" owner="resources">
<kw name="Input Text" owner="SeleniumLibrary">
<msg time="2024-05-14T20:14:49.614157" level="INFO">Typing text 'problem_user' into text field 'id=user-name'.</msg>
<arg>id=user-name</arg>
<arg>${PROBLEM_USER}</arg>
<doc>Types the given ``text`` into the text field identified by ``locator``.</doc>
<status status="PASS" start="2024-05-14T20:14:49.614157" elapsed="0.071975"/>
</kw>
<kw name="Input Text" owner="SeleniumLibrary">
<msg time="2024-05-14T20:14:49.687134" level="INFO">Typing text 'secret_sauce' into text field 'id=password'.</msg>
<arg>id=password</arg>
<arg>${PASSWORD}</arg>
<doc>Types the given ``text`` into the text field identified by ``locator``.</doc>
<status status="PASS" start="2024-05-14T20:14:49.686132" elapsed="0.051636"/>
</kw>
<kw name="Click Button" owner="SeleniumLibrary">
<msg time="2024-05-14T20:14:49.737768" level="INFO">Clicking button 'css=.btn_action'.</msg>
<arg>css=.btn_action</arg>
<doc>Clicks the button identified by ``locator``.</doc>
<status status="PASS" start="2024-05-14T20:14:49.737768" elapsed="0.056761"/>
</kw>
<kw name="Sleep" owner="BuiltIn">
<msg time="2024-05-14T20:14:51.796642" level="INFO">Slept 2 seconds.</msg>
<arg>2</arg>
<doc>Pauses the test executed for the given time.</doc>
<status status="PASS" start="2024-05-14T20:14:49.794529" elapsed="2.002113"/>
</kw>
<kw name="Element Text Should Be" owner="SeleniumLibrary">
<msg time="2024-05-14T20:14:51.796642" level="INFO">Verifying element 'class:title' contains exact text 'Products'.</msg>
<arg>class:title</arg>
<arg>Products</arg>
<doc>Verifies that element ``locator`` contains exact the text ``expected``.</doc>
<status status="PASS" start="2024-05-14T20:14:51.796642" elapsed="0.016217"/>
</kw>
<status status="PASS" start="2024-05-14T20:14:49.613658" elapsed="2.199201"/>
</kw>
<kw name="Buy Sauce Labs Backpack" owner="resources">
<kw name="Click Button" owner="SeleniumLibrary">
<msg time="2024-05-14T20:14:51.812859" level="INFO">Clicking button 'id:add-to-cart-sauce-labs-backpack'.</msg>
<arg>id:add-to-cart-sauce-labs-backpack</arg>
<doc>Clicks the button identified by ``locator``.</doc>
<status status="PASS" start="2024-05-14T20:14:51.812859" elapsed="0.029362"/>
</kw>
<kw name="Wait Until Element Is Visible" owner="SeleniumLibrary">
<arg>id:remove-sauce-labs-backpack</arg>
<doc>Waits until the element ``locator`` is visible.</doc>
<status status="PASS" start="2024-05-14T20:14:51.842221" elapsed="0.012721"/>
</kw>
<kw name="Element Should Not Be Visible" owner="SeleniumLibrary">
<msg time="2024-05-14T20:14:51.859442" level="INFO">Element 'id:add-to-cart-sauce-labs-backpack' did not exist.</msg>
<arg>id:add-to-cart-sauce-labs-backpack</arg>
<doc>Verifies that the element identified by ``locator`` is NOT visible.</doc>
<status status="PASS" start="2024-05-14T20:14:51.855443" elapsed="0.003999"/>
</kw>
[...]
<arg>id:postal-code</arg>
<arg>placeholder</arg>
<arg>Zip/Postal Code</arg>
<doc>Verifies element identified by ``locator`` contains expected attribute value.</doc>
<status status="PASS" start="2024-05-14T20:15:12.500397" elapsed="0.005913"/>
</kw>
<kw name="Page Should Contain Element" owner="SeleniumLibrary">
<msg time="2024-05-14T20:15:12.511570" level="INFO">Current page contains element 'id:continue'.</msg>
<arg>id:continue</arg>
<doc>Verifies that element ``locator`` is found on the current page.</doc>
<status status="PASS" start="2024-05-14T20:15:12.506443" elapsed="0.005198"/>
</kw>
<kw name="Page Should Contain Element" owner="SeleniumLibrary">
<msg time="2024-05-14T20:15:12.517081" level="INFO">Current page contains element 'id:cancel'.</msg>
<arg>id:cancel</arg>
<doc>Verifies that element ``locator`` is found on the current page.</doc>
<status status="PASS" start="2024-05-14T20:15:12.511839" elapsed="0.005302"/>
</kw>
<status status="PASS" start="2024-05-14T20:15:12.458222" elapsed="0.058981"/>
</kw>
<kw name="Input Text" owner="SeleniumLibrary">
<msg time="2024-05-14T20:15:12.517657" level="INFO">Typing text '707' into text field 'id:postal-code'.</msg>
<arg>id:postal-code</arg>
<arg>707</arg>
<doc>Types the given ``text`` into the text field identified by ``locator``.</doc>
<status status="PASS" start="2024-05-14T20:15:12.517512" elapsed="0.041410"/>
</kw>
<kw name="Go continue" owner="resources">
<kw name="Click Button" owner="SeleniumLibrary">
<msg time="2024-05-14T20:15:12.559892" level="INFO">Clicking button 'id=continue'.</msg>
<arg>id=continue</arg>
<doc>Clicks the button identified by ``locator``.</doc>
<status status="PASS" start="2024-05-14T20:15:12.559892" elapsed="0.032241"/>
</kw>
<status status="PASS" start="2024-05-14T20:15:12.559892" elapsed="0.032241"/>
</kw>
<kw name="Page Should Contain" owner="SeleniumLibrary">
<msg time="2024-05-14T20:15:12.601346" level="INFO">Current page contains text 'Error: First Name is required'.</msg>
<arg>Error: First Name is required</arg>
<doc>Verifies that current page contains ``text``.</doc>
<status status="PASS" start="2024-05-14T20:15:12.592630" elapsed="0.008716"/>
</kw>
<kw name="Click Button" owner="SeleniumLibrary">
<msg time="2024-05-14T20:15:12.602347" level="INFO">Clicking button 'class:error-button'.</msg>
<arg>class:error-button</arg>
<doc>Clicks the button identified by ``locator``.</doc>
<status status="PASS" start="2024-05-14T20:15:12.601346" elapsed="0.030984"/>
</kw>
<kw name="Page Should Not Contain" owner="SeleniumLibrary">
<msg time="2024-05-14T20:15:12.642297" level="INFO">Current page does not contain text 'Error: First Name is required'.</msg>
<arg>Error: First Name is required</arg>
<doc>Verifies the current page does not contain ``text``.</doc>
<status status="PASS" start="2024-05-14T20:15:12.632330" elapsed="0.009967"/>
</kw>
<kw name="Close Browser" owner="SeleniumLibrary">
<doc>Closes the current browser.</doc>
<status status="PASS" start="2024-05-14T20:15:12.643294" elapsed="2.092659"/>
</kw>
<status status="PASS" start="2024-05-14T20:15:03.906783" elapsed="10.829810"/>
</test>
<test id="s1-t9" name="Cancel checkout process at checkout information with problem user" line="186">
<kw name="Open Browser to Login" owner="resources">
<kw name="Open Browser" owner="SeleniumLibrary">
<msg time="2024-05-14T20:15:14.738016" level="INFO">Opening browser 'Chrome' to base url 'https://www.saucedemo.com/'.</msg>
<arg>${URL}</arg>
<arg>${BROWSER}</arg>
<doc>Opens a new browser instance to the optional ``url``.</doc>
<status status="PASS" start="2024-05-14T20:15:14.737912" elapsed="6.118197"/>
</kw>
<kw name="Page Should Contain Element" owner="SeleniumLibrary">
<msg time="2024-05-14T20:15:20.863977" level="INFO">Current page contains element 'id=login-button'.</msg>
<arg>id=login-button</arg>
<doc>Verifies that element ``locator`` is found on the current page.</doc>
<status status="PASS" start="2024-05-14T20:15:20.856109" elapsed="0.007868"/>
</kw>
<status status="PASS" start="2024-05-14T20:15:14.737467" elapsed="6.126510"/>
</kw>
<kw name="Maximize Browser Window" owner="SeleniumLibrary">
<doc>Maximizes current browser window.</doc>
<status status="PASS" start="2024-05-14T20:15:20.863977" elapsed="0.023207"/>
</kw>
<kw name="Login with problem user" owner="resources">
<kw name="Input Text" owner="SeleniumLibrary">
<msg time="2024-05-14T20:15:20.888184" level="INFO">Typing text 'problem_user' into text field 'id=user-name'.</msg>
<arg>id=user-name</arg>
<arg>${PROBLEM_USER}</arg>
<doc>Types the given ``text`` into the text field identified by ``locator``.</doc>
<status status="PASS" start="2024-05-14T20:15:20.888184" elapsed="0.068884"/>
</kw>
<kw name="Input Text" owner="SeleniumLibrary">
<msg time="2024-05-14T20:15:20.958065" level="INFO">Typing text 'secret_sauce' into text field 'id=password'.</msg>
<arg>id=password</arg>
<arg>${PASSWORD}</arg>
<doc>Types the given ``text`` into the text field identified by ``locator``.</doc>
<status status="PASS" start="2024-05-14T20:15:20.957068" elapsed="0.050819"/>
</kw>
<kw name="Click Button" owner="SeleniumLibrary">
<msg time="2024-05-14T20:15:21.007887" level="INFO">Clicking button 'css=.btn_action'.</msg>
<arg>css=.btn_action</arg>
<doc>Clicks the button identified by ``locator``.</doc>
<status status="PASS" start="2024-05-14T20:15:21.007887" elapsed="0.058192"/>
</kw>
<kw name="Sleep" owner="BuiltIn">
<msg time="2024-05-14T20:15:23.066338" level="INFO">Slept 2 seconds.</msg>
<arg>2</arg>
<doc>Pauses the test executed for the given time.</doc>
<status status="PASS" start="2024-05-14T20:15:21.066079" elapsed="2.000259"/>
</kw>
<kw name="Element Text Should Be" owner="SeleniumLibrary">
<msg time="2024-05-14T20:15:23.066338" level="INFO">Verifying element 'class:title' contains exact text 'Products'.</msg>
<arg>class:title</arg>
<arg>Products</arg>
<doc>Verifies that element ``locator`` contains exact the text ``expected``.</doc>
<status status="PASS" start="2024-05-14T20:15:23.066338" elapsed="0.016152"/>
</kw>
<status status="PASS" start="2024-05-14T20:15:20.888184" elapsed="2.194306"/>
</kw>
<kw name="Buy Sauce Labs Backpack" owner="resources">
<kw name="Click Button" owner="SeleniumLibrary">
<msg time="2024-05-14T20:15:23.083482" level="INFO">Clicking button 'id:add-to-cart-sauce-labs-backpack'.</msg>
<arg>id:add-to-cart-sauce-labs-backpack</arg>
<doc>Clicks the button identified by ``locator``.</doc>
<status status="PASS" start="2024-05-14T20:15:23.083482" elapsed="0.029422"/>
</kw>
<kw name="Wait Until Element Is Visible" owner="SeleniumLibrary">
<arg>id:remove-sauce-labs-backpack</arg>
<doc>Waits until the element ``locator`` is visible.</doc>
<status status="PASS" start="2024-05-14T20:15:23.112904" elapsed="0.012540"/>
</kw>
<kw name="Element Should Not Be Visible" owner="SeleniumLibrary">
<msg time="2024-05-14T20:15:23.129475" level="INFO">Element 'id:add-to-cart-sauce-labs-backpack' did not exist.</msg>
<arg>id:add-to-cart-sauce-labs-backpack</arg>
<doc>Verifies that the element identified by ``locator`` is NOT visible.</doc>
<status status="PASS" start="2024-05-14T20:15:23.125444" elapsed="0.004031"/>
</kw>
<kw name="Element Text Should Be" owner="SeleniumLibrary">
<msg time="2024-05-14T20:15:23.129475" level="INFO">Verifying element 'id:remove-sauce-labs-backpack' contains exact text 'Remove'.</msg>
<arg>id:remove-sauce-labs-backpack</arg>
<arg>Remove</arg>
<doc>Verifies that element ``locator`` contains exact the text ``expected``.</doc>
<status status="PASS" start="2024-05-14T20:15:23.129475" elapsed="0.007970"/>
</kw>
<status status="PASS" start="2024-05-14T20:15:23.082490" elapsed="0.054955"/>
</kw>
<kw name="Go to cart" owner="resources">
<kw name="Click Element" owner="SeleniumLibrary">
<msg time="2024-05-14T20:15:23.137445" level="INFO">Clicking element 'xpath://*[@id="shopping_cart_container"]/a'.</msg>
<arg>xpath://*[@id="shopping_cart_container"]/a</arg>
<doc>Click the element identified by ``locator``.</doc>
<status status="PASS" start="2024-05-14T20:15:23.137445" elapsed="0.028340"/>
</kw>
<kw name="Verify Cart page" owner="resources">
<kw name="Element Text Should Be" owner="SeleniumLibrary">
<msg time="2024-05-14T20:15:23.166788" level="INFO">Verifying element 'xpath://*[@id="header_container"]/div[2]/span' contains exact text 'Your Cart'.</msg>
<arg>xpath://*[@id="header_container"]/div[2]/span</arg>
<arg>Your Cart</arg>
<doc>Verifies that element ``locator`` contains exact the text ``expected``.</doc>
<status status="PASS" start="2024-05-14T20:15:23.165785" elapsed="0.014950"/>
</kw>
<kw name="Page Should Contain Element" owner="SeleniumLibrary">
<msg time="2024-05-14T20:15:23.186714" level="INFO">Current page contains element 'id:checkout'.</msg>
<arg>id:checkout</arg>
<doc>Verifies that element ``locator`` is found on the current page.</doc>
<status status="PASS" start="2024-05-14T20:15:23.180735" elapsed="0.005979"/>
</kw>
<kw name="Page Should Contain Element" owner="SeleniumLibrary">
<msg time="2024-05-14T20:15:23.192170" level="INFO">Current page contains element 'id:continue-shopping'.</msg>
<arg>id:continue-shopping</arg>
<doc>Verifies that element ``locator`` is found on the current page.</doc>
<status status="PASS" start="2024-05-14T20:15:23.186714" elapsed="0.005456"/>
</kw>
<kw name="Page Should Contain" owner="SeleniumLibrary">
<msg time="2024-05-14T20:15:23.199143" level="INFO">Current page contains text 'QTY'.</msg>
<arg>QTY</arg>
<doc>Verifies that current page contains ``text``.</doc>
<status status="PASS" start="2024-05-14T20:15:23.192170" elapsed="0.006973"/>
</kw>
<kw name="Page Should Contain" owner="SeleniumLibrary">
<msg time="2024-05-14T20:15:23.205123" level="INFO">Current page contains text 'Description'.</msg>
<arg>Description</arg>
<doc>Verifies that current page contains ``text``.</doc>
<status status="PASS" start="2024-05-14T20:15:23.199143" elapsed="0.005980"/>
</kw>
<status status="PASS" start="2024-05-14T20:15:23.165785" elapsed="0.039338"/>
</kw>
<status status="PASS" start="2024-05-14T20:15:23.137445" elapsed="0.067678"/>
</kw>
<kw name="Go to checkout page" owner="resources">
<kw name="Click Button" owner="SeleniumLibrary">
<msg time="2024-05-14T20:15:23.206124" level="INFO">Clicking button 'id=checkout'.</msg>
<arg>id=checkout</arg>
<doc>Clicks the button identified by ``locator``.</doc>
<status status="PASS" start="2024-05-14T20:15:23.206124" elapsed="0.030116"/>
</kw>
<status status="PASS" start="2024-05-14T20:15:23.206124" elapsed="0.030116"/>
</kw>
<kw name="Verify Checkout Page" owner="resources">
<kw name="Element Text Should Be" owner="SeleniumLibrary">
<msg time="2024-05-14T20:15:23.237243" level="INFO">Verifying element 'class=title' contains exact text 'Checkout: Your Information'.</msg>
<arg>class=title</arg>
<arg>Checkout: Your Information</arg>
<doc>Verifies that element ``locator`` contains exact the text ``expected``.</doc>
<status status="PASS" start="2024-05-14T20:15:23.237243" elapsed="0.008967"/>
</kw>
<kw name="Page Should Contain Element" owner="SeleniumLibrary">
<msg time="2024-05-14T20:15:23.252190" level="INFO">Current page contains element 'id:first-name'.</msg>
<arg>id:first-name</arg>
<doc>Verifies that element ``locator`` is found on the current page.</doc>
<status status="PASS" start="2024-05-14T20:15:23.246210" elapsed="0.005980"/>
</kw>
<kw name="Page Should Contain Element" owner="SeleniumLibrary">
<msg time="2024-05-14T20:15:23.258167" level="INFO">Current page contains element 'id:last-name'.</msg>
<arg>id:last-name</arg>
<doc>Verifies that element ``locator`` is found on the current page.</doc>
<status status="PASS" start="2024-05-14T20:15:23.252190" elapsed="0.005977"/>
</kw>
<kw name="Page Should Contain Element" owner="SeleniumLibrary">
<msg time="2024-05-14T20:15:23.264146" level="INFO">Current page contains element 'id:postal-code'.</msg>
<arg>id:postal-code</arg>
<doc>Verifies that element ``locator`` is found on the current page.</doc>
<status status="PASS" start="2024-05-14T20:15:23.258167" elapsed="0.005979"/>
</kw>
<kw name="Element Attribute Value Should Be" owner="SeleniumLibrary">
<msg time="2024-05-14T20:15:23.271127" level="INFO">Element 'id:first-name' attribute 'placeholder' contains value 'First Name'.</msg>
<arg>id:first-name</arg>
<arg>placeholder</arg>
<arg>First Name</arg>
<doc>Verifies element identified by ``locator`` contains expected attribute value.</doc>
<status status="PASS" start="2024-05-14T20:15:23.264146" elapsed="0.006981"/>
</kw>
<kw name="Element Attribute Value Should Be" owner="SeleniumLibrary">
<msg time="2024-05-14T20:15:23.278034" level="INFO">Element 'id:last-name' attribute 'placeholder' contains value 'Last Name'.</msg>
<arg>id:last-name</arg>
<arg>placeholder</arg>
<arg>Last Name</arg>
<doc>Verifies element identified by ``locator`` contains expected attribute value.</doc>
<status status="PASS" start="2024-05-14T20:15:23.271127" elapsed="0.006907"/>
</kw>
<kw name="Element Attribute Value Should Be" owner="SeleniumLibrary">
<msg time="2024-05-14T20:15:23.283029" level="INFO">Element 'id:postal-code' attribute 'placeholder' contains value 'Zip/Postal Code'.</msg>
<arg>id:postal-code</arg>
<arg>placeholder</arg>
<arg>Zip/Postal Code</arg>
<doc>Verifies element identified by ``locator`` contains expected attribute value.</doc>
<status status="PASS" start="2024-05-14T20:15:23.278034" elapsed="0.004995"/>
</kw>
<kw name="Page Should Contain Element" owner="SeleniumLibrary">
<msg time="2024-05-14T20:15:23.289068" level="INFO">Current page contains element 'id:continue'.</msg>
<arg>id:continue</arg>
<doc>Verifies that element ``locator`` is found on the current page.</doc>
<status status="PASS" start="2024-05-14T20:15:23.283029" elapsed="0.006039"/>
</kw>
<kw name="Page Should Contain Element" owner="SeleniumLibrary">
<msg time="2024-05-14T20:15:23.294052" level="INFO">Current page contains element 'id:cancel'.</msg>
<arg>id:cancel</arg>
<doc>Verifies that element ``locator`` is found on the current page.</doc>
<status status="PASS" start="2024-05-14T20:15:23.289068" elapsed="0.004984"/>
</kw>
<status status="PASS" start="2024-05-14T20:15:23.236240" elapsed="0.057812"/>
</kw>
<kw name="Cancel checkout" owner="resources">
<kw name="Click Element" owner="SeleniumLibrary">
<msg time="2024-05-14T20:15:23.295049" level="INFO">Clicking element 'id:cancel'.</msg>
<arg>id:cancel</arg>
<doc>Click the element identified by ``locator``.</doc>
<status status="PASS" start="2024-05-14T20:15:23.295049" elapsed="0.022605"/>
</kw>
<status status="PASS" start="2024-05-14T20:15:23.294052" elapsed="0.023602"/>
</kw>
<kw name="Verify Cart page" owner="resources">
<kw name="Element Text Should Be" owner="SeleniumLibrary">
<msg time="2024-05-14T20:15:23.318650" level="INFO">Verifying element 'xpath://*[@id="header_container"]/div[2]/span' contains exact text 'Your Cart'.</msg>
<arg>xpath://*[@id="header_container"]/div[2]/span</arg>
<arg>Your Cart</arg>
<doc>Verifies that element ``locator`` contains exact the text ``expected``.</doc>
<status status="PASS" start="2024-05-14T20:15:23.317654" elapsed="0.009967"/>
</kw>
<kw name="Page Should Contain Element" owner="SeleniumLibrary">
<msg time="2024-05-14T20:15:23.331607" level="INFO">Current page contains element 'id:checkout'.</msg>
<arg>id:checkout</arg>
<doc>Verifies that element ``locator`` is found on the current page.</doc>
<status status="PASS" start="2024-05-14T20:15:23.327621" elapsed="0.003986"/>
</kw>
<kw name="Page Should Contain Element" owner="SeleniumLibrary">
<msg time="2024-05-14T20:15:23.334601" level="INFO">Current page contains element 'id:continue-shopping'.</msg>
<arg>id:continue-shopping</arg>
<doc>Verifies that element ``locator`` is found on the current page.</doc>
<status status="PASS" start="2024-05-14T20:15:23.331607" elapsed="0.002994"/>
</kw>
<kw name="Page Should Contain" owner="SeleniumLibrary">
<msg time="2024-05-14T20:15:23.339791" level="INFO">Current page contains text 'QTY'.</msg>
<arg>QTY</arg>
<doc>Verifies that current page contains ``text``.</doc>
<status status="PASS" start="2024-05-14T20:15:23.335598" elapsed="0.004193"/>
</kw>
<kw name="Page Should Contain" owner="SeleniumLibrary">
<msg time="2024-05-14T20:15:23.343774" level="INFO">Current page contains text 'Description'.</msg>
<arg>Description</arg>
<doc>Verifies that current page contains ``text``.</doc>
<status status="PASS" start="2024-05-14T20:15:23.339791" elapsed="0.003983"/>
</kw>
<status status="PASS" start="2024-05-14T20:15:23.317654" elapsed="0.026120"/>
</kw>
<kw name="Verify First item in cart" owner="resources">
<kw name="Element Text Should Be" owner="SeleniumLibrary">
<msg time="2024-05-14T20:15:23.344774" level="INFO">Verifying element 'xpath://*[@id="cart_contents_container"]/div/div[1]/div[3]/div[1]' contains exact text '1'.</msg>
<arg>xpath://*[@id="cart_contents_container"]/div/div[1]/div[3]/div[1]</arg>
<arg>1</arg>
<doc>Verifies that element ``locator`` contains exact the text ``expected``.</doc>
<status status="PASS" start="2024-05-14T20:15:23.344774" elapsed="0.008970"/>
</kw>
<kw name="Element Text Should Be" owner="SeleniumLibrary">
<msg time="2024-05-14T20:15:23.354741" level="INFO">Verifying element 'xpath://*[@id="cart_contents_container"]/div/div[1]/div[3]/div[2]/a/div' contains exact text 'Sauce Labs Backpack'.</msg>
<arg>xpath://*[@id="cart_contents_container"]/div/div[1]/div[3]/div[2]/a/div</arg>
<arg>${item_name}</arg>
<doc>Verifies that element ``locator`` contains exact the text ``expected``.</doc>
<status status="PASS" start="2024-05-14T20:15:23.353744" elapsed="0.010964"/>
</kw>
<kw name="Element Text Should Be" owner="SeleniumLibrary">
<msg time="2024-05-14T20:15:23.364708" level="INFO">Verifying element 'xpath://*[@id="cart_contents_container"]/div/div[1]/div[3]/div[2]/div[1]' contains exact text 'carry.allTheThings() with the sleek, streamlined Sly Pack that melds uncompromising style with unequaled laptop and tablet protection.'.</msg>
<arg>xpath://*[@id="cart_contents_container"]/div/div[1]/div[3]/div[2]/div[1]</arg>
<arg>${item_desc}</arg>
<doc>Verifies that element ``locator`` contains exact the text ``expected``.</doc>
<status status="PASS" start="2024-05-14T20:15:23.364708" elapsed="0.010663"/>
</kw>
<kw name="Element Text Should Be" owner="SeleniumLibrary">
<msg time="2024-05-14T20:15:23.375371" level="INFO">Verifying element 'xpath://*[@id="cart_contents_container"]/div/div[1]/div[3]/div[2]/div[2]/div' contains exact text '$29.99'.</msg>
<arg>xpath://*[@id="cart_contents_container"]/div/div[1]/div[3]/div[2]/div[2]/div</arg>
<arg>${item_price}</arg>
<doc>Verifies that element ``locator`` contains exact the text ``expected``.</doc>
<status status="PASS" start="2024-05-14T20:15:23.375371" elapsed="0.008966"/>
</kw>
<arg>${ITEMS}[0]</arg>
<arg>${ITEM1_DESC}</arg>
<arg>${ITEMS_PRICE}[0]</arg>
<status status="PASS" start="2024-05-14T20:15:23.344774" elapsed="0.039563"/>
</kw>
<kw name="Close Browser" owner="SeleniumLibrary">
<doc>Closes the current browser.</doc>
<status status="PASS" start="2024-05-14T20:15:23.384337" elapsed="2.096068"/>
</kw>
<status status="PASS" start="2024-05-14T20:15:14.737322" elapsed="10.743083"/>
</test>
<status status="FAIL" start="2024-05-14T20:13:53.321117" elapsed="92.160835"/>
</suite>
<statistics>
<total>
<stat pass="8" fail="1" skip="0">All Tests</stat>
</total>
<tag>
</tag>
<suite>
<stat pass="8" fail="1" skip="0" id="s1" name="Checkout Problem User Test">Checkout Problem User Test</stat>
</suite>
</statistics>
<errors>
</errors>
</robot>
