<?xml version="1.0" encoding="UTF-8"?>
<robot generator="Robot 7.0 (Python 3.11.0 on win32)" generated="2024-05-14T20:27:07.362407" rpa="false" schemaversion="5">
<suite id="s1" name="Logout Test" source="C:\TailieuhctapPM\Kiem thu\Thuc hanh\GK\gk\Logout test\logout_test.robot">
<test id="s1-t1" name="Verify Logout With standard user" line="6">
<kw name="Open Browser to Login" owner="resources">
<kw name="Open Browser" owner="SeleniumLibrary">
<msg time="2024-05-14T20:27:07.537747" level="INFO">Opening browser 'Chrome' to base url 'https://www.saucedemo.com/'.</msg>
<arg>${URL}</arg>
<arg>${BROWSER}</arg>
<doc>Opens a new browser instance to the optional ``url``.</doc>
<status status="PASS" start="2024-05-14T20:27:07.537747" elapsed="5.432710"/>
</kw>
<kw name="Page Should Contain Element" owner="SeleniumLibrary">
<msg time="2024-05-14T20:27:12.978669" level="INFO">Current page contains element 'id=login-button'.</msg>
<arg>id=login-button</arg>
<doc>Verifies that element ``locator`` is found on the current page.</doc>
<status status="PASS" start="2024-05-14T20:27:12.970457" elapsed="0.008212"/>
</kw>
<status status="PASS" start="2024-05-14T20:27:07.536750" elapsed="5.441919"/>
</kw>
<kw name="Login with standard user" owner="resources">
<kw name="Input Text" owner="SeleniumLibrary">
<msg time="2024-05-14T20:27:12.980150" level="INFO">Typing text 'standard_user' into text field 'id=user-name'.</msg>
<arg>id=user-name</arg>
<arg>${STANDARD_USER}</arg>
<doc>Types the given ``text`` into the text field identified by ``locator``.</doc>
<status status="PASS" start="2024-05-14T20:27:12.980060" elapsed="0.056355"/>
</kw>
<kw name="Input Text" owner="SeleniumLibrary">
<msg time="2024-05-14T20:27:13.037416" level="INFO">Typing text 'secret_sauce' into text field 'id=password'.</msg>
<arg>id=password</arg>
<arg>${PASSWORD}</arg>
<doc>Types the given ``text`` into the text field identified by ``locator``.</doc>
<status status="PASS" start="2024-05-14T20:27:13.036415" elapsed="0.042988"/>
</kw>
<kw name="Click Button" owner="SeleniumLibrary">
<msg time="2024-05-14T20:27:13.079403" level="INFO">Clicking button 'css=.btn_action'.</msg>
<arg>css=.btn_action</arg>
<doc>Clicks the button identified by ``locator``.</doc>
<status status="PASS" start="2024-05-14T20:27:13.079403" elapsed="0.052034"/>
</kw>
<kw name="Sleep" owner="BuiltIn">
<msg time="2024-05-14T20:27:15.131956" level="INFO">Slept 2 seconds.</msg>
<arg>2</arg>
<doc>Pauses the test executed for the given time.</doc>
<status status="PASS" start="2024-05-14T20:27:13.131437" elapsed="2.000519"/>
</kw>
<kw name="Element Text Should Be" owner="SeleniumLibrary">
<msg time="2024-05-14T20:27:15.131956" level="INFO">Verifying element 'class:title' contains exact text 'Products'.</msg>
<arg>class:title</arg>
<arg>Products</arg>
<doc>Verifies that element ``locator`` contains exact the text ``expected``.</doc>
<status status="PASS" start="2024-05-14T20:27:15.131956" elapsed="0.014785"/>
</kw>
<status status="PASS" start="2024-05-14T20:27:12.979682" elapsed="2.167059"/>
</kw>
<kw name="Logout the page" owner="resources">
<kw name="Click Button" owner="SeleniumLibrary">
<msg time="2024-05-14T20:27:15.147686" level="INFO">Clicking button 'id=react-burger-menu-btn'.</msg>
<arg>id=react-burger-menu-btn</arg>
<doc>Clicks the button identified by ``locator``.</doc>
<status status="PASS" start="2024-05-14T20:27:15.147686" elapsed="0.028330"/>
</kw>
<kw name="Wait Until Element Is Visible" owner="SeleniumLibrary">
<arg>id=logout_sidebar_link</arg>
<doc>Waits until the element ``locator`` is visible.</doc>
<status status="PASS" start="2024-05-14T20:27:15.176016" elapsed="0.226401"/>
</kw>
<kw name="Click Element" owner="SeleniumLibrary">
<msg time="2024-05-14T20:27:15.402417" level="INFO">Clicking element 'id=logout_sidebar_link'.</msg>
<arg>id=logout_sidebar_link</arg>
<doc>Click the element identified by ``locator``.</doc>
<status status="PASS" start="2024-05-14T20:27:15.402417" elapsed="0.022981"/>
</kw>
<kw name="Wait Until Page Contains Element" owner="SeleniumLibrary">
<arg>id=login-button</arg>
<doc>Waits until the element ``locator`` appears on the current page.</doc>
<status status="PASS" start="2024-05-14T20:27:15.425398" elapsed="0.004987"/>
</kw>
<status status="PASS" start="2024-05-14T20:27:15.147686" elapsed="0.282699"/>
</kw>
<kw name="Close Browser" owner="SeleniumLibrary">
<doc>Closes the current browser.</doc>
<status status="PASS" start="2024-05-14T20:27:15.430385" elapsed="2.110319"/>
</kw>
<status status="PASS" start="2024-05-14T20:27:07.535753" elapsed="10.005359"/>
</test>
<test id="s1-t2" name="Verify Logout With problem user" line="12">
<kw name="Open Browser to Login" owner="resources">
<kw name="Open Browser" owner="SeleniumLibrary">
<msg time="2024-05-14T20:27:17.542117" level="INFO">Opening browser 'Chrome' to base url 'https://www.saucedemo.com/'.</msg>
<arg>${URL}</arg>
<arg>${BROWSER}</arg>
<doc>Opens a new browser instance to the optional ``url``.</doc>
<status status="PASS" start="2024-05-14T20:27:17.542117" elapsed="6.335103"/>
</kw>
<kw name="Page Should Contain Element" owner="SeleniumLibrary">
<msg time="2024-05-14T20:27:23.885015" level="INFO">Current page contains element 'id=login-button'.</msg>
<arg>id=login-button</arg>
<doc>Verifies that element ``locator`` is found on the current page.</doc>
<status status="PASS" start="2024-05-14T20:27:23.877220" elapsed="0.007795"/>
</kw>
<status status="PASS" start="2024-05-14T20:27:17.542117" elapsed="6.342898"/>
</kw>
<kw name="Login with problem user" owner="resources">
<kw name="Input Text" owner="SeleniumLibrary">
<msg time="2024-05-14T20:27:23.886032" level="INFO">Typing text 'problem_user' into text field 'id=user-name'.</msg>
<arg>id=user-name</arg>
<arg>${PROBLEM_USER}</arg>
<doc>Types the given ``text`` into the text field identified by ``locator``.</doc>
<status status="PASS" start="2024-05-14T20:27:23.886032" elapsed="0.057361"/>
</kw>
<kw name="Input Text" owner="SeleniumLibrary">
<msg time="2024-05-14T20:27:23.944407" level="INFO">Typing text 'secret_sauce' into text field 'id=password'.</msg>
<arg>id=password</arg>
<arg>${PASSWORD}</arg>
<doc>Types the given ``text`` into the text field identified by ``locator``.</doc>
<status status="PASS" start="2024-05-14T20:27:23.943393" elapsed="0.042615"/>
</kw>
<kw name="Click Button" owner="SeleniumLibrary">
<msg time="2024-05-14T20:27:23.986008" level="INFO">Clicking button 'css=.btn_action'.</msg>
<arg>css=.btn_action</arg>
<doc>Clicks the button identified by ``locator``.</doc>
<status status="PASS" start="2024-05-14T20:27:23.986008" elapsed="0.050595"/>
</kw>
<kw name="Sleep" owner="BuiltIn">
<msg time="2024-05-14T20:27:26.037022" level="INFO">Slept 2 seconds.</msg>
<arg>2</arg>
<doc>Pauses the test executed for the given time.</doc>
<status status="PASS" start="2024-05-14T20:27:24.036603" elapsed="2.000419"/>
</kw>
<kw name="Element Text Should Be" owner="SeleniumLibrary">
<msg time="2024-05-14T20:27:26.037022" level="INFO">Verifying element 'class:title' contains exact text 'Products'.</msg>
<arg>class:title</arg>
<arg>Products</arg>
<doc>Verifies that element ``locator`` contains exact the text ``expected``.</doc>
<status status="PASS" start="2024-05-14T20:27:26.037022" elapsed="0.015852"/>
</kw>
<status status="PASS" start="2024-05-14T20:27:23.885015" elapsed="2.167859"/>
</kw>
<kw name="Logout the page" owner="resources">
<kw name="Click Button" owner="SeleniumLibrary">
<msg time="2024-05-14T20:27:26.053865" level="INFO">Clicking button 'id=react-burger-menu-btn'.</msg>
<arg>id=react-burger-menu-btn</arg>
<doc>Clicks the button identified by ``locator``.</doc>
<status status="PASS" start="2024-05-14T20:27:26.053865" elapsed="0.031134"/>
</kw>
<kw name="Wait Until Element Is Visible" owner="SeleniumLibrary">
<arg>id=logout_sidebar_link</arg>
<doc>Waits until the element ``locator`` is visible.</doc>
<status status="PASS" start="2024-05-14T20:27:26.085166" elapsed="0.224894"/>
</kw>
<kw name="Click Element" owner="SeleniumLibrary">
<msg time="2024-05-14T20:27:26.311054" level="INFO">Clicking element 'id=logout_sidebar_link'.</msg>
<arg>id=logout_sidebar_link</arg>
<doc>Click the element identified by ``locator``.</doc>
<status status="PASS" start="2024-05-14T20:27:26.310060" elapsed="0.025349"/>
</kw>
<kw name="Wait Until Page Contains Element" owner="SeleniumLibrary">
<arg>id=login-button</arg>
<doc>Waits until the element ``locator`` appears on the current page.</doc>
<status status="PASS" start="2024-05-14T20:27:26.335409" elapsed="0.004485"/>
</kw>
<status status="PASS" start="2024-05-14T20:27:26.053865" elapsed="0.287030"/>
</kw>
<kw name="Close Browser" owner="SeleniumLibrary">
<doc>Closes the current browser.</doc>
<status status="PASS" start="2024-05-14T20:27:26.340895" elapsed="2.087460"/>
</kw>
<status status="PASS" start="2024-05-14T20:27:17.541112" elapsed="10.888248"/>
</test>
<test id="s1-t3" name="Verify Logout With performance glitch user" line="18">
<kw name="Open Browser to Login" owner="resources">
<kw name="Open Browser" owner="SeleniumLibrary">
<msg time="2024-05-14T20:27:28.430361" level="INFO">Opening browser 'Chrome' to base url 'https://www.saucedemo.com/'.</msg>
<arg>${URL}</arg>
<arg>${BROWSER}</arg>
<doc>Opens a new browser instance to the optional ``url``.</doc>
<status status="PASS" start="2024-05-14T20:27:28.430361" elapsed="4.947187"/>
</kw>
<kw name="Page Should Contain Element" owner="SeleniumLibrary">
<msg time="2024-05-14T20:27:33.385868" level="INFO">Current page contains element 'id=login-button'.</msg>
<arg>id=login-button</arg>
<doc>Verifies that element ``locator`` is found on the current page.</doc>
<status status="PASS" start="2024-05-14T20:27:33.377548" elapsed="0.008320"/>
</kw>
<status status="PASS" start="2024-05-14T20:27:28.430361" elapsed="4.955507"/>
</kw>
<kw name="Login with performance glitch user" owner="resources">
<kw name="Input Text" owner="SeleniumLibrary">
<msg time="2024-05-14T20:27:33.386865" level="INFO">Typing text 'performance_glitch_user' into text field 'id=user-name'.</msg>
<arg>id=user-name</arg>
<arg>${PERFORMANCE_GLITCH_USER}</arg>
<doc>Types the given ``text`` into the text field identified by ``locator``.</doc>
<status status="PASS" start="2024-05-14T20:27:33.386865" elapsed="0.061419"/>
</kw>
<kw name="Input Text" owner="SeleniumLibrary">
<msg time="2024-05-14T20:27:33.449287" level="INFO">Typing text 'secret_sauce' into text field 'id=password'.</msg>
<arg>id=password</arg>
<arg>${PASSWORD}</arg>
<doc>Types the given ``text`` into the text field identified by ``locator``.</doc>
<status status="PASS" start="2024-05-14T20:27:33.449287" elapsed="0.042695"/>
</kw>
<kw name="Click Button" owner="SeleniumLibrary">
<msg time="2024-05-14T20:27:33.491982" level="INFO">Clicking button 'css=.btn_action'.</msg>
<arg>css=.btn_action</arg>
<doc>Clicks the button identified by ``locator``.</doc>
<status status="PASS" start="2024-05-14T20:27:33.491982" elapsed="5.053966"/>
</kw>
<kw name="Sleep" owner="BuiltIn">
<msg time="2024-05-14T20:27:43.547032" level="INFO">Slept 5 seconds.</msg>
<arg>5</arg>
<doc>Pauses the test executed for the given time.</doc>
<status status="PASS" start="2024-05-14T20:27:38.545948" elapsed="5.001084"/>
</kw>
<kw name="Element Text Should Be" owner="SeleniumLibrary">
<msg time="2024-05-14T20:27:43.547032" level="INFO">Verifying element 'class:title' contains exact text 'Products'.</msg>
<arg>class:title</arg>
<arg>Products</arg>
<doc>Verifies that element ``locator`` contains exact the text ``expected``.</doc>
<status status="PASS" start="2024-05-14T20:27:43.547032" elapsed="0.016121"/>
</kw>
<status status="PASS" start="2024-05-14T20:27:33.386865" elapsed="10.176288"/>
</kw>
<kw name="Logout the page" owner="resources">
<kw name="Click Button" owner="SeleniumLibrary">
<msg time="2024-05-14T20:27:43.563153" level="INFO">Clicking button 'id=react-burger-menu-btn'.</msg>
<arg>id=react-burger-menu-btn</arg>
<doc>Clicks the button identified by ``locator``.</doc>
<status status="PASS" start="2024-05-14T20:27:43.563153" elapsed="0.029587"/>
</kw>
<kw name="Wait Until Element Is Visible" owner="SeleniumLibrary">
<arg>id=logout_sidebar_link</arg>
<doc>Waits until the element ``locator`` is visible.</doc>
<status status="PASS" start="2024-05-14T20:27:43.592740" elapsed="0.225529"/>
</kw>
<kw name="Click Element" owner="SeleniumLibrary">
<msg time="2024-05-14T20:27:43.818269" level="INFO">Clicking element 'id=logout_sidebar_link'.</msg>
<arg>id=logout_sidebar_link</arg>
<doc>Click the element identified by ``locator``.</doc>
<status status="PASS" start="2024-05-14T20:27:43.818269" elapsed="0.027118"/>
</kw>
<kw name="Wait Until Page Contains Element" owner="SeleniumLibrary">
<arg>id=login-button</arg>
<doc>Waits until the element ``locator`` appears on the current page.</doc>
<status status="PASS" start="2024-05-14T20:27:43.845387" elapsed="0.005104"/>
</kw>
<status status="PASS" start="2024-05-14T20:27:43.563153" elapsed="0.287338"/>
</kw>
<kw name="Close Browser" owner="SeleniumLibrary">
<doc>Closes the current browser.</doc>
<status status="PASS" start="2024-05-14T20:27:43.851488" elapsed="2.128327"/>
</kw>
<status status="PASS" start="2024-05-14T20:27:28.429360" elapsed="17.551047"/>
</test>
<test id="s1-t4" name="Verify Logout With error user" line="24">
<kw name="Open Browser to Login" owner="resources">
<kw name="Open Browser" owner="SeleniumLibrary">
<msg time="2024-05-14T20:27:45.981365" level="INFO">Opening browser 'Chrome' to base url 'https://www.saucedemo.com/'.</msg>
<arg>${URL}</arg>
<arg>${BROWSER}</arg>
<doc>Opens a new browser instance to the optional ``url``.</doc>
<status status="PASS" start="2024-05-14T20:27:45.981365" elapsed="5.072496"/>
</kw>
<kw name="Page Should Contain Element" owner="SeleniumLibrary">
<msg time="2024-05-14T20:27:51.061096" level="INFO">Current page contains element 'id=login-button'.</msg>
<arg>id=login-button</arg>
<doc>Verifies that element ``locator`` is found on the current page.</doc>
<status status="PASS" start="2024-05-14T20:27:51.053861" elapsed="0.007235"/>
</kw>
<status status="PASS" start="2024-05-14T20:27:45.981365" elapsed="5.079731"/>
</kw>
<kw name="Login with error user" owner="resources">
<kw name="Input Text" owner="SeleniumLibrary">
<msg time="2024-05-14T20:27:51.062111" level="INFO">Typing text 'error_user' into text field 'id=user-name'.</msg>
<arg>id=user-name</arg>
<arg>${ERROR_USER}</arg>
<doc>Types the given ``text`` into the text field identified by ``locator``.</doc>
<status status="PASS" start="2024-05-14T20:27:51.062111" elapsed="0.056138"/>
</kw>
<kw name="Input Text" owner="SeleniumLibrary">
<msg time="2024-05-14T20:27:51.119258" level="INFO">Typing text 'secret_sauce' into text field 'id=password'.</msg>
<arg>id=password</arg>
<arg>${PASSWORD}</arg>
<doc>Types the given ``text`` into the text field identified by ``locator``.</doc>
<status status="PASS" start="2024-05-14T20:27:51.118249" elapsed="0.044068"/>
</kw>
<kw name="Click Button" owner="SeleniumLibrary">
<msg time="2024-05-14T20:27:51.163136" level="INFO">Clicking button 'css=.btn_action'.</msg>
<arg>css=.btn_action</arg>
<doc>Clicks the button identified by ``locator``.</doc>
<status status="PASS" start="2024-05-14T20:27:51.162317" elapsed="0.055250"/>
</kw>
<kw name="Sleep" owner="BuiltIn">
<msg time="2024-05-14T20:27:53.218269" level="INFO">Slept 2 seconds.</msg>
<arg>2</arg>
<doc>Pauses the test executed for the given time.</doc>
<status status="PASS" start="2024-05-14T20:27:51.217567" elapsed="2.000702"/>
</kw>
<kw name="Element Text Should Be" owner="SeleniumLibrary">
<msg time="2024-05-14T20:27:53.218269" level="INFO">Verifying element 'class:title' contains exact text 'Products'.</msg>
<arg>class:title</arg>
<arg>Products</arg>
<doc>Verifies that element ``locator`` contains exact the text ``expected``.</doc>
<status status="PASS" start="2024-05-14T20:27:53.218269" elapsed="0.015044"/>
</kw>
<status status="PASS" start="2024-05-14T20:27:51.061096" elapsed="2.172217"/>
</kw>
<kw name="Logout the page" owner="resources">
<kw name="Click Button" owner="SeleniumLibrary">
<msg time="2024-05-14T20:27:53.234328" level="INFO">Clicking button 'id=react-burger-menu-btn'.</msg>
<arg>id=react-burger-menu-btn</arg>
<doc>Clicks the button identified by ``locator``.</doc>
<status status="PASS" start="2024-05-14T20:27:53.234328" elapsed="0.028358"/>
</kw>
<kw name="Wait Until Element Is Visible" owner="SeleniumLibrary">
<arg>id=logout_sidebar_link</arg>
<doc>Waits until the element ``locator`` is visible.</doc>
<status status="PASS" start="2024-05-14T20:27:53.262686" elapsed="0.224724"/>
</kw>
<kw name="Click Element" owner="SeleniumLibrary">
<msg time="2024-05-14T20:27:53.487410" level="INFO">Clicking element 'id=logout_sidebar_link'.</msg>
<arg>id=logout_sidebar_link</arg>
<doc>Click the element identified by ``locator``.</doc>
<status status="PASS" start="2024-05-14T20:27:53.487410" elapsed="0.023151"/>
</kw>
<kw name="Wait Until Page Contains Element" owner="SeleniumLibrary">
<arg>id=login-button</arg>
<doc>Waits until the element ``locator`` appears on the current page.</doc>
<status status="PASS" start="2024-05-14T20:27:53.510561" elapsed="0.005553"/>
</kw>
<status status="PASS" start="2024-05-14T20:27:53.233313" elapsed="0.282801"/>
</kw>
<kw name="Close Browser" owner="SeleniumLibrary">
<doc>Closes the current browser.</doc>
<status status="PASS" start="2024-05-14T20:27:53.516114" elapsed="2.108087"/>
</kw>
<status status="PASS" start="2024-05-14T20:27:45.981365" elapsed="9.643837"/>
</test>
<test id="s1-t5" name="Verify Login With visual user" line="30">
<kw name="Open Browser to Login" owner="resources">
<kw name="Open Browser" owner="SeleniumLibrary">
<msg time="2024-05-14T20:27:55.626199" level="INFO">Opening browser 'Chrome' to base url 'https://www.saucedemo.com/'.</msg>
<arg>${URL}</arg>
<arg>${BROWSER}</arg>
<doc>Opens a new browser instance to the optional ``url``.</doc>
<status status="PASS" start="2024-05-14T20:27:55.626199" elapsed="5.596372"/>
</kw>
<kw name="Page Should Contain Element" owner="SeleniumLibrary">
<msg time="2024-05-14T20:28:01.231024" level="INFO">Current page contains element 'id=login-button'.</msg>
<arg>id=login-button</arg>
<doc>Verifies that element ``locator`` is found on the current page.</doc>
<status status="PASS" start="2024-05-14T20:28:01.222571" elapsed="0.008453"/>
</kw>
<status status="PASS" start="2024-05-14T20:27:55.626199" elapsed="5.604825"/>
</kw>
<kw name="Login with visual user" owner="resources">
<kw name="Input Text" owner="SeleniumLibrary">
<msg time="2024-05-14T20:28:01.232053" level="INFO">Typing text 'visual_user' into text field 'id=user-name'.</msg>
<arg>id=user-name</arg>
<arg>${VISUAL_USER}</arg>
<doc>Types the given ``text`` into the text field identified by ``locator``.</doc>
<status status="PASS" start="2024-05-14T20:28:01.232053" elapsed="0.056907"/>
</kw>
<kw name="Input Text" owner="SeleniumLibrary">
<msg time="2024-05-14T20:28:01.288960" level="INFO">Typing text 'secret_sauce' into text field 'id=password'.</msg>
<arg>id=password</arg>
<arg>${PASSWORD}</arg>
<doc>Types the given ``text`` into the text field identified by ``locator``.</doc>
<status status="PASS" start="2024-05-14T20:28:01.288960" elapsed="0.043213"/>
</kw>
<kw name="Click Button" owner="SeleniumLibrary">
<msg time="2024-05-14T20:28:01.332397" level="INFO">Clicking button 'css=.btn_action'.</msg>
<arg>css=.btn_action</arg>
<doc>Clicks the button identified by ``locator``.</doc>
<status status="PASS" start="2024-05-14T20:28:01.332245" elapsed="0.051414"/>
</kw>
<kw name="Sleep" owner="BuiltIn">
<msg time="2024-05-14T20:28:03.384683" level="INFO">Slept 2 seconds.</msg>
<arg>2</arg>
<doc>Pauses the test executed for the given time.</doc>
<status status="PASS" start="2024-05-14T20:28:01.383659" elapsed="2.001024"/>
</kw>
<kw name="Element Text Should Be" owner="SeleniumLibrary">
<msg time="2024-05-14T20:28:03.384683" level="INFO">Verifying element 'class:title' contains exact text 'Products'.</msg>
<arg>class:title</arg>
<arg>Products</arg>
<doc>Verifies that element ``locator`` contains exact the text ``expected``.</doc>
<status status="PASS" start="2024-05-14T20:28:03.384683" elapsed="0.015775"/>
</kw>
<status status="PASS" start="2024-05-14T20:28:01.231024" elapsed="2.169434"/>
</kw>
<kw name="Logout the page" owner="resources">
<kw name="Click Button" owner="SeleniumLibrary">
<msg time="2024-05-14T20:28:03.400458" level="INFO">Clicking button 'id=react-burger-menu-btn'.</msg>
<arg>id=react-burger-menu-btn</arg>
<doc>Clicks the button identified by ``locator``.</doc>
<status status="PASS" start="2024-05-14T20:28:03.400458" elapsed="0.029521"/>
</kw>
<kw name="Wait Until Element Is Visible" owner="SeleniumLibrary">
<arg>id=logout_sidebar_link</arg>
<doc>Waits until the element ``locator`` is visible.</doc>
<status status="PASS" start="2024-05-14T20:28:03.429979" elapsed="0.225378"/>
</kw>
<kw name="Click Element" owner="SeleniumLibrary">
<msg time="2024-05-14T20:28:03.655357" level="INFO">Clicking element 'id=logout_sidebar_link'.</msg>
<arg>id=logout_sidebar_link</arg>
<doc>Click the element identified by ``locator``.</doc>
<status status="PASS" start="2024-05-14T20:28:03.655357" elapsed="0.024749"/>
</kw>
<kw name="Wait Until Page Contains Element" owner="SeleniumLibrary">
<arg>id=login-button</arg>
<doc>Waits until the element ``locator`` appears on the current page.</doc>
<status status="PASS" start="2024-05-14T20:28:03.680106" elapsed="0.004992"/>
</kw>
<status status="PASS" start="2024-05-14T20:28:03.400458" elapsed="0.284640"/>
</kw>
<kw name="Close Browser" owner="SeleniumLibrary">
<doc>Closes the current browser.</doc>
<status status="PASS" start="2024-05-14T20:28:03.686098" elapsed="2.096284"/>
</kw>
<status status="PASS" start="2024-05-14T20:27:55.625202" elapsed="10.158125"/>
</test>
<test id="s1-t6" name="Logout when at view detail item page with standard user" line="36">
<kw name="Open Browser to Login" owner="resources">
<kw name="Open Browser" owner="SeleniumLibrary">
<msg time="2024-05-14T20:28:05.784113" level="INFO">Opening browser 'Chrome' to base url 'https://www.saucedemo.com/'.</msg>
<arg>${URL}</arg>
<arg>${BROWSER}</arg>
<doc>Opens a new browser instance to the optional ``url``.</doc>
<status status="PASS" start="2024-05-14T20:28:05.784113" elapsed="5.735377"/>
</kw>
<kw name="Page Should Contain Element" owner="SeleniumLibrary">
<msg time="2024-05-14T20:28:11.526716" level="INFO">Current page contains element 'id=login-button'.</msg>
<arg>id=login-button</arg>
<doc>Verifies that element ``locator`` is found on the current page.</doc>
<status status="PASS" start="2024-05-14T20:28:11.519702" elapsed="0.007014"/>
</kw>
<status status="PASS" start="2024-05-14T20:28:05.784113" elapsed="5.742603"/>
</kw>
<kw name="Maximize Browser Window" owner="SeleniumLibrary">
<doc>Maximizes current browser window.</doc>
<status status="PASS" start="2024-05-14T20:28:11.526716" elapsed="0.017142"/>
</kw>
<kw name="Login with standard user" owner="resources">
<kw name="Input Text" owner="SeleniumLibrary">
<msg time="2024-05-14T20:28:11.544642" level="INFO">Typing text 'standard_user' into text field 'id=user-name'.</msg>
<arg>id=user-name</arg>
<arg>${STANDARD_USER}</arg>
<doc>Types the given ``text`` into the text field identified by ``locator``.</doc>
<status status="PASS" start="2024-05-14T20:28:11.544642" elapsed="0.071233"/>
</kw>
<kw name="Input Text" owner="SeleniumLibrary">
<msg time="2024-05-14T20:28:11.617247" level="INFO">Typing text 'secret_sauce' into text field 'id=password'.</msg>
<arg>id=password</arg>
<arg>${PASSWORD}</arg>
<doc>Types the given ``text`` into the text field identified by ``locator``.</doc>
<status status="PASS" start="2024-05-14T20:28:11.617247" elapsed="0.049396"/>
</kw>
<kw name="Click Button" owner="SeleniumLibrary">
<msg time="2024-05-14T20:28:11.666643" level="INFO">Clicking button 'css=.btn_action'.</msg>
<arg>css=.btn_action</arg>
<doc>Clicks the button identified by ``locator``.</doc>
<status status="PASS" start="2024-05-14T20:28:11.666643" elapsed="0.059208"/>
</kw>
<kw name="Sleep" owner="BuiltIn">
<msg time="2024-05-14T20:28:13.726118" level="INFO">Slept 2 seconds.</msg>
<arg>2</arg>
<doc>Pauses the test executed for the given time.</doc>
<status status="PASS" start="2024-05-14T20:28:11.725851" elapsed="2.000267"/>
</kw>
<kw name="Element Text Should Be" owner="SeleniumLibrary">
<msg time="2024-05-14T20:28:13.726118" level="INFO">Verifying element 'class:title' contains exact text 'Products'.</msg>
<arg>class:title</arg>
<arg>Products</arg>
<doc>Verifies that element ``locator`` contains exact the text ``expected``.</doc>
<status status="PASS" start="2024-05-14T20:28:13.726118" elapsed="0.015671"/>
</kw>
<status status="PASS" start="2024-05-14T20:28:11.544642" elapsed="2.197147"/>
</kw>
<kw name="Click Element" owner="SeleniumLibrary">
<msg time="2024-05-14T20:28:13.741789" level="INFO">Clicking element 'id:item_4_title_link'.</msg>
<arg>id:item_4_title_link</arg>
<doc>Click the element identified by ``locator``.</doc>
<status status="PASS" start="2024-05-14T20:28:13.741789" elapsed="0.028430"/>
</kw>
<kw name="Logout the page" owner="resources">
<kw name="Click Button" owner="SeleniumLibrary">
<msg time="2024-05-14T20:28:13.771211" level="INFO">Clicking button 'id=react-burger-menu-btn'.</msg>
<arg>id=react-burger-menu-btn</arg>
<doc>Clicks the button identified by ``locator``.</doc>
<status status="PASS" start="2024-05-14T20:28:13.771211" elapsed="0.035889"/>
</kw>
<kw name="Wait Until Element Is Visible" owner="SeleniumLibrary">
<arg>id=logout_sidebar_link</arg>
<doc>Waits until the element ``locator`` is visible.</doc>
<status status="PASS" start="2024-05-14T20:28:13.807837" elapsed="0.223406"/>
</kw>
<kw name="Click Element" owner="SeleniumLibrary">
<msg time="2024-05-14T20:28:14.031243" level="INFO">Clicking element 'id=logout_sidebar_link'.</msg>
<arg>id=logout_sidebar_link</arg>
<doc>Click the element identified by ``locator``.</doc>
<status status="PASS" start="2024-05-14T20:28:14.031243" elapsed="0.024307"/>
</kw>
<kw name="Wait Until Page Contains Element" owner="SeleniumLibrary">
<arg>id=login-button</arg>
<doc>Waits until the element ``locator`` appears on the current page.</doc>
<status status="PASS" start="2024-05-14T20:28:14.055550" elapsed="0.004670"/>
</kw>
<status status="PASS" start="2024-05-14T20:28:13.771211" elapsed="0.289009"/>
</kw>
<kw name="Login with standard user" owner="resources">
<kw name="Input Text" owner="SeleniumLibrary">
<msg time="2024-05-14T20:28:14.061217" level="INFO">Typing text 'standard_user' into text field 'id=user-name'.</msg>
<arg>id=user-name</arg>
<arg>${STANDARD_USER}</arg>
<doc>Types the given ``text`` into the text field identified by ``locator``.</doc>
<status status="PASS" start="2024-05-14T20:28:14.061217" elapsed="0.039856"/>
</kw>
<kw name="Input Text" owner="SeleniumLibrary">
<msg time="2024-05-14T20:28:14.102065" level="INFO">Typing text 'secret_sauce' into text field 'id=password'.</msg>
<arg>id=password</arg>
<arg>${PASSWORD}</arg>
<doc>Types the given ``text`` into the text field identified by ``locator``.</doc>
<status status="PASS" start="2024-05-14T20:28:14.101073" elapsed="0.044220"/>
</kw>
<kw name="Click Button" owner="SeleniumLibrary">
<msg time="2024-05-14T20:28:14.145293" level="INFO">Clicking button 'css=.btn_action'.</msg>
<arg>css=.btn_action</arg>
<doc>Clicks the button identified by ``locator``.</doc>
<status status="PASS" start="2024-05-14T20:28:14.145293" elapsed="0.029999"/>
</kw>
<kw name="Sleep" owner="BuiltIn">
<msg time="2024-05-14T20:28:16.175575" level="INFO">Slept 2 seconds.</msg>
<arg>2</arg>
<doc>Pauses the test executed for the given time.</doc>
<status status="PASS" start="2024-05-14T20:28:14.175292" elapsed="2.000283"/>
</kw>
<kw name="Element Text Should Be" owner="SeleniumLibrary">
<msg time="2024-05-14T20:28:16.175575" level="INFO">Verifying element 'class:title' contains exact text 'Products'.</msg>
<arg>class:title</arg>
<arg>Products</arg>
<doc>Verifies that element ``locator`` contains exact the text ``expected``.</doc>
<status status="PASS" start="2024-05-14T20:28:16.175575" elapsed="0.010987"/>
</kw>
<status status="PASS" start="2024-05-14T20:28:14.061217" elapsed="2.125345"/>
</kw>
<kw name="Click Element" owner="SeleniumLibrary">
<msg time="2024-05-14T20:28:16.187034" level="INFO">Clicking element 'id:item_0_title_link'.</msg>
<arg>id:item_0_title_link</arg>
<doc>Click the element identified by ``locator``.</doc>
<status status="PASS" start="2024-05-14T20:28:16.187034" elapsed="0.024894"/>
</kw>
<kw name="Logout the page" owner="resources">
<kw name="Click Button" owner="SeleniumLibrary">
<msg time="2024-05-14T20:28:16.212842" level="INFO">Clicking button 'id=react-burger-menu-btn'.</msg>
<arg>id=react-burger-menu-btn</arg>
<doc>Clicks the button identified by ``locator``.</doc>
<status status="PASS" start="2024-05-14T20:28:16.212842" elapsed="0.028920"/>
</kw>
<kw name="Wait Until Element Is Visible" owner="SeleniumLibrary">
<arg>id=logout_sidebar_link</arg>
<doc>Waits until the element ``locator`` is visible.</doc>
<status status="PASS" start="2024-05-14T20:28:16.241762" elapsed="0.217412"/>
</kw>
<kw name="Click Element" owner="SeleniumLibrary">
<msg time="2024-05-14T20:28:16.460175" level="INFO">Clicking element 'id=logout_sidebar_link'.</msg>
<arg>id=logout_sidebar_link</arg>
<doc>Click the element identified by ``locator``.</doc>
<status status="PASS" start="2024-05-14T20:28:16.459174" elapsed="0.025468"/>
</kw>
<kw name="Wait Until Page Contains Element" owner="SeleniumLibrary">
<arg>id=login-button</arg>
<doc>Waits until the element ``locator`` appears on the current page.</doc>
<status status="PASS" start="2024-05-14T20:28:16.484642" elapsed="0.004479"/>
</kw>
<status status="PASS" start="2024-05-14T20:28:16.212842" elapsed="0.276279"/>
</kw>
<kw name="Login with standard user" owner="resources">
<kw name="Input Text" owner="SeleniumLibrary">
<msg time="2024-05-14T20:28:16.490114" level="INFO">Typing text 'standard_user' into text field 'id=user-name'.</msg>
<arg>id=user-name</arg>
<arg>${STANDARD_USER}</arg>
<doc>Types the given ``text`` into the text field identified by ``locator``.</doc>
<status status="PASS" start="2024-05-14T20:28:16.490114" elapsed="0.040079"/>
</kw>
<kw name="Input Text" owner="SeleniumLibrary">
<msg time="2024-05-14T20:28:16.531228" level="INFO">Typing text 'secret_sauce' into text field 'id=password'.</msg>
<arg>id=password</arg>
<arg>${PASSWORD}</arg>
<doc>Types the given ``text`` into the text field identified by ``locator``.</doc>
<status status="PASS" start="2024-05-14T20:28:16.531228" elapsed="0.038574"/>
</kw>
<kw name="Click Button" owner="SeleniumLibrary">
<msg time="2024-05-14T20:28:16.569802" level="INFO">Clicking button 'css=.btn_action'.</msg>
<arg>css=.btn_action</arg>
<doc>Clicks the button identified by ``locator``.</doc>
<status status="PASS" start="2024-05-14T20:28:16.569802" elapsed="0.029872"/>
</kw>
<kw name="Sleep" owner="BuiltIn">
<msg time="2024-05-14T20:28:18.600678" level="INFO">Slept 2 seconds.</msg>
<arg>2</arg>
<doc>Pauses the test executed for the given time.</doc>
<status status="PASS" start="2024-05-14T20:28:16.599674" elapsed="2.001004"/>
</kw>
<kw name="Element Text Should Be" owner="SeleniumLibrary">
<msg time="2024-05-14T20:28:18.600678" level="INFO">Verifying element 'class:title' contains exact text 'Products'.</msg>
<arg>class:title</arg>
<arg>Products</arg>
<doc>Verifies that element ``locator`` contains exact the text ``expected``.</doc>
<status status="PASS" start="2024-05-14T20:28:18.600678" elapsed="0.012122"/>
</kw>
<status status="PASS" start="2024-05-14T20:28:16.490114" elapsed="2.122686"/>
</kw>
<kw name="Click Element" owner="SeleniumLibrary">
<msg time="2024-05-14T20:28:18.613808" level="INFO">Clicking element 'id:item_1_title_link'.</msg>
<arg>id:item_1_title_link</arg>
<doc>Click the element identified by ``locator``.</doc>
<status status="PASS" start="2024-05-14T20:28:18.613808" elapsed="0.026317"/>
</kw>
<kw name="Logout the page" owner="resources">
<kw name="Click Button" owner="SeleniumLibrary">
<msg time="2024-05-14T20:28:18.641395" level="INFO">Clicking button 'id=react-burger-menu-btn'.</msg>
<arg>id=react-burger-menu-btn</arg>
<doc>Clicks the button identified by ``locator``.</doc>
<status status="PASS" start="2024-05-14T20:28:18.641156" elapsed="0.028643"/>
</kw>
<kw name="Wait Until Element Is Visible" owner="SeleniumLibrary">
<arg>id=logout_sidebar_link</arg>
<doc>Waits until the element ``locator`` is visible.</doc>
<status status="PASS" start="2024-05-14T20:28:18.670795" elapsed="0.218088"/>
</kw>
<kw name="Click Element" owner="SeleniumLibrary">
<msg time="2024-05-14T20:28:18.888883" level="INFO">Clicking element 'id=logout_sidebar_link'.</msg>
<arg>id=logout_sidebar_link</arg>
<doc>Click the element identified by ``locator``.</doc>
<status status="PASS" start="2024-05-14T20:28:18.888883" elapsed="0.024876"/>
</kw>
<kw name="Wait Until Page Contains Element" owner="SeleniumLibrary">
<arg>id=login-button</arg>
<doc>Waits until the element ``locator`` appears on the current page.</doc>
<status status="PASS" start="2024-05-14T20:28:18.913759" elapsed="0.004985"/>
</kw>
<status status="PASS" start="2024-05-14T20:28:18.640125" elapsed="0.278619"/>
</kw>
<kw name="Login with standard user" owner="resources">
<kw name="Input Text" owner="SeleniumLibrary">
<msg time="2024-05-14T20:28:18.919740" level="INFO">Typing text 'standard_user' into text field 'id=user-name'.</msg>
<arg>id=user-name</arg>
<arg>${STANDARD_USER}</arg>
<doc>Types the given ``text`` into the text field identified by ``locator``.</doc>
<status status="PASS" start="2024-05-14T20:28:18.919740" elapsed="0.040480"/>
</kw>
<kw name="Input Text" owner="SeleniumLibrary">
<msg time="2024-05-14T20:28:18.960220" level="INFO">Typing text 'secret_sauce' into text field 'id=password'.</msg>
<arg>id=password</arg>
<arg>${PASSWORD}</arg>
<doc>Types the given ``text`` into the text field identified by ``locator``.</doc>
<status status="PASS" start="2024-05-14T20:28:18.960220" elapsed="0.038673"/>
</kw>
<kw name="Click Button" owner="SeleniumLibrary">
<msg time="2024-05-14T20:28:18.998893" level="INFO">Clicking button 'css=.btn_action'.</msg>
<arg>css=.btn_action</arg>
<doc>Clicks the button identified by ``locator``.</doc>
<status status="PASS" start="2024-05-14T20:28:18.998893" elapsed="0.030225"/>
</kw>
<kw name="Sleep" owner="BuiltIn">
<msg time="2024-05-14T20:28:21.030389" level="INFO">Slept 2 seconds.</msg>
<arg>2</arg>
<doc>Pauses the test executed for the given time.</doc>
<status status="PASS" start="2024-05-14T20:28:19.029305" elapsed="2.001084"/>
</kw>
<kw name="Element Text Should Be" owner="SeleniumLibrary">
<msg time="2024-05-14T20:28:21.030389" level="INFO">Verifying element 'class:title' contains exact text 'Products'.</msg>
<arg>class:title</arg>
<arg>Products</arg>
<doc>Verifies that element ``locator`` contains exact the text ``expected``.</doc>
<status status="PASS" start="2024-05-14T20:28:21.030389" elapsed="0.010752"/>
</kw>
<status status="PASS" start="2024-05-14T20:28:18.918744" elapsed="2.122397"/>
</kw>
<kw name="Click Element" owner="SeleniumLibrary">
<msg time="2024-05-14T20:28:21.042134" level="INFO">Clicking element 'id:item_5_title_link'.</msg>
<arg>id:item_5_title_link</arg>
<doc>Click the element identified by ``locator``.</doc>
<status status="PASS" start="2024-05-14T20:28:21.042134" elapsed="0.024617"/>
</kw>
<kw name="Logout the page" owner="resources">
<kw name="Click Button" owner="SeleniumLibrary">
<msg time="2024-05-14T20:28:21.067752" level="INFO">Clicking button 'id=react-burger-menu-btn'.</msg>
<arg>id=react-burger-menu-btn</arg>
<doc>Clicks the button identified by ``locator``.</doc>
<status status="PASS" start="2024-05-14T20:28:21.067752" elapsed="0.028843"/>
</kw>
<kw name="Wait Until Element Is Visible" owner="SeleniumLibrary">
<arg>id=logout_sidebar_link</arg>
<doc>Waits until the element ``locator`` is visible.</doc>
<status status="PASS" start="2024-05-14T20:28:21.097591" elapsed="0.216828"/>
</kw>
<kw name="Click Element" owner="SeleniumLibrary">
<msg time="2024-05-14T20:28:21.314419" level="INFO">Clicking element 'id=logout_sidebar_link'.</msg>
<arg>id=logout_sidebar_link</arg>
<doc>Click the element identified by ``locator``.</doc>
<status status="PASS" start="2024-05-14T20:28:21.314419" elapsed="0.023384"/>
</kw>
<kw name="Wait Until Page Contains Element" owner="SeleniumLibrary">
<arg>id=login-button</arg>
<doc>Waits until the element ``locator`` appears on the current page.</doc>
<status status="PASS" start="2024-05-14T20:28:21.337803" elapsed="0.004983"/>
</kw>
<status status="PASS" start="2024-05-14T20:28:21.067752" elapsed="0.275034"/>
</kw>
<kw name="Login with standard user" owner="resources">
<kw name="Input Text" owner="SeleniumLibrary">
<msg time="2024-05-14T20:28:21.343788" level="INFO">Typing text 'standard_user' into text field 'id=user-name'.</msg>
<arg>id=user-name</arg>
<arg>${STANDARD_USER}</arg>
<doc>Types the given ``text`` into the text field identified by ``locator``.</doc>
<status status="PASS" start="2024-05-14T20:28:21.343788" elapsed="0.040720"/>
</kw>
<kw name="Input Text" owner="SeleniumLibrary">
<msg time="2024-05-14T20:28:21.384508" level="INFO">Typing text 'secret_sauce' into text field 'id=password'.</msg>
<arg>id=password</arg>
<arg>${PASSWORD}</arg>
<doc>Types the given ``text`` into the text field identified by ``locator``.</doc>
<status status="PASS" start="2024-05-14T20:28:21.384508" elapsed="0.038434"/>
</kw>
<kw name="Click Button" owner="SeleniumLibrary">
<msg time="2024-05-14T20:28:21.423939" level="INFO">Clicking button 'css=.btn_action'.</msg>
<arg>css=.btn_action</arg>
<doc>Clicks the button identified by ``locator``.</doc>
<status status="PASS" start="2024-05-14T20:28:21.423939" elapsed="0.027639"/>
</kw>
<kw name="Sleep" owner="BuiltIn">
<msg time="2024-05-14T20:28:23.452707" level="INFO">Slept 2 seconds.</msg>
<arg>2</arg>
<doc>Pauses the test executed for the given time.</doc>
<status status="PASS" start="2024-05-14T20:28:21.452574" elapsed="2.000133"/>
</kw>
<kw name="Element Text Should Be" owner="SeleniumLibrary">
<msg time="2024-05-14T20:28:23.452707" level="INFO">Verifying element 'class:title' contains exact text 'Products'.</msg>
<arg>class:title</arg>
<arg>Products</arg>
<doc>Verifies that element ``locator`` contains exact the text ``expected``.</doc>
<status status="PASS" start="2024-05-14T20:28:23.452707" elapsed="0.011014"/>
</kw>
<status status="PASS" start="2024-05-14T20:28:21.343788" elapsed="2.119933"/>
</kw>
<kw name="Click Element" owner="SeleniumLibrary">
<msg time="2024-05-14T20:28:23.463721" level="INFO">Clicking element 'id:item_2_title_link'.</msg>
<arg>id:item_2_title_link</arg>
<doc>Click the element identified by ``locator``.</doc>
<status status="PASS" start="2024-05-14T20:28:23.463721" elapsed="0.025093"/>
</kw>
<kw name="Logout the page" owner="resources">
<kw name="Click Button" owner="SeleniumLibrary">
<msg time="2024-05-14T20:28:23.488814" level="INFO">Clicking button 'id=react-burger-menu-btn'.</msg>
<arg>id=react-burger-menu-btn</arg>
<doc>Clicks the button identified by ``locator``.</doc>
<status status="PASS" start="2024-05-14T20:28:23.488814" elapsed="0.030339"/>
</kw>
<kw name="Wait Until Element Is Visible" owner="SeleniumLibrary">
<arg>id=logout_sidebar_link</arg>
<doc>Waits until the element ``locator`` is visible.</doc>
<status status="PASS" start="2024-05-14T20:28:23.519153" elapsed="0.217005"/>
</kw>
<kw name="Click Element" owner="SeleniumLibrary">
<msg time="2024-05-14T20:28:23.736158" level="INFO">Clicking element 'id=logout_sidebar_link'.</msg>
<arg>id=logout_sidebar_link</arg>
<doc>Click the element identified by ``locator``.</doc>
<status status="PASS" start="2024-05-14T20:28:23.736158" elapsed="0.024246"/>
</kw>
<kw name="Wait Until Page Contains Element" owner="SeleniumLibrary">
<arg>id=login-button</arg>
<doc>Waits until the element ``locator`` appears on the current page.</doc>
<status status="PASS" start="2024-05-14T20:28:23.760902" elapsed="0.005379"/>
</kw>
<status status="PASS" start="2024-05-14T20:28:23.488814" elapsed="0.277467"/>
</kw>
<kw name="Login with standard user" owner="resources">
<kw name="Input Text" owner="SeleniumLibrary">
<msg time="2024-05-14T20:28:23.767279" level="INFO">Typing text 'standard_user' into text field 'id=user-name'.</msg>
<arg>id=user-name</arg>
<arg>${STANDARD_USER}</arg>
<doc>Types the given ``text`` into the text field identified by ``locator``.</doc>
<status status="PASS" start="2024-05-14T20:28:23.767279" elapsed="0.040247"/>
</kw>
<kw name="Input Text" owner="SeleniumLibrary">
<msg time="2024-05-14T20:28:23.807526" level="INFO">Typing text 'secret_sauce' into text field 'id=password'.</msg>
<arg>id=password</arg>
<arg>${PASSWORD}</arg>
<doc>Types the given ``text`` into the text field identified by ``locator``.</doc>
<status status="PASS" start="2024-05-14T20:28:23.807526" elapsed="0.038195"/>
</kw>
<kw name="Click Button" owner="SeleniumLibrary">
<msg time="2024-05-14T20:28:23.845721" level="INFO">Clicking button 'css=.btn_action'.</msg>
<arg>css=.btn_action</arg>
<doc>Clicks the button identified by ``locator``.</doc>
<status status="PASS" start="2024-05-14T20:28:23.845721" elapsed="0.027796"/>
</kw>
<kw name="Sleep" owner="BuiltIn">
<msg time="2024-05-14T20:28:25.873801" level="INFO">Slept 2 seconds.</msg>
<arg>2</arg>
<doc>Pauses the test executed for the given time.</doc>
<status status="PASS" start="2024-05-14T20:28:23.873517" elapsed="2.000284"/>
</kw>
<kw name="Element Text Should Be" owner="SeleniumLibrary">
<msg time="2024-05-14T20:28:25.873801" level="INFO">Verifying element 'class:title' contains exact text 'Products'.</msg>
<arg>class:title</arg>
<arg>Products</arg>
<doc>Verifies that element ``locator`` contains exact the text ``expected``.</doc>
<status status="PASS" start="2024-05-14T20:28:25.873801" elapsed="0.010481"/>
</kw>
<status status="PASS" start="2024-05-14T20:28:23.766281" elapsed="2.118001"/>
</kw>
<kw name="Click Element" owner="SeleniumLibrary">
<msg time="2024-05-14T20:28:25.884595" level="INFO">Clicking element 'id:item_3_title_link'.</msg>
<arg>id:item_3_title_link</arg>
<doc>Click the element identified by ``locator``.</doc>
<status status="PASS" start="2024-05-14T20:28:25.884595" elapsed="0.025796"/>
</kw>
<kw name="Logout the page" owner="resources">
<kw name="Click Button" owner="SeleniumLibrary">
<msg time="2024-05-14T20:28:25.911420" level="INFO">Clicking button 'id=react-burger-menu-btn'.</msg>
<arg>id=react-burger-menu-btn</arg>
<doc>Clicks the button identified by ``locator``.</doc>
<status status="PASS" start="2024-05-14T20:28:25.911420" elapsed="0.028728"/>
</kw>
<kw name="Wait Until Element Is Visible" owner="SeleniumLibrary">
<arg>id=logout_sidebar_link</arg>
<doc>Waits until the element ``locator`` is visible.</doc>
<status status="PASS" start="2024-05-14T20:28:25.940148" elapsed="0.217480"/>
</kw>
<kw name="Click Element" owner="SeleniumLibrary">
<msg time="2024-05-14T20:28:26.157628" level="INFO">Clicking element 'id=logout_sidebar_link'.</msg>
<arg>id=logout_sidebar_link</arg>
<doc>Click the element identified by ``locator``.</doc>
<status status="PASS" start="2024-05-14T20:28:26.157628" elapsed="0.021757"/>
</kw>
<kw name="Wait Until Page Contains Element" owner="SeleniumLibrary">
<arg>id=login-button</arg>
<doc>Waits until the element ``locator`` appears on the current page.</doc>
<status status="PASS" start="2024-05-14T20:28:26.179385" elapsed="0.004986"/>
</kw>
<status status="PASS" start="2024-05-14T20:28:25.910391" elapsed="0.273980"/>
</kw>
<kw name="Close Browser" owner="SeleniumLibrary">
<doc>Closes the current browser.</doc>
<status status="PASS" start="2024-05-14T20:28:26.185368" elapsed="2.103750"/>
</kw>
<status status="PASS" start="2024-05-14T20:28:05.784113" elapsed="22.505948"/>
</test>
<test id="s1-t7" name="Logout when at view detail item page with problem user" line="71">
<kw name="Open Browser to Login" owner="resources">
<kw name="Open Browser" owner="SeleniumLibrary">
<msg time="2024-05-14T20:28:28.290759" level="INFO">Opening browser 'Chrome' to base url 'https://www.saucedemo.com/'.</msg>
<arg>${URL}</arg>
<arg>${BROWSER}</arg>
<doc>Opens a new browser instance to the optional ``url``.</doc>
<status status="PASS" start="2024-05-14T20:28:28.290759" elapsed="5.853697"/>
</kw>
<kw name="Page Should Contain Element" owner="SeleniumLibrary">
<msg time="2024-05-14T20:28:34.153164" level="INFO">Current page contains element 'id=login-button'.</msg>
<arg>id=login-button</arg>
<doc>Verifies that element ``locator`` is found on the current page.</doc>
<status status="PASS" start="2024-05-14T20:28:34.145080" elapsed="0.008084"/>
</kw>
<status status="PASS" start="2024-05-14T20:28:28.290759" elapsed="5.862405"/>
</kw>
<kw name="Maximize Browser Window" owner="SeleniumLibrary">
<doc>Maximizes current browser window.</doc>
<status status="PASS" start="2024-05-14T20:28:34.153164" elapsed="0.024966"/>
</kw>
<kw name="Login with problem user" owner="resources">
<kw name="Input Text" owner="SeleniumLibrary">
<msg time="2024-05-14T20:28:34.178435" level="INFO">Typing text 'problem_user' into text field 'id=user-name'.</msg>
<arg>id=user-name</arg>
<arg>${PROBLEM_USER}</arg>
<doc>Types the given ``text`` into the text field identified by ``locator``.</doc>
<status status="PASS" start="2024-05-14T20:28:34.178435" elapsed="0.070941"/>
</kw>
<kw name="Input Text" owner="SeleniumLibrary">
<msg time="2024-05-14T20:28:34.249545" level="INFO">Typing text 'secret_sauce' into text field 'id=password'.</msg>
<arg>id=password</arg>
<arg>${PASSWORD}</arg>
<doc>Types the given ``text`` into the text field identified by ``locator``.</doc>
<status status="PASS" start="2024-05-14T20:28:34.249545" elapsed="0.051144"/>
</kw>
<kw name="Click Button" owner="SeleniumLibrary">
<msg time="2024-05-14T20:28:34.301095" level="INFO">Clicking button 'css=.btn_action'.</msg>
<arg>css=.btn_action</arg>
<doc>Clicks the button identified by ``locator``.</doc>
<status status="PASS" start="2024-05-14T20:28:34.300931" elapsed="0.060394"/>
</kw>
<kw name="Sleep" owner="BuiltIn">
<msg time="2024-05-14T20:28:36.361721" level="INFO">Slept 2 seconds.</msg>
<arg>2</arg>
<doc>Pauses the test executed for the given time.</doc>
<status status="PASS" start="2024-05-14T20:28:34.361325" elapsed="2.000396"/>
</kw>
<kw name="Element Text Should Be" owner="SeleniumLibrary">
<msg time="2024-05-14T20:28:36.361721" level="INFO">Verifying element 'class:title' contains exact text 'Products'.</msg>
<arg>class:title</arg>
<arg>Products</arg>
<doc>Verifies that element ``locator`` contains exact the text ``expected``.</doc>
<status status="PASS" start="2024-05-14T20:28:36.361721" elapsed="0.015409"/>
</kw>
<status status="PASS" start="2024-05-14T20:28:34.178435" elapsed="2.198695"/>
</kw>
<kw name="Click Element" owner="SeleniumLibrary">
<msg time="2024-05-14T20:28:36.377130" level="INFO">Clicking element 'id:item_4_title_link'.</msg>
<arg>id:item_4_title_link</arg>
<doc>Click the element identified by ``locator``.</doc>
<status status="PASS" start="2024-05-14T20:28:36.377130" elapsed="0.029167"/>
</kw>
<kw name="Logout the page" owner="resources">
<kw name="Click Button" owner="SeleniumLibrary">
<msg time="2024-05-14T20:28:36.407295" level="INFO">Clicking button 'id=react-burger-menu-btn'.</msg>
<arg>id=react-burger-menu-btn</arg>
<doc>Clicks the button identified by ``locator``.</doc>
<status status="PASS" start="2024-05-14T20:28:36.406793" elapsed="0.034827"/>
</kw>
<kw name="Wait Until Element Is Visible" owner="SeleniumLibrary">
<arg>id=logout_sidebar_link</arg>
<doc>Waits until the element ``locator`` is visible.</doc>
<status status="PASS" start="2024-05-14T20:28:36.441620" elapsed="0.227591"/>
</kw>
<kw name="Click Element" owner="SeleniumLibrary">
<msg time="2024-05-14T20:28:36.670483" level="INFO">Clicking element 'id=logout_sidebar_link'.</msg>
<arg>id=logout_sidebar_link</arg>
<doc>Click the element identified by ``locator``.</doc>
<status status="PASS" start="2024-05-14T20:28:36.669211" elapsed="0.027505"/>
</kw>
<kw name="Wait Until Page Contains Element" owner="SeleniumLibrary">
<arg>id=login-button</arg>
<doc>Waits until the element ``locator`` appears on the current page.</doc>
<status status="PASS" start="2024-05-14T20:28:36.696716" elapsed="0.006208"/>
</kw>
<status status="PASS" start="2024-05-14T20:28:36.406793" elapsed="0.296601"/>
</kw>
<kw name="Login with problem user" owner="resources">
<kw name="Input Text" owner="SeleniumLibrary">
<msg time="2024-05-14T20:28:36.703773" level="INFO">Typing text 'problem_user' into text field 'id=user-name'.</msg>
<arg>id=user-name</arg>
<arg>${PROBLEM_USER}</arg>
<doc>Types the given ``text`` into the text field identified by ``locator``.</doc>
<status status="PASS" start="2024-05-14T20:28:36.703773" elapsed="0.041135"/>
</kw>
<kw name="Input Text" owner="SeleniumLibrary">
<msg time="2024-05-14T20:28:36.745910" level="INFO">Typing text 'secret_sauce' into text field 'id=password'.</msg>
<arg>id=password</arg>
<arg>${PASSWORD}</arg>
<doc>Types the given ``text`` into the text field identified by ``locator``.</doc>
<status status="PASS" start="2024-05-14T20:28:36.744908" elapsed="0.039465"/>
</kw>
<kw name="Click Button" owner="SeleniumLibrary">
<msg time="2024-05-14T20:28:36.784373" level="INFO">Clicking button 'css=.btn_action'.</msg>
<arg>css=.btn_action</arg>
<doc>Clicks the button identified by ``locator``.</doc>
<status status="PASS" start="2024-05-14T20:28:36.784373" elapsed="0.028759"/>
</kw>
<kw name="Sleep" owner="BuiltIn">
<msg time="2024-05-14T20:28:38.814242" level="INFO">Slept 2 seconds.</msg>
<arg>2</arg>
<doc>Pauses the test executed for the given time.</doc>
<status status="PASS" start="2024-05-14T20:28:36.813629" elapsed="2.000613"/>
</kw>
<kw name="Element Text Should Be" owner="SeleniumLibrary">
<msg time="2024-05-14T20:28:38.814721" level="INFO">Verifying element 'class:title' contains exact text 'Products'.</msg>
<arg>class:title</arg>
<arg>Products</arg>
<doc>Verifies that element ``locator`` contains exact the text ``expected``.</doc>
<status status="PASS" start="2024-05-14T20:28:38.814242" elapsed="0.008678"/>
</kw>
<status status="PASS" start="2024-05-14T20:28:36.703773" elapsed="2.119147"/>
</kw>
<kw name="Click Element" owner="SeleniumLibrary">
<msg time="2024-05-14T20:28:38.823616" level="INFO">Clicking element 'id:item_0_title_link'.</msg>
<arg>id:item_0_title_link</arg>
<doc>Click the element identified by ``locator``.</doc>
<status status="PASS" start="2024-05-14T20:28:38.823570" elapsed="0.024719"/>
</kw>
<kw name="Logout the page" owner="resources">
<kw name="Click Button" owner="SeleniumLibrary">
<msg time="2024-05-14T20:28:38.849053" level="INFO">Clicking button 'id=react-burger-menu-btn'.</msg>
<arg>id=react-burger-menu-btn</arg>
<doc>Clicks the button identified by ``locator``.</doc>
<status status="PASS" start="2024-05-14T20:28:38.848972" elapsed="0.030058"/>
</kw>
<kw name="Wait Until Element Is Visible" owner="SeleniumLibrary">
<arg>id=logout_sidebar_link</arg>
<doc>Waits until the element ``locator`` is visible.</doc>
<status status="PASS" start="2024-05-14T20:28:38.879030" elapsed="0.216663"/>
</kw>
<kw name="Click Element" owner="SeleniumLibrary">
<msg time="2024-05-14T20:28:39.095693" level="INFO">Clicking element 'id=logout_sidebar_link'.</msg>
<arg>id=logout_sidebar_link</arg>
<doc>Click the element identified by ``locator``.</doc>
<status status="PASS" start="2024-05-14T20:28:39.095693" elapsed="0.024379"/>
</kw>
<kw name="Wait Until Page Contains Element" owner="SeleniumLibrary">
<arg>id=login-button</arg>
<doc>Waits until the element ``locator`` appears on the current page.</doc>
<status status="PASS" start="2024-05-14T20:28:39.121073" elapsed="0.004713"/>
</kw>
<status status="PASS" start="2024-05-14T20:28:38.848457" elapsed="0.277329"/>
</kw>
<kw name="Login with problem user" owner="resources">
<kw name="Input Text" owner="SeleniumLibrary">
<msg time="2024-05-14T20:28:39.126815" level="INFO">Typing text 'problem_user' into text field 'id=user-name'.</msg>
<arg>id=user-name</arg>
<arg>${PROBLEM_USER}</arg>
<doc>Types the given ``text`` into the text field identified by ``locator``.</doc>
<status status="PASS" start="2024-05-14T20:28:39.125786" elapsed="0.040412"/>
</kw>
<kw name="Input Text" owner="SeleniumLibrary">
<msg time="2024-05-14T20:28:39.166198" level="INFO">Typing text 'secret_sauce' into text field 'id=password'.</msg>
<arg>id=password</arg>
<arg>${PASSWORD}</arg>
<doc>Types the given ``text`` into the text field identified by ``locator``.</doc>
<status status="PASS" start="2024-05-14T20:28:39.166198" elapsed="0.039557"/>
</kw>
<kw name="Click Button" owner="SeleniumLibrary">
<msg time="2024-05-14T20:28:39.205755" level="INFO">Clicking button 'css=.btn_action'.</msg>
<arg>css=.btn_action</arg>
<doc>Clicks the button identified by ``locator``.</doc>
<status status="PASS" start="2024-05-14T20:28:39.205755" elapsed="0.028164"/>
</kw>
<kw name="Sleep" owner="BuiltIn">
<msg time="2024-05-14T20:28:41.234168" level="INFO">Slept 2 seconds.</msg>
<arg>2</arg>
<doc>Pauses the test executed for the given time.</doc>
<status status="PASS" start="2024-05-14T20:28:39.233919" elapsed="2.000249"/>
</kw>
<kw name="Element Text Should Be" owner="SeleniumLibrary">
<msg time="2024-05-14T20:28:41.234168" level="INFO">Verifying element 'class:title' contains exact text 'Products'.</msg>
<arg>class:title</arg>
<arg>Products</arg>
<doc>Verifies that element ``locator`` contains exact the text ``expected``.</doc>
<status status="PASS" start="2024-05-14T20:28:41.234168" elapsed="0.010402"/>
</kw>
<status status="PASS" start="2024-05-14T20:28:39.125786" elapsed="2.118784"/>
</kw>
<kw name="Click Element" owner="SeleniumLibrary">
<msg time="2024-05-14T20:28:41.244570" level="INFO">Clicking element 'id:item_1_title_link'.</msg>
<arg>id:item_1_title_link</arg>
<doc>Click the element identified by ``locator``.</doc>
<status status="PASS" start="2024-05-14T20:28:41.244570" elapsed="0.025537"/>
</kw>
<kw name="Logout the page" owner="resources">
<kw name="Click Button" owner="SeleniumLibrary">
<msg time="2024-05-14T20:28:41.270518" level="INFO">Clicking button 'id=react-burger-menu-btn'.</msg>
<arg>id=react-burger-menu-btn</arg>
<doc>Clicks the button identified by ``locator``.</doc>
<status status="PASS" start="2024-05-14T20:28:41.270518" elapsed="0.030530"/>
</kw>
<kw name="Wait Until Element Is Visible" owner="SeleniumLibrary">
<arg>id=logout_sidebar_link</arg>
<doc>Waits until the element ``locator`` is visible.</doc>
<status status="PASS" start="2024-05-14T20:28:41.301048" elapsed="0.215613"/>
</kw>
<kw name="Click Element" owner="SeleniumLibrary">
<msg time="2024-05-14T20:28:41.517158" level="INFO">Clicking element 'id=logout_sidebar_link'.</msg>
<arg>id=logout_sidebar_link</arg>
<doc>Click the element identified by ``locator``.</doc>
<status status="PASS" start="2024-05-14T20:28:41.516661" elapsed="0.030083"/>
</kw>
<kw name="Wait Until Page Contains Element" owner="SeleniumLibrary">
<arg>id=login-button</arg>
<doc>Waits until the element ``locator`` appears on the current page.</doc>
<status status="PASS" start="2024-05-14T20:28:41.547121" elapsed="0.005390"/>
</kw>
<status status="PASS" start="2024-05-14T20:28:41.270518" elapsed="0.281993"/>
</kw>
<kw name="Login with problem user" owner="resources">
<kw name="Input Text" owner="SeleniumLibrary">
<msg time="2024-05-14T20:28:41.554402" level="INFO">Typing text 'problem_user' into text field 'id=user-name'.</msg>
<arg>id=user-name</arg>
<arg>${PROBLEM_USER}</arg>
<doc>Types the given ``text`` into the text field identified by ``locator``.</doc>
<status status="PASS" start="2024-05-14T20:28:41.553974" elapsed="0.040531"/>
</kw>
<kw name="Input Text" owner="SeleniumLibrary">
<msg time="2024-05-14T20:28:41.595002" level="INFO">Typing text 'secret_sauce' into text field 'id=password'.</msg>
<arg>id=password</arg>
<arg>${PASSWORD}</arg>
<doc>Types the given ``text`` into the text field identified by ``locator``.</doc>
<status status="PASS" start="2024-05-14T20:28:41.595002" elapsed="0.038252"/>
</kw>
<kw name="Click Button" owner="SeleniumLibrary">
<msg time="2024-05-14T20:28:41.633633" level="INFO">Clicking button 'css=.btn_action'.</msg>
<arg>css=.btn_action</arg>
<doc>Clicks the button identified by ``locator``.</doc>
<status status="PASS" start="2024-05-14T20:28:41.633490" elapsed="0.039250"/>
</kw>
<kw name="Sleep" owner="BuiltIn">
<msg time="2024-05-14T20:28:43.673190" level="INFO">Slept 2 seconds.</msg>
<arg>2</arg>
<doc>Pauses the test executed for the given time.</doc>
<status status="PASS" start="2024-05-14T20:28:41.672929" elapsed="2.000261"/>
</kw>
<kw name="Element Text Should Be" owner="SeleniumLibrary">
<msg time="2024-05-14T20:28:43.673190" level="INFO">Verifying element 'class:title' contains exact text 'Products'.</msg>
<arg>class:title</arg>
<arg>Products</arg>
<doc>Verifies that element ``locator`` contains exact the text ``expected``.</doc>
<status status="PASS" start="2024-05-14T20:28:43.673190" elapsed="0.010772"/>
</kw>
<status status="PASS" start="2024-05-14T20:28:41.553974" elapsed="2.129988"/>
</kw>
<kw name="Click Element" owner="SeleniumLibrary">
<msg time="2024-05-14T20:28:43.683962" level="INFO">Clicking element 'id:item_5_title_link'.</msg>
<arg>id:item_5_title_link</arg>
<doc>Click the element identified by ``locator``.</doc>
<status status="PASS" start="2024-05-14T20:28:43.683962" elapsed="0.025603"/>
</kw>
<kw name="Logout the page" owner="resources">
<kw name="Click Button" owner="SeleniumLibrary">
<msg time="2024-05-14T20:28:43.710476" level="INFO">Clicking button 'id=react-burger-menu-btn'.</msg>
<arg>id=react-burger-menu-btn</arg>
<doc>Clicks the button identified by ``locator``.</doc>
<status status="PASS" start="2024-05-14T20:28:43.710476" elapsed="0.026850"/>
</kw>
<kw name="Wait Until Element Is Visible" owner="SeleniumLibrary">
<arg>id=logout_sidebar_link</arg>
<doc>Waits until the element ``locator`` is visible.</doc>
<status status="PASS" start="2024-05-14T20:28:43.738346" elapsed="0.217659"/>
</kw>
<kw name="Click Element" owner="SeleniumLibrary">
<msg time="2024-05-14T20:28:43.956005" level="INFO">Clicking element 'id=logout_sidebar_link'.</msg>
<arg>id=logout_sidebar_link</arg>
<doc>Click the element identified by ``locator``.</doc>
<status status="PASS" start="2024-05-14T20:28:43.956005" elapsed="0.021280"/>
</kw>
<kw name="Wait Until Page Contains Element" owner="SeleniumLibrary">
<arg>id=login-button</arg>
<doc>Waits until the element ``locator`` appears on the current page.</doc>
<status status="PASS" start="2024-05-14T20:28:43.977285" elapsed="0.005251"/>
</kw>
<status status="PASS" start="2024-05-14T20:28:43.710476" elapsed="0.272060"/>
</kw>
<kw name="Login with problem user" owner="resources">
<kw name="Input Text" owner="SeleniumLibrary">
<msg time="2024-05-14T20:28:43.983566" level="INFO">Typing text 'problem_user' into text field 'id=user-name'.</msg>
<arg>id=user-name</arg>
<arg>${PROBLEM_USER}</arg>
<doc>Types the given ``text`` into the text field identified by ``locator``.</doc>
<status status="PASS" start="2024-05-14T20:28:43.983566" elapsed="0.039477"/>
</kw>
<kw name="Input Text" owner="SeleniumLibrary">
<msg time="2024-05-14T20:28:44.023043" level="INFO">Typing text 'secret_sauce' into text field 'id=password'.</msg>
<arg>id=password</arg>
<arg>${PASSWORD}</arg>
<doc>Types the given ``text`` into the text field identified by ``locator``.</doc>
<status status="PASS" start="2024-05-14T20:28:44.023043" elapsed="0.038868"/>
</kw>
<kw name="Click Button" owner="SeleniumLibrary">
<msg time="2024-05-14T20:28:44.062913" level="INFO">Clicking button 'css=.btn_action'.</msg>
<arg>css=.btn_action</arg>
<doc>Clicks the button identified by ``locator``.</doc>
<status status="PASS" start="2024-05-14T20:28:44.061911" elapsed="0.028948"/>
</kw>
<kw name="Sleep" owner="BuiltIn">
<msg time="2024-05-14T20:28:46.091139" level="INFO">Slept 2 seconds.</msg>
<arg>2</arg>
<doc>Pauses the test executed for the given time.</doc>
<status status="PASS" start="2024-05-14T20:28:44.090859" elapsed="2.000280"/>
</kw>
<kw name="Element Text Should Be" owner="SeleniumLibrary">
<msg time="2024-05-14T20:28:46.091139" level="INFO">Verifying element 'class:title' contains exact text 'Products'.</msg>
<arg>class:title</arg>
<arg>Products</arg>
<doc>Verifies that element ``locator`` contains exact the text ``expected``.</doc>
<status status="PASS" start="2024-05-14T20:28:46.091139" elapsed="0.010755"/>
</kw>
<status status="PASS" start="2024-05-14T20:28:43.982536" elapsed="2.119358"/>
</kw>
<kw name="Click Element" owner="SeleniumLibrary">
<msg time="2024-05-14T20:28:46.101894" level="INFO">Clicking element 'id:item_2_title_link'.</msg>
<arg>id:item_2_title_link</arg>
<doc>Click the element identified by ``locator``.</doc>
<status status="PASS" start="2024-05-14T20:28:46.101894" elapsed="0.025391"/>
</kw>
<kw name="Logout the page" owner="resources">
<kw name="Click Button" owner="SeleniumLibrary">
<msg time="2024-05-14T20:28:46.127967" level="INFO">Clicking button 'id=react-burger-menu-btn'.</msg>
<arg>id=react-burger-menu-btn</arg>
<doc>Clicks the button identified by ``locator``.</doc>
<status status="PASS" start="2024-05-14T20:28:46.127967" elapsed="0.029394"/>
</kw>
<kw name="Wait Until Element Is Visible" owner="SeleniumLibrary">
<arg>id=logout_sidebar_link</arg>
<doc>Waits until the element ``locator`` is visible.</doc>
<status status="PASS" start="2024-05-14T20:28:46.158377" elapsed="0.217926"/>
</kw>
<kw name="Click Element" owner="SeleniumLibrary">
<msg time="2024-05-14T20:28:46.376303" level="INFO">Clicking element 'id=logout_sidebar_link'.</msg>
<arg>id=logout_sidebar_link</arg>
<doc>Click the element identified by ``locator``.</doc>
<status status="PASS" start="2024-05-14T20:28:46.376303" elapsed="0.020924"/>
</kw>
<kw name="Wait Until Page Contains Element" owner="SeleniumLibrary">
<arg>id=login-button</arg>
<doc>Waits until the element ``locator`` appears on the current page.</doc>
<status status="PASS" start="2024-05-14T20:28:46.397227" elapsed="0.005191"/>
</kw>
<status status="PASS" start="2024-05-14T20:28:46.127967" elapsed="0.274451"/>
</kw>
<kw name="Login with problem user" owner="resources">
<kw name="Input Text" owner="SeleniumLibrary">
<msg time="2024-05-14T20:28:46.403452" level="INFO">Typing text 'problem_user' into text field 'id=user-name'.</msg>
<arg>id=user-name</arg>
<arg>${PROBLEM_USER}</arg>
<doc>Types the given ``text`` into the text field identified by ``locator``.</doc>
<status status="PASS" start="2024-05-14T20:28:46.403452" elapsed="0.038774"/>
</kw>
<kw name="Input Text" owner="SeleniumLibrary">
<msg time="2024-05-14T20:28:46.442723" level="INFO">Typing text 'secret_sauce' into text field 'id=password'.</msg>
<arg>id=password</arg>
<arg>${PASSWORD}</arg>
<doc>Types the given ``text`` into the text field identified by ``locator``.</doc>
<status status="PASS" start="2024-05-14T20:28:46.442723" elapsed="0.037781"/>
</kw>
<kw name="Click Button" owner="SeleniumLibrary">
<msg time="2024-05-14T20:28:46.480504" level="INFO">Clicking button 'css=.btn_action'.</msg>
<arg>css=.btn_action</arg>
<doc>Clicks the button identified by ``locator``.</doc>
<status status="PASS" start="2024-05-14T20:28:46.480504" elapsed="0.029474"/>
</kw>
<kw name="Sleep" owner="BuiltIn">
<msg time="2024-05-14T20:28:48.510697" level="INFO">Slept 2 seconds.</msg>
<arg>2</arg>
<doc>Pauses the test executed for the given time.</doc>
<status status="PASS" start="2024-05-14T20:28:46.510475" elapsed="2.000222"/>
</kw>
<kw name="Element Text Should Be" owner="SeleniumLibrary">
<msg time="2024-05-14T20:28:48.510697" level="INFO">Verifying element 'class:title' contains exact text 'Products'.</msg>
<arg>class:title</arg>
<arg>Products</arg>
<doc>Verifies that element ``locator`` contains exact the text ``expected``.</doc>
<status status="PASS" start="2024-05-14T20:28:48.510697" elapsed="0.011415"/>
</kw>
<status status="PASS" start="2024-05-14T20:28:46.403452" elapsed="2.118660"/>
</kw>
<kw name="Click Element" owner="SeleniumLibrary">
<msg time="2024-05-14T20:28:48.522112" level="INFO">Clicking element 'id:item_3_title_link'.</msg>
<arg>id:item_3_title_link</arg>
<doc>Click the element identified by ``locator``.</doc>
<status status="PASS" start="2024-05-14T20:28:48.522112" elapsed="0.026756"/>
</kw>
<kw name="Logout the page" owner="resources">
<kw name="Click Button" owner="SeleniumLibrary">
<msg time="2024-05-14T20:28:48.549184" level="INFO">Clicking button 'id=react-burger-menu-btn'.</msg>
<arg>id=react-burger-menu-btn</arg>
<doc>Clicks the button identified by ``locator``.</doc>
<status status="PASS" start="2024-05-14T20:28:48.549184" elapsed="0.028374"/>
</kw>
<kw name="Wait Until Element Is Visible" owner="SeleniumLibrary">
<arg>id=logout_sidebar_link</arg>
<doc>Waits until the element ``locator`` is visible.</doc>
<status status="PASS" start="2024-05-14T20:28:48.578055" elapsed="0.217108"/>
</kw>
<kw name="Click Element" owner="SeleniumLibrary">
<msg time="2024-05-14T20:28:48.795163" level="INFO">Clicking element 'id=logout_sidebar_link'.</msg>
<arg>id=logout_sidebar_link</arg>
<doc>Click the element identified by ``locator``.</doc>
<status status="PASS" start="2024-05-14T20:28:48.795163" elapsed="0.020357"/>
</kw>
<kw name="Wait Until Page Contains Element" owner="SeleniumLibrary">
<arg>id=login-button</arg>
<doc>Waits until the element ``locator`` appears on the current page.</doc>
<status status="PASS" start="2024-05-14T20:28:48.816517" elapsed="0.004777"/>
</kw>
<status status="PASS" start="2024-05-14T20:28:48.549184" elapsed="0.272110"/>
</kw>
<kw name="Close Browser" owner="SeleniumLibrary">
<doc>Closes the current browser.</doc>
<status status="PASS" start="2024-05-14T20:28:48.821294" elapsed="2.113208"/>
</kw>
<status status="PASS" start="2024-05-14T20:28:28.290759" elapsed="22.644568"/>
</test>
<test id="s1-t8" name="Logout when at view detail item page with error user" line="106">
<kw name="Open Browser to Login" owner="resources">
<kw name="Open Browser" owner="SeleniumLibrary">
<msg time="2024-05-14T20:28:50.936614" level="INFO">Opening browser 'Chrome' to base url 'https://www.saucedemo.com/'.</msg>
<arg>${URL}</arg>
<arg>${BROWSER}</arg>
<doc>Opens a new browser instance to the optional ``url``.</doc>
<status status="PASS" start="2024-05-14T20:28:50.936614" elapsed="5.992035"/>
</kw>
<kw name="Page Should Contain Element" owner="SeleniumLibrary">
<msg time="2024-05-14T20:28:56.936343" level="INFO">Current page contains element 'id=login-button'.</msg>
<arg>id=login-button</arg>
<doc>Verifies that element ``locator`` is found on the current page.</doc>
<status status="PASS" start="2024-05-14T20:28:56.929013" elapsed="0.007330"/>
</kw>
<status status="PASS" start="2024-05-14T20:28:50.936614" elapsed="5.999729"/>
</kw>
<kw name="Maximize Browser Window" owner="SeleniumLibrary">
<doc>Maximizes current browser window.</doc>
<status status="PASS" start="2024-05-14T20:28:56.936844" elapsed="0.015308"/>
</kw>
<kw name="Login with error user" owner="resources">
<kw name="Input Text" owner="SeleniumLibrary">
<msg time="2024-05-14T20:28:56.953634" level="INFO">Typing text 'error_user' into text field 'id=user-name'.</msg>
<arg>id=user-name</arg>
<arg>${ERROR_USER}</arg>
<doc>Types the given ``text`` into the text field identified by ``locator``.</doc>
<status status="PASS" start="2024-05-14T20:28:56.952152" elapsed="0.072076"/>
</kw>
<kw name="Input Text" owner="SeleniumLibrary">
<msg time="2024-05-14T20:28:57.024724" level="INFO">Typing text 'secret_sauce' into text field 'id=password'.</msg>
<arg>id=password</arg>
<arg>${PASSWORD}</arg>
<doc>Types the given ``text`` into the text field identified by ``locator``.</doc>
<status status="PASS" start="2024-05-14T20:28:57.024724" elapsed="0.048669"/>
</kw>
<kw name="Click Button" owner="SeleniumLibrary">
<msg time="2024-05-14T20:28:57.073393" level="INFO">Clicking button 'css=.btn_action'.</msg>
<arg>css=.btn_action</arg>
<doc>Clicks the button identified by ``locator``.</doc>
<status status="PASS" start="2024-05-14T20:28:57.073393" elapsed="0.060543"/>
</kw>
<kw name="Sleep" owner="BuiltIn">
<msg time="2024-05-14T20:28:59.135809" level="INFO">Slept 2 seconds.</msg>
<arg>2</arg>
<doc>Pauses the test executed for the given time.</doc>
<status status="PASS" start="2024-05-14T20:28:57.134933" elapsed="2.000876"/>
</kw>
<kw name="Element Text Should Be" owner="SeleniumLibrary">
<msg time="2024-05-14T20:28:59.135809" level="INFO">Verifying element 'class:title' contains exact text 'Products'.</msg>
<arg>class:title</arg>
<arg>Products</arg>
<doc>Verifies that element ``locator`` contains exact the text ``expected``.</doc>
<status status="PASS" start="2024-05-14T20:28:59.135809" elapsed="0.015132"/>
</kw>
<status status="PASS" start="2024-05-14T20:28:56.952152" elapsed="2.198789"/>
</kw>
<kw name="Click Element" owner="SeleniumLibrary">
<msg time="2024-05-14T20:28:59.151307" level="INFO">Clicking element 'id:item_4_title_link'.</msg>
<arg>id:item_4_title_link</arg>
<doc>Click the element identified by ``locator``.</doc>
<status status="PASS" start="2024-05-14T20:28:59.151307" elapsed="0.030555"/>
</kw>
<kw name="Logout the page" owner="resources">
<kw name="Click Button" owner="SeleniumLibrary">
<msg time="2024-05-14T20:28:59.183280" level="INFO">Clicking button 'id=react-burger-menu-btn'.</msg>
<arg>id=react-burger-menu-btn</arg>
<doc>Clicks the button identified by ``locator``.</doc>
<status status="PASS" start="2024-05-14T20:28:59.182783" elapsed="0.035370"/>
</kw>
<kw name="Wait Until Element Is Visible" owner="SeleniumLibrary">
<arg>id=logout_sidebar_link</arg>
<doc>Waits until the element ``locator`` is visible.</doc>
<status status="PASS" start="2024-05-14T20:28:59.218856" elapsed="0.223351"/>
</kw>
<kw name="Click Element" owner="SeleniumLibrary">
<msg time="2024-05-14T20:28:59.443204" level="INFO">Clicking element 'id=logout_sidebar_link'.</msg>
<arg>id=logout_sidebar_link</arg>
<doc>Click the element identified by ``locator``.</doc>
<status status="PASS" start="2024-05-14T20:28:59.442207" elapsed="0.024933"/>
</kw>
<kw name="Wait Until Page Contains Element" owner="SeleniumLibrary">
<arg>id=login-button</arg>
<doc>Waits until the element ``locator`` appears on the current page.</doc>
<status status="PASS" start="2024-05-14T20:28:59.467140" elapsed="0.005424"/>
</kw>
<status status="PASS" start="2024-05-14T20:28:59.182783" elapsed="0.289781"/>
</kw>
<kw name="Login with error user" owner="resources">
<kw name="Input Text" owner="SeleniumLibrary">
<msg time="2024-05-14T20:28:59.473561" level="INFO">Typing text 'error_user' into text field 'id=user-name'.</msg>
<arg>id=user-name</arg>
<arg>${ERROR_USER}</arg>
<doc>Types the given ``text`` into the text field identified by ``locator``.</doc>
<status status="PASS" start="2024-05-14T20:28:59.473561" elapsed="0.052342"/>
</kw>
<kw name="Input Text" owner="SeleniumLibrary">
<msg time="2024-05-14T20:28:59.525903" level="INFO">Typing text 'secret_sauce' into text field 'id=password'.</msg>
<arg>id=password</arg>
<arg>${PASSWORD}</arg>
<doc>Types the given ``text`` into the text field identified by ``locator``.</doc>
<status status="PASS" start="2024-05-14T20:28:59.525903" elapsed="0.043288"/>
</kw>
<kw name="Click Button" owner="SeleniumLibrary">
<msg time="2024-05-14T20:28:59.569359" level="INFO">Clicking button 'css=.btn_action'.</msg>
<arg>css=.btn_action</arg>
<doc>Clicks the button identified by ``locator``.</doc>
<status status="PASS" start="2024-05-14T20:28:59.569359" elapsed="0.029244"/>
</kw>
<kw name="Sleep" owner="BuiltIn">
<msg time="2024-05-14T20:29:01.600518" level="INFO">Slept 2 seconds.</msg>
<arg>2</arg>
<doc>Pauses the test executed for the given time.</doc>
<status status="PASS" start="2024-05-14T20:28:59.599623" elapsed="2.000895"/>
</kw>
<kw name="Element Text Should Be" owner="SeleniumLibrary">
<msg time="2024-05-14T20:29:01.600518" level="INFO">Verifying element 'class:title' contains exact text 'Products'.</msg>
<arg>class:title</arg>
<arg>Products</arg>
<doc>Verifies that element ``locator`` contains exact the text ``expected``.</doc>
<status status="PASS" start="2024-05-14T20:29:01.600518" elapsed="0.011870"/>
</kw>
<status status="PASS" start="2024-05-14T20:28:59.473561" elapsed="2.138827"/>
</kw>
<kw name="Click Element" owner="SeleniumLibrary">
<msg time="2024-05-14T20:29:01.612388" level="INFO">Clicking element 'id:item_0_title_link'.</msg>
<arg>id:item_0_title_link</arg>
<doc>Click the element identified by ``locator``.</doc>
<status status="PASS" start="2024-05-14T20:29:01.612388" elapsed="0.026426"/>
</kw>
<kw name="Logout the page" owner="resources">
<kw name="Click Button" owner="SeleniumLibrary">
<msg time="2024-05-14T20:29:01.638814" level="INFO">Clicking button 'id=react-burger-menu-btn'.</msg>
<arg>id=react-burger-menu-btn</arg>
<doc>Clicks the button identified by ``locator``.</doc>
<status status="PASS" start="2024-05-14T20:29:01.638814" elapsed="0.028862"/>
</kw>
<kw name="Wait Until Element Is Visible" owner="SeleniumLibrary">
<arg>id=logout_sidebar_link</arg>
<doc>Waits until the element ``locator`` is visible.</doc>
<status status="PASS" start="2024-05-14T20:29:01.668189" elapsed="0.216309"/>
</kw>
<kw name="Click Element" owner="SeleniumLibrary">
<msg time="2024-05-14T20:29:01.884498" level="INFO">Clicking element 'id=logout_sidebar_link'.</msg>
<arg>id=logout_sidebar_link</arg>
<doc>Click the element identified by ``locator``.</doc>
<status status="PASS" start="2024-05-14T20:29:01.884498" elapsed="0.024039"/>
</kw>
<kw name="Wait Until Page Contains Element" owner="SeleniumLibrary">
<arg>id=login-button</arg>
<doc>Waits until the element ``locator`` appears on the current page.</doc>
<status status="PASS" start="2024-05-14T20:29:01.908537" elapsed="0.004671"/>
</kw>
<status status="PASS" start="2024-05-14T20:29:01.638814" elapsed="0.275391"/>
</kw>
<kw name="Login with error user" owner="resources">
<kw name="Input Text" owner="SeleniumLibrary">
<msg time="2024-05-14T20:29:01.914205" level="INFO">Typing text 'error_user' into text field 'id=user-name'.</msg>
<arg>id=user-name</arg>
<arg>${ERROR_USER}</arg>
<doc>Types the given ``text`` into the text field identified by ``locator``.</doc>
<status status="PASS" start="2024-05-14T20:29:01.914205" elapsed="0.039586"/>
</kw>
<kw name="Input Text" owner="SeleniumLibrary">
<msg time="2024-05-14T20:29:01.954289" level="INFO">Typing text 'secret_sauce' into text field 'id=password'.</msg>
<arg>id=password</arg>
<arg>${PASSWORD}</arg>
<doc>Types the given ``text`` into the text field identified by ``locator``.</doc>
<status status="PASS" start="2024-05-14T20:29:01.954289" elapsed="0.038989"/>
</kw>
<kw name="Click Button" owner="SeleniumLibrary">
<msg time="2024-05-14T20:29:01.993278" level="INFO">Clicking button 'css=.btn_action'.</msg>
<arg>css=.btn_action</arg>
<doc>Clicks the button identified by ``locator``.</doc>
<status status="PASS" start="2024-05-14T20:29:01.993278" elapsed="0.029339"/>
</kw>
<kw name="Sleep" owner="BuiltIn">
<msg time="2024-05-14T20:29:04.022756" level="INFO">Slept 2 seconds.</msg>
<arg>2</arg>
<doc>Pauses the test executed for the given time.</doc>
<status status="PASS" start="2024-05-14T20:29:02.022617" elapsed="2.000139"/>
</kw>
<kw name="Element Text Should Be" owner="SeleniumLibrary">
<msg time="2024-05-14T20:29:04.022756" level="INFO">Verifying element 'class:title' contains exact text 'Products'.</msg>
<arg>class:title</arg>
<arg>Products</arg>
<doc>Verifies that element ``locator`` contains exact the text ``expected``.</doc>
<status status="PASS" start="2024-05-14T20:29:04.022756" elapsed="0.010145"/>
</kw>
<status status="PASS" start="2024-05-14T20:29:01.914205" elapsed="2.118696"/>
</kw>
<kw name="Click Element" owner="SeleniumLibrary">
<msg time="2024-05-14T20:29:04.033893" level="INFO">Clicking element 'id:item_1_title_link'.</msg>
<arg>id:item_1_title_link</arg>
<doc>Click the element identified by ``locator``.</doc>
<status status="PASS" start="2024-05-14T20:29:04.033893" elapsed="0.026639"/>
</kw>
<kw name="Logout the page" owner="resources">
<kw name="Click Button" owner="SeleniumLibrary">
<msg time="2024-05-14T20:29:04.061576" level="INFO">Clicking button 'id=react-burger-menu-btn'.</msg>
<arg>id=react-burger-menu-btn</arg>
<doc>Clicks the button identified by ``locator``.</doc>
<status status="PASS" start="2024-05-14T20:29:04.061576" elapsed="0.029997"/>
</kw>
<kw name="Wait Until Element Is Visible" owner="SeleniumLibrary">
<arg>id=logout_sidebar_link</arg>
<doc>Waits until the element ``locator`` is visible.</doc>
<status status="PASS" start="2024-05-14T20:29:04.091573" elapsed="0.219626"/>
</kw>
<kw name="Click Element" owner="SeleniumLibrary">
<msg time="2024-05-14T20:29:04.311199" level="INFO">Clicking element 'id=logout_sidebar_link'.</msg>
<arg>id=logout_sidebar_link</arg>
<doc>Click the element identified by ``locator``.</doc>
<status status="PASS" start="2024-05-14T20:29:04.311199" elapsed="0.023245"/>
</kw>
<kw name="Wait Until Page Contains Element" owner="SeleniumLibrary">
<arg>id=login-button</arg>
<doc>Waits until the element ``locator`` appears on the current page.</doc>
<status status="PASS" start="2024-05-14T20:29:04.334444" elapsed="0.005019"/>
</kw>
<status status="PASS" start="2024-05-14T20:29:04.060532" elapsed="0.278931"/>
</kw>
<kw name="Login with error user" owner="resources">
<kw name="Input Text" owner="SeleniumLibrary">
<msg time="2024-05-14T20:29:04.340426" level="INFO">Typing text 'error_user' into text field 'id=user-name'.</msg>
<arg>id=user-name</arg>
<arg>${ERROR_USER}</arg>
<doc>Types the given ``text`` into the text field identified by ``locator``.</doc>
<status status="PASS" start="2024-05-14T20:29:04.340426" elapsed="0.037966"/>
</kw>
<kw name="Input Text" owner="SeleniumLibrary">
<msg time="2024-05-14T20:29:04.378392" level="INFO">Typing text 'secret_sauce' into text field 'id=password'.</msg>
<arg>id=password</arg>
<arg>${PASSWORD}</arg>
<doc>Types the given ``text`` into the text field identified by ``locator``.</doc>
[...]
</kw>
<kw name="Page Should Contain" owner="SeleniumLibrary">
<msg time="2024-05-14T20:33:57.278348" level="INFO">Current page contains text 'Checkout: Complete!'.</msg>
<arg>Checkout: Complete!</arg>
<doc>Verifies that current page contains ``text``.</doc>
<status status="PASS" start="2024-05-14T20:33:57.270840" elapsed="0.007508"/>
</kw>
<kw name="Element Text Should Be" owner="SeleniumLibrary">
<msg time="2024-05-14T20:33:57.278348" level="INFO">Verifying element 'class=complete-header' contains exact text 'Thank you for your order!'.</msg>
<arg>class=complete-header</arg>
<arg>Thank you for your order!</arg>
<doc>Verifies that element ``locator`` contains exact the text ``expected``.</doc>
<status status="PASS" start="2024-05-14T20:33:57.278348" elapsed="0.010637"/>
</kw>
<kw name="Element Text Should Be" owner="SeleniumLibrary">
<msg time="2024-05-14T20:33:57.289482" level="INFO">Verifying element 'class=complete-text' contains exact text 'Your order has been dispatched, and will arrive just as fast as the pony can get there!'.</msg>
<arg>class=complete-text</arg>
<arg>Your order has been dispatched, and will arrive just as fast as the pony can get there!</arg>
<doc>Verifies that element ``locator`` contains exact the text ``expected``.</doc>
<status status="PASS" start="2024-05-14T20:33:57.289482" elapsed="0.009127"/>
</kw>
<kw name="Page Should Contain Element" owner="SeleniumLibrary">
<msg time="2024-05-14T20:33:57.304451" level="INFO">Current page contains element 'xpath://*[@id="checkout_complete_container"]/img'.</msg>
<arg>xpath://*[@id="checkout_complete_container"]/img</arg>
<doc>Verifies that element ``locator`` is found on the current page.</doc>
<status status="PASS" start="2024-05-14T20:33:57.298609" elapsed="0.005842"/>
</kw>
<kw name="Element Text Should Be" owner="SeleniumLibrary">
<msg time="2024-05-14T20:33:57.304451" level="INFO">Verifying element 'id:back-to-products' contains exact text 'Back Home'.</msg>
<arg>id:back-to-products</arg>
<arg>Back Home</arg>
<doc>Verifies that element ``locator`` contains exact the text ``expected``.</doc>
<status status="PASS" start="2024-05-14T20:33:57.304451" elapsed="0.008959"/>
</kw>
<status status="PASS" start="2024-05-14T20:33:57.234164" elapsed="0.079246"/>
</kw>
<kw name="Logout the page" owner="resources">
<kw name="Click Button" owner="SeleniumLibrary">
<msg time="2024-05-14T20:33:57.313758" level="INFO">Clicking button 'id=react-burger-menu-btn'.</msg>
<arg>id=react-burger-menu-btn</arg>
<doc>Clicks the button identified by ``locator``.</doc>
<status status="PASS" start="2024-05-14T20:33:57.313758" elapsed="0.028782"/>
</kw>
<kw name="Wait Until Element Is Visible" owner="SeleniumLibrary">
<arg>id=logout_sidebar_link</arg>
<doc>Waits until the element ``locator`` is visible.</doc>
<status status="PASS" start="2024-05-14T20:33:57.342540" elapsed="0.225138"/>
</kw>
<kw name="Click Element" owner="SeleniumLibrary">
<msg time="2024-05-14T20:33:57.567678" level="INFO">Clicking element 'id=logout_sidebar_link'.</msg>
<arg>id=logout_sidebar_link</arg>
<doc>Click the element identified by ``locator``.</doc>
<status status="PASS" start="2024-05-14T20:33:57.567678" elapsed="0.024025"/>
</kw>
<kw name="Wait Until Page Contains Element" owner="SeleniumLibrary">
<arg>id=login-button</arg>
<doc>Waits until the element ``locator`` appears on the current page.</doc>
<status status="PASS" start="2024-05-14T20:33:57.592700" elapsed="0.004719"/>
</kw>
<status status="PASS" start="2024-05-14T20:33:57.313758" elapsed="0.283661"/>
</kw>
<kw name="Close Browser" owner="SeleniumLibrary">
<doc>Closes the current browser.</doc>
<status status="PASS" start="2024-05-14T20:33:57.597419" elapsed="2.111783"/>
</kw>
<status status="PASS" start="2024-05-14T20:33:49.992223" elapsed="9.717959"/>
</test>
<test id="s1-t27" name="Logout when at checkout complete page with performance glitch user" line="422">
<kw name="Open Browser to Login" owner="resources">
<kw name="Open Browser" owner="SeleniumLibrary">
<msg time="2024-05-14T20:33:59.711678" level="INFO">Opening browser 'Chrome' to base url 'https://www.saucedemo.com/'.</msg>
<arg>${URL}</arg>
<arg>${BROWSER}</arg>
<doc>Opens a new browser instance to the optional ``url``.</doc>
<status status="PASS" start="2024-05-14T20:33:59.711678" elapsed="5.931325"/>
</kw>
<kw name="Page Should Contain Element" owner="SeleniumLibrary">
<msg time="2024-05-14T20:34:05.651601" level="INFO">Current page contains element 'id=login-button'.</msg>
<arg>id=login-button</arg>
<doc>Verifies that element ``locator`` is found on the current page.</doc>
<status status="PASS" start="2024-05-14T20:34:05.643003" elapsed="0.008598"/>
</kw>
<status status="PASS" start="2024-05-14T20:33:59.711678" elapsed="5.939923"/>
</kw>
<kw name="Maximize Browser Window" owner="SeleniumLibrary">
<doc>Maximizes current browser window.</doc>
<status status="PASS" start="2024-05-14T20:34:05.651601" elapsed="0.028063"/>
</kw>
<kw name="Login with performance glitch user" owner="resources">
<kw name="Input Text" owner="SeleniumLibrary">
<msg time="2024-05-14T20:34:05.680798" level="INFO">Typing text 'performance_glitch_user' into text field 'id=user-name'.</msg>
<arg>id=user-name</arg>
<arg>${PERFORMANCE_GLITCH_USER}</arg>
<doc>Types the given ``text`` into the text field identified by ``locator``.</doc>
<status status="PASS" start="2024-05-14T20:34:05.680439" elapsed="0.071707"/>
</kw>
<kw name="Input Text" owner="SeleniumLibrary">
<msg time="2024-05-14T20:34:05.753142" level="INFO">Typing text 'secret_sauce' into text field 'id=password'.</msg>
<arg>id=password</arg>
<arg>${PASSWORD}</arg>
<doc>Types the given ``text`` into the text field identified by ``locator``.</doc>
<status status="PASS" start="2024-05-14T20:34:05.753142" elapsed="0.049964"/>
</kw>
<kw name="Click Button" owner="SeleniumLibrary">
<msg time="2024-05-14T20:34:05.804101" level="INFO">Clicking button 'css=.btn_action'.</msg>
<arg>css=.btn_action</arg>
<doc>Clicks the button identified by ``locator``.</doc>
<status status="PASS" start="2024-05-14T20:34:05.803106" elapsed="5.058063"/>
</kw>
<kw name="Sleep" owner="BuiltIn">
<msg time="2024-05-14T20:34:15.862482" level="INFO">Slept 5 seconds.</msg>
<arg>5</arg>
<doc>Pauses the test executed for the given time.</doc>
<status status="PASS" start="2024-05-14T20:34:10.861666" elapsed="5.000816"/>
</kw>
<kw name="Element Text Should Be" owner="SeleniumLibrary">
<msg time="2024-05-14T20:34:15.862482" level="INFO">Verifying element 'class:title' contains exact text 'Products'.</msg>
<arg>class:title</arg>
<arg>Products</arg>
<doc>Verifies that element ``locator`` contains exact the text ``expected``.</doc>
<status status="PASS" start="2024-05-14T20:34:15.862482" elapsed="0.014056"/>
</kw>
<status status="PASS" start="2024-05-14T20:34:05.679942" elapsed="10.196596"/>
</kw>
<kw name="Go to cart" owner="resources">
<kw name="Click Element" owner="SeleniumLibrary">
<msg time="2024-05-14T20:34:15.876538" level="INFO">Clicking element 'xpath://*[@id="shopping_cart_container"]/a'.</msg>
<arg>xpath://*[@id="shopping_cart_container"]/a</arg>
<doc>Click the element identified by ``locator``.</doc>
<status status="PASS" start="2024-05-14T20:34:15.876538" elapsed="0.029411"/>
</kw>
<kw name="Verify Cart page" owner="resources">
<kw name="Element Text Should Be" owner="SeleniumLibrary">
<msg time="2024-05-14T20:34:15.905949" level="INFO">Verifying element 'xpath://*[@id="header_container"]/div[2]/span' contains exact text 'Your Cart'.</msg>
<arg>xpath://*[@id="header_container"]/div[2]/span</arg>
<arg>Your Cart</arg>
<doc>Verifies that element ``locator`` contains exact the text ``expected``.</doc>
<status status="PASS" start="2024-05-14T20:34:15.905949" elapsed="0.012819"/>
</kw>
<kw name="Page Should Contain Element" owner="SeleniumLibrary">
<msg time="2024-05-14T20:34:15.924797" level="INFO">Current page contains element 'id:checkout'.</msg>
<arg>id:checkout</arg>
<doc>Verifies that element ``locator`` is found on the current page.</doc>
<status status="PASS" start="2024-05-14T20:34:15.918768" elapsed="0.006029"/>
</kw>
<kw name="Page Should Contain Element" owner="SeleniumLibrary">
<msg time="2024-05-14T20:34:15.930384" level="INFO">Current page contains element 'id:continue-shopping'.</msg>
<arg>id:continue-shopping</arg>
<doc>Verifies that element ``locator`` is found on the current page.</doc>
<status status="PASS" start="2024-05-14T20:34:15.924797" elapsed="0.005587"/>
</kw>
<kw name="Page Should Contain" owner="SeleniumLibrary">
<msg time="2024-05-14T20:34:15.937696" level="INFO">Current page contains text 'QTY'.</msg>
<arg>QTY</arg>
<doc>Verifies that current page contains ``text``.</doc>
<status status="PASS" start="2024-05-14T20:34:15.930384" elapsed="0.007312"/>
</kw>
<kw name="Page Should Contain" owner="SeleniumLibrary">
<msg time="2024-05-14T20:34:15.945030" level="INFO">Current page contains text 'Description'.</msg>
<arg>Description</arg>
<doc>Verifies that current page contains ``text``.</doc>
<status status="PASS" start="2024-05-14T20:34:15.937696" elapsed="0.007334"/>
</kw>
<status status="PASS" start="2024-05-14T20:34:15.905949" elapsed="0.039081"/>
</kw>
<status status="PASS" start="2024-05-14T20:34:15.876538" elapsed="0.068492"/>
</kw>
<kw name="Go to checkout page" owner="resources">
<kw name="Click Button" owner="SeleniumLibrary">
<msg time="2024-05-14T20:34:15.945030" level="INFO">Clicking button 'id=checkout'.</msg>
<arg>id=checkout</arg>
<doc>Clicks the button identified by ``locator``.</doc>
<status status="PASS" start="2024-05-14T20:34:15.945030" elapsed="0.030545"/>
</kw>
<status status="PASS" start="2024-05-14T20:34:15.945030" elapsed="0.030545"/>
</kw>
<kw name="Fill in info for Checkout" owner="resources">
<kw name="Input Text" owner="SeleniumLibrary">
<msg time="2024-05-14T20:34:15.976686" level="INFO">Typing text 'John' into text field 'id=first-name'.</msg>
<arg>id=first-name</arg>
<arg>${first_name}</arg>
<doc>Types the given ``text`` into the text field identified by ``locator``.</doc>
<status status="PASS" start="2024-05-14T20:34:15.976190" elapsed="0.046709"/>
</kw>
<kw name="Input Text" owner="SeleniumLibrary">
<msg time="2024-05-14T20:34:16.023902" level="INFO">Typing text 'Doe' into text field 'id=last-name'.</msg>
<arg>id=last-name</arg>
<arg>${last_name}</arg>
<doc>Types the given ``text`` into the text field identified by ``locator``.</doc>
<status status="PASS" start="2024-05-14T20:34:16.022899" elapsed="0.043750"/>
</kw>
<kw name="Input Text" owner="SeleniumLibrary">
<msg time="2024-05-14T20:34:16.066649" level="INFO">Typing text '707' into text field 'id=postal-code'.</msg>
<arg>id=postal-code</arg>
<arg>${postal_code}</arg>
<doc>Types the given ``text`` into the text field identified by ``locator``.</doc>
<status status="PASS" start="2024-05-14T20:34:16.066649" elapsed="0.049095"/>
</kw>
<arg>John</arg>
<arg>Doe</arg>
<arg>707</arg>
<status status="PASS" start="2024-05-14T20:34:15.976190" elapsed="0.140051"/>
</kw>
<kw name="Verify Checkout Page" owner="resources">
<kw name="Element Text Should Be" owner="SeleniumLibrary">
<msg time="2024-05-14T20:34:16.116515" level="INFO">Verifying element 'class=title' contains exact text 'Checkout: Your Information'.</msg>
<arg>class=title</arg>
<arg>Checkout: Your Information</arg>
<doc>Verifies that element ``locator`` contains exact the text ``expected``.</doc>
<status status="PASS" start="2024-05-14T20:34:16.116515" elapsed="0.008855"/>
</kw>
<kw name="Page Should Contain Element" owner="SeleniumLibrary">
<msg time="2024-05-14T20:34:16.129563" level="INFO">Current page contains element 'id:first-name'.</msg>
<arg>id:first-name</arg>
<doc>Verifies that element ``locator`` is found on the current page.</doc>
<status status="PASS" start="2024-05-14T20:34:16.125370" elapsed="0.004193"/>
</kw>
<kw name="Page Should Contain Element" owner="SeleniumLibrary">
<msg time="2024-05-14T20:34:16.133263" level="INFO">Current page contains element 'id:last-name'.</msg>
<arg>id:last-name</arg>
<doc>Verifies that element ``locator`` is found on the current page.</doc>
<status status="PASS" start="2024-05-14T20:34:16.129646" elapsed="0.003617"/>
</kw>
<kw name="Page Should Contain Element" owner="SeleniumLibrary">
<msg time="2024-05-14T20:34:16.136784" level="INFO">Current page contains element 'id:postal-code'.</msg>
<arg>id:postal-code</arg>
<doc>Verifies that element ``locator`` is found on the current page.</doc>
<status status="PASS" start="2024-05-14T20:34:16.133263" elapsed="0.003521"/>
</kw>
<kw name="Element Attribute Value Should Be" owner="SeleniumLibrary">
<msg time="2024-05-14T20:34:16.144078" level="INFO">Element 'id:first-name' attribute 'placeholder' contains value 'First Name'.</msg>
<arg>id:first-name</arg>
<arg>placeholder</arg>
<arg>First Name</arg>
<doc>Verifies element identified by ``locator`` contains expected attribute value.</doc>
<status status="PASS" start="2024-05-14T20:34:16.136784" elapsed="0.007294"/>
</kw>
<kw name="Element Attribute Value Should Be" owner="SeleniumLibrary">
<msg time="2024-05-14T20:34:16.150828" level="INFO">Element 'id:last-name' attribute 'placeholder' contains value 'Last Name'.</msg>
<arg>id:last-name</arg>
<arg>placeholder</arg>
<arg>Last Name</arg>
<doc>Verifies element identified by ``locator`` contains expected attribute value.</doc>
<status status="PASS" start="2024-05-14T20:34:16.144078" elapsed="0.006750"/>
</kw>
<kw name="Element Attribute Value Should Be" owner="SeleniumLibrary">
<msg time="2024-05-14T20:34:16.157034" level="INFO">Element 'id:postal-code' attribute 'placeholder' contains value 'Zip/Postal Code'.</msg>
<arg>id:postal-code</arg>
<arg>placeholder</arg>
<arg>Zip/Postal Code</arg>
<doc>Verifies element identified by ``locator`` contains expected attribute value.</doc>
<status status="PASS" start="2024-05-14T20:34:16.150828" elapsed="0.006206"/>
</kw>
<kw name="Page Should Contain Element" owner="SeleniumLibrary">
<msg time="2024-05-14T20:34:16.162962" level="INFO">Current page contains element 'id:continue'.</msg>
<arg>id:continue</arg>
<doc>Verifies that element ``locator`` is found on the current page.</doc>
<status status="PASS" start="2024-05-14T20:34:16.157034" elapsed="0.005928"/>
</kw>
<kw name="Page Should Contain Element" owner="SeleniumLibrary">
<msg time="2024-05-14T20:34:16.168772" level="INFO">Current page contains element 'id:cancel'.</msg>
<arg>id:cancel</arg>
<doc>Verifies that element ``locator`` is found on the current page.</doc>
<status status="PASS" start="2024-05-14T20:34:16.162962" elapsed="0.005810"/>
</kw>
<status status="PASS" start="2024-05-14T20:34:16.116515" elapsed="0.052257"/>
</kw>
<kw name="Go continue" owner="resources">
<kw name="Click Button" owner="SeleniumLibrary">
<msg time="2024-05-14T20:34:16.168772" level="INFO">Clicking button 'id=continue'.</msg>
<arg>id=continue</arg>
<doc>Clicks the button identified by ``locator``.</doc>
<status status="PASS" start="2024-05-14T20:34:16.168772" elapsed="0.034967"/>
</kw>
<status status="PASS" start="2024-05-14T20:34:16.168772" elapsed="0.034967"/>
</kw>
<kw name="Go finish" owner="resources">
<kw name="Click Button" owner="SeleniumLibrary">
<msg time="2024-05-14T20:34:16.204671" level="INFO">Clicking button 'id=finish'.</msg>
<arg>id=finish</arg>
<doc>Clicks the button identified by ``locator``.</doc>
<status status="PASS" start="2024-05-14T20:34:16.204671" elapsed="0.036464"/>
</kw>
<kw name="Page Should Contain" owner="SeleniumLibrary">
<msg time="2024-05-14T20:34:16.249624" level="INFO">Current page contains text 'Checkout: Complete!'.</msg>
<arg>Checkout: Complete!</arg>
<doc>Verifies that current page contains ``text``.</doc>
<status status="PASS" start="2024-05-14T20:34:16.241135" elapsed="0.008489"/>
</kw>
<kw name="Element Text Should Be" owner="SeleniumLibrary">
<msg time="2024-05-14T20:34:16.250273" level="INFO">Verifying element 'class=complete-header' contains exact text 'Thank you for your order!'.</msg>
<arg>class=complete-header</arg>
<arg>Thank you for your order!</arg>
<doc>Verifies that element ``locator`` contains exact the text ``expected``.</doc>
<status status="PASS" start="2024-05-14T20:34:16.250122" elapsed="0.010709"/>
</kw>
<kw name="Element Text Should Be" owner="SeleniumLibrary">
<msg time="2024-05-14T20:34:16.261333" level="INFO">Verifying element 'class=complete-text' contains exact text 'Your order has been dispatched, and will arrive just as fast as the pony can get there!'.</msg>
<arg>class=complete-text</arg>
<arg>Your order has been dispatched, and will arrive just as fast as the pony can get there!</arg>
<doc>Verifies that element ``locator`` contains exact the text ``expected``.</doc>
<status status="PASS" start="2024-05-14T20:34:16.260831" elapsed="0.009594"/>
</kw>
<kw name="Page Should Contain Element" owner="SeleniumLibrary">
<msg time="2024-05-14T20:34:16.276200" level="INFO">Current page contains element 'xpath://*[@id="checkout_complete_container"]/img'.</msg>
<arg>xpath://*[@id="checkout_complete_container"]/img</arg>
<doc>Verifies that element ``locator`` is found on the current page.</doc>
<status status="PASS" start="2024-05-14T20:34:16.270425" elapsed="0.005775"/>
</kw>
<kw name="Element Text Should Be" owner="SeleniumLibrary">
<msg time="2024-05-14T20:34:16.276702" level="INFO">Verifying element 'id:back-to-products' contains exact text 'Back Home'.</msg>
<arg>id:back-to-products</arg>
<arg>Back Home</arg>
<doc>Verifies that element ``locator`` contains exact the text ``expected``.</doc>
<status status="PASS" start="2024-05-14T20:34:16.276200" elapsed="0.010220"/>
</kw>
<status status="PASS" start="2024-05-14T20:34:16.204174" elapsed="0.082246"/>
</kw>
<kw name="Logout the page" owner="resources">
<kw name="Click Button" owner="SeleniumLibrary">
<msg time="2024-05-14T20:34:16.287443" level="INFO">Clicking button 'id=react-burger-menu-btn'.</msg>
<arg>id=react-burger-menu-btn</arg>
<doc>Clicks the button identified by ``locator``.</doc>
<status status="PASS" start="2024-05-14T20:34:16.286420" elapsed="0.030549"/>
</kw>
<kw name="Wait Until Element Is Visible" owner="SeleniumLibrary">
<arg>id=logout_sidebar_link</arg>
<doc>Waits until the element ``locator`` is visible.</doc>
<status status="PASS" start="2024-05-14T20:34:16.316969" elapsed="0.224999"/>
</kw>
<kw name="Click Element" owner="SeleniumLibrary">
<msg time="2024-05-14T20:34:16.541968" level="INFO">Clicking element 'id=logout_sidebar_link'.</msg>
<arg>id=logout_sidebar_link</arg>
<doc>Click the element identified by ``locator``.</doc>
<status status="PASS" start="2024-05-14T20:34:16.541968" elapsed="0.025529"/>
</kw>
<kw name="Wait Until Page Contains Element" owner="SeleniumLibrary">
<arg>id=login-button</arg>
<doc>Waits until the element ``locator`` appears on the current page.</doc>
<status status="PASS" start="2024-05-14T20:34:16.567497" elapsed="0.005125"/>
</kw>
<status status="PASS" start="2024-05-14T20:34:16.286420" elapsed="0.286202"/>
</kw>
<kw name="Close Browser" owner="SeleniumLibrary">
<doc>Closes the current browser.</doc>
<status status="PASS" start="2024-05-14T20:34:16.573385" elapsed="2.101646"/>
</kw>
<status status="PASS" start="2024-05-14T20:33:59.711199" elapsed="18.964833"/>
</test>
<status status="PASS" start="2024-05-14T20:27:07.363384" elapsed="431.313993"/>
</suite>
<statistics>
<total>
<stat pass="27" fail="0" skip="0">All Tests</stat>
</total>
<tag>
</tag>
<suite>
<stat pass="27" fail="0" skip="0" id="s1" name="Logout Test">Logout Test</stat>
</suite>
</statistics>
<errors>
</errors>
</robot>
